This file contains any messages produced by compilers while
running configure, to aid debugging if configure makes a mistake.

It was created by APR Coin Core configure 1.1.0, which was
generated by GNU Autoconf 2.69.  Invocation command line was

  $ ./configure --disable-tests --disable-zmq --enable-upnp --disable-shared

## --------- ##
## Platform. ##
## --------- ##

hostname = ip-172-31-9-41
uname -m = x86_64
uname -r = 4.4.0-1052-aws
uname -s = Linux
uname -v = #61-Ubuntu SMP Mon Feb 12 23:05:58 UTC 2018

/usr/bin/uname -p = unknown
/bin/uname -X     = unknown

/bin/arch              = unknown
/usr/bin/arch -k       = unknown
/usr/convex/getsysinfo = unknown
/usr/bin/hostinfo      = unknown
/bin/machine           = unknown
/usr/bin/oslevel       = unknown
/bin/universe          = unknown

PATH: /home/ubuntu/bin
PATH: /home/ubuntu/.local/bin
PATH: /usr/local/sbin
PATH: /usr/local/bin
PATH: /usr/sbin
PATH: /usr/bin
PATH: /sbin
PATH: /bin
PATH: /usr/games
PATH: /usr/local/games
PATH: /snap/bin


## ----------- ##
## Core tests. ##
## ----------- ##

configure:2841: loading site script /home/ubuntu/apr/depends/x86_64-linux-gnu/share/config.site
| depends_prefix="`dirname ${ac_site_file}`/.."
| 
| cross_compiling=maybe
| host_alias=x86_64-linux-gnu
| ac_tool_prefix=${host_alias}-
| 
| if test -z $with_boost; then
|   with_boost=$depends_prefix
| fi
| if test -z $with_qt_plugindir; then
|   with_qt_plugindir=$depends_prefix/plugins
| fi
| if test -z $with_qt_translationdir; then
|   with_qt_translationdir=$depends_prefix/translations
| fi
| if test -z $with_qt_bindir && test -z ""; then
|   with_qt_bindir=$depends_prefix/native/bin
| fi
| if test -z $with_protoc_bindir && test -z ""; then
|   with_protoc_bindir=$depends_prefix/native/bin
| fi
| 
| 
| if test -z $enable_wallet && test -n ""; then
|   enable_wallet=no
| fi
| 
| if test -z $with_miniupnpc && test -n ""; then
|   with_miniupnpc=no
| fi
| 
| if test -z $with_gui && test -n ""; then
|   with_gui=no
| fi
| 
| if test xlinux = xdarwin; then
|   BREW=no
|   PORT=no
| fi
| 
| if test xlinux = xmingw32; then
|   if test -z $with_qt_incdir; then
|     with_qt_incdir=$depends_prefix/include
|   fi
|   if test -z $with_qt_libdir; then
|     with_qt_libdir=$depends_prefix/lib
|   fi
| fi
| 
| PATH=$depends_prefix/native/bin:$PATH
| PKG_CONFIG="`which pkg-config` --static"
| 
| # These two need to remain exported because pkg-config does not see them
| # otherwise. That means they must be unexported at the end of configure.ac to
| # avoid ruining the cache. Sigh.
| export PKG_CONFIG_PATH=$depends_prefix/share/pkgconfig:$depends_prefix/lib/pkgconfig
| if test -z ""; then
|   export PKGCONFIG_LIBDIR=
| fi
| 
| CPPFLAGS="-I$depends_prefix/include/ $CPPFLAGS"
| LDFLAGS="-L$depends_prefix/lib $LDFLAGS"
| 
| CC="gcc -m64"
| CXX="g++ -m64"
| OBJC="${CC}"
| CCACHE=$depends_prefix/native/bin/ccache
| PYTHONPATH=$depends_prefix/native/lib/python/dist-packages:$PYTHONPATH
| 
| if test -n "ar"; then
|   AR=ar
|   ac_cv_path_ac_pt_AR=${AR}
| fi
| 
| if test -n "ranlib"; then
|   RANLIB=ranlib
|   ac_cv_path_ac_pt_RANLIB=${RANLIB}
| fi
| 
| if test -n "nm"; then
|   NM=nm
|   ac_cv_path_ac_pt_NM=${NM}
| fi
| 
| if test -n ""; then
|   enable_reduce_exports=no
| fi
| 
| if test -n "-pipe -O2"; then
|   CFLAGS="-pipe -O2 $CFLAGS"
| fi
| if test -n "-pipe -O2"; then
|   CXXFLAGS="-pipe -O2 $CXXFLAGS"
| fi
| if test -n ""; then
|   CPPFLAGS=" $CPPFLAGS"
| fi
| if test -n ""; then
|   LDFLAGS=" $LDFLAGS"
| fi
configure:2980: checking build system type
configure:2994: result: x86_64-pc-linux-gnu
configure:3014: checking host system type
configure:3027: result: x86_64-pc-linux-gnu
configure:3070: checking for a BSD-compatible install
configure:3138: result: /usr/bin/install -c
configure:3149: checking whether build environment is sane
configure:3204: result: yes
configure:3263: checking for x86_64-linux-gnu-strip
configure:3279: found /usr/bin/x86_64-linux-gnu-strip
configure:3290: result: x86_64-linux-gnu-strip
configure:3355: checking for a thread-safe mkdir -p
configure:3394: result: /bin/mkdir -p
configure:3401: checking for gawk
configure:3417: found /usr/bin/gawk
configure:3428: result: gawk
configure:3439: checking whether make sets $(MAKE)
configure:3461: result: yes
configure:3490: checking whether make supports nested variables
configure:3507: result: yes
configure:3626: checking whether to enable maintainer-specific portions of Makefiles
configure:3635: result: yes
configure:3660: checking whether make supports nested variables
configure:3677: result: yes
configure:3806: checking for C++ compiler version
configure:3815: g++ -m64 --version >&5
g++ (Ubuntu 5.4.0-6ubuntu1~16.04.9) 5.4.0 20160609
Copyright (C) 2015 Free Software Foundation, Inc.
This is free software; see the source for copying conditions.  There is NO
warranty; not even for MERCHANTABILITY or FITNESS FOR A PARTICULAR PURPOSE.

configure:3826: $? = 0
configure:3815: g++ -m64 -v >&5
Using built-in specs.
COLLECT_GCC=g++
COLLECT_LTO_WRAPPER=/usr/lib/gcc/x86_64-linux-gnu/5/lto-wrapper
Target: x86_64-linux-gnu
Configured with: ../src/configure -v --with-pkgversion='Ubuntu 5.4.0-6ubuntu1~16.04.9' --with-bugurl=file:///usr/share/doc/gcc-5/README.Bugs --enable-languages=c,ada,c++,java,go,d,fortran,objc,obj-c++ --prefix=/usr --program-suffix=-5 --enable-shared --enable-linker-build-id --libexecdir=/usr/lib --without-included-gettext --enable-threads=posix --libdir=/usr/lib --enable-nls --with-sysroot=/ --enable-clocale=gnu --enable-libstdcxx-debug --enable-libstdcxx-time=yes --with-default-libstdcxx-abi=new --enable-gnu-unique-object --disable-vtable-verify --enable-libmpx --enable-plugin --with-system-zlib --disable-browser-plugin --enable-java-awt=gtk --enable-gtk-cairo --with-java-home=/usr/lib/jvm/java-1.5.0-gcj-5-amd64/jre --enable-java-home --with-jvm-root-dir=/usr/lib/jvm/java-1.5.0-gcj-5-amd64 --with-jvm-jar-dir=/usr/lib/jvm-exports/java-1.5.0-gcj-5-amd64 --with-arch-directory=amd64 --with-ecj-jar=/usr/share/java/eclipse-ecj.jar --enable-objc-gc --enable-multiarch --disable-werror --with-arch-32=i686 --with-abi=m64 --with-multilib-list=m32,m64,mx32 --enable-multilib --with-tune=generic --enable-checking=release --build=x86_64-linux-gnu --host=x86_64-linux-gnu --target=x86_64-linux-gnu
Thread model: posix
gcc version 5.4.0 20160609 (Ubuntu 5.4.0-6ubuntu1~16.04.9) 
configure:3826: $? = 0
configure:3815: g++ -m64 -V >&5
g++: error: unrecognized command line option '-V'
g++: fatal error: no input files
compilation terminated.
configure:3826: $? = 1
configure:3815: g++ -m64 -qversion >&5
g++: error: unrecognized command line option '-qversion'
g++: fatal error: no input files
compilation terminated.
configure:3826: $? = 1
configure:3846: checking whether the C++ compiler works
configure:3868: g++ -m64 -pipe -O2  -I/home/ubuntu/apr/depends/x86_64-linux-gnu/share/../include/  -L/home/ubuntu/apr/depends/x86_64-linux-gnu/share/../lib  conftest.cpp  >&5
configure:3872: $? = 0
configure:3920: result: yes
configure:3923: checking for C++ compiler default output file name
configure:3925: result: a.out
configure:3931: checking for suffix of executables
configure:3938: g++ -m64 -o conftest -pipe -O2  -I/home/ubuntu/apr/depends/x86_64-linux-gnu/share/../include/  -L/home/ubuntu/apr/depends/x86_64-linux-gnu/share/../lib  conftest.cpp  >&5
configure:3942: $? = 0
configure:3964: result: 
configure:3986: checking whether we are cross compiling
configure:3994: g++ -m64 -o conftest -pipe -O2  -I/home/ubuntu/apr/depends/x86_64-linux-gnu/share/../include/  -L/home/ubuntu/apr/depends/x86_64-linux-gnu/share/../lib  conftest.cpp  >&5
configure:3998: $? = 0
configure:4005: ./conftest
configure:4009: $? = 0
configure:4024: result: no
configure:4029: checking for suffix of object files
configure:4051: g++ -m64 -c -pipe -O2  -I/home/ubuntu/apr/depends/x86_64-linux-gnu/share/../include/  conftest.cpp >&5
configure:4055: $? = 0
configure:4076: result: o
configure:4080: checking whether we are using the GNU C++ compiler
configure:4099: g++ -m64 -c -pipe -O2  -I/home/ubuntu/apr/depends/x86_64-linux-gnu/share/../include/  conftest.cpp >&5
configure:4099: $? = 0
configure:4108: result: yes
configure:4117: checking whether g++ -m64 accepts -g
configure:4137: g++ -m64 -c -g -I/home/ubuntu/apr/depends/x86_64-linux-gnu/share/../include/  conftest.cpp >&5
configure:4137: $? = 0
configure:4178: result: yes
configure:4212: checking for style of include used by make
configure:4240: result: GNU
configure:4266: checking dependency style of g++ -m64
configure:4377: result: gcc3
configure:4406: checking whether g++ -m64 supports C++11 features by default
configure:4700: g++ -m64 -c -pipe -O2  -I/home/ubuntu/apr/depends/x86_64-linux-gnu/share/../include/  conftest.cpp >&5
conftest.cpp:20:2: error: #error "This is not a C++11 compiler"
 #error "This is not a C++11 compiler"
  ^
configure:4700: $? = 1
configure: failed program was:
| /* confdefs.h */
| #define PACKAGE_NAME "APR Coin Core"
| #define PACKAGE_TARNAME "aprcoin"
| #define PACKAGE_VERSION "1.1.0"
| #define PACKAGE_STRING "APR Coin Core 1.1.0"
| #define PACKAGE_BUGREPORT "www.apr-coin.com"
| #define PACKAGE_URL ""
| /* end confdefs.h.  */
| 
| 
| // If the compiler admits that it is not ready for C++11, why torture it?
| // Hopefully, this will speed up the test.
| 
| #ifndef __cplusplus
| 
| #error "This is not a C++ compiler"
| 
| #elif __cplusplus < 201103L
| 
| #error "This is not a C++11 compiler"
| 
| #else
| 
| namespace cxx11
| {
| 
|   namespace test_static_assert
|   {
| 
|     template <typename T>
|     struct check
|     {
|       static_assert(sizeof(int) <= sizeof(T), "not big enough");
|     };
| 
|   }
| 
|   namespace test_final_override
|   {
| 
|     struct Base
|     {
|       virtual void f() {}
|     };
| 
|     struct Derived : public Base
|     {
|       virtual void f() override {}
|     };
| 
|   }
| 
|   namespace test_double_right_angle_brackets
|   {
| 
|     template < typename T >
|     struct check {};
| 
|     typedef check<void> single_type;
|     typedef check<check<void>> double_type;
|     typedef check<check<check<void>>> triple_type;
|     typedef check<check<check<check<void>>>> quadruple_type;
| 
|   }
| 
|   namespace test_decltype
|   {
| 
|     int
|     f()
|     {
|       int a = 1;
|       decltype(a) b = 2;
|       return a + b;
|     }
| 
|   }
| 
|   namespace test_type_deduction
|   {
| 
|     template < typename T1, typename T2 >
|     struct is_same
|     {
|       static const bool value = false;
|     };
| 
|     template < typename T >
|     struct is_same<T, T>
|     {
|       static const bool value = true;
|     };
| 
|     template < typename T1, typename T2 >
|     auto
|     add(T1 a1, T2 a2) -> decltype(a1 + a2)
|     {
|       return a1 + a2;
|     }
| 
|     int
|     test(const int c, volatile int v)
|     {
|       static_assert(is_same<int, decltype(0)>::value == true, "");
|       static_assert(is_same<int, decltype(c)>::value == false, "");
|       static_assert(is_same<int, decltype(v)>::value == false, "");
|       auto ac = c;
|       auto av = v;
|       auto sumi = ac + av + 'x';
|       auto sumf = ac + av + 1.0;
|       static_assert(is_same<int, decltype(ac)>::value == true, "");
|       static_assert(is_same<int, decltype(av)>::value == true, "");
|       static_assert(is_same<int, decltype(sumi)>::value == true, "");
|       static_assert(is_same<int, decltype(sumf)>::value == false, "");
|       static_assert(is_same<int, decltype(add(c, v))>::value == true, "");
|       return (sumf > 0.0) ? sumi : add(c, v);
|     }
| 
|   }
| 
|   namespace test_noexcept
|   {
| 
|     int f() { return 0; }
|     int g() noexcept { return 0; }
| 
|     static_assert(noexcept(f()) == false, "");
|     static_assert(noexcept(g()) == true, "");
| 
|   }
| 
|   namespace test_constexpr
|   {
| 
|     template < typename CharT >
|     unsigned long constexpr
|     strlen_c_r(const CharT *const s, const unsigned long acc) noexcept
|     {
|       return *s ? strlen_c_r(s + 1, acc + 1) : acc;
|     }
| 
|     template < typename CharT >
|     unsigned long constexpr
|     strlen_c(const CharT *const s) noexcept
|     {
|       return strlen_c_r(s, 0UL);
|     }
| 
|     static_assert(strlen_c("") == 0UL, "");
|     static_assert(strlen_c("1") == 1UL, "");
|     static_assert(strlen_c("example") == 7UL, "");
|     static_assert(strlen_c("another\0example") == 7UL, "");
| 
|   }
| 
|   namespace test_rvalue_references
|   {
| 
|     template < int N >
|     struct answer
|     {
|       static constexpr int value = N;
|     };
| 
|     answer<1> f(int&)       { return answer<1>(); }
|     answer<2> f(const int&) { return answer<2>(); }
|     answer<3> f(int&&)      { return answer<3>(); }
| 
|     void
|     test()
|     {
|       int i = 0;
|       const int c = 0;
|       static_assert(decltype(f(i))::value == 1, "");
|       static_assert(decltype(f(c))::value == 2, "");
|       static_assert(decltype(f(0))::value == 3, "");
|     }
| 
|   }
| 
|   namespace test_uniform_initialization
|   {
| 
|     struct test
|     {
|       static const int zero {};
|       static const int one {1};
|     };
| 
|     static_assert(test::zero == 0, "");
|     static_assert(test::one == 1, "");
| 
|   }
| 
|   namespace test_lambdas
|   {
| 
|     void
|     test1()
|     {
|       auto lambda1 = [](){};
|       auto lambda2 = lambda1;
|       lambda1();
|       lambda2();
|     }
| 
|     int
|     test2()
|     {
|       auto a = [](int i, int j){ return i + j; }(1, 2);
|       auto b = []() -> int { return '0'; }();
|       auto c = [=](){ return a + b; }();
|       auto d = [&](){ return c; }();
|       auto e = [a, &b](int x) mutable {
|         const auto identity = [](int y){ return y; };
|         for (auto i = 0; i < a; ++i)
|           a += b--;
|         return x + identity(a + b);
|       }(0);
|       return a + b + c + d + e;
|     }
| 
|     int
|     test3()
|     {
|       const auto nullary = [](){ return 0; };
|       const auto unary = [](int x){ return x; };
|       using nullary_t = decltype(nullary);
|       using unary_t = decltype(unary);
|       const auto higher1st = [](nullary_t f){ return f(); };
|       const auto higher2nd = [unary](nullary_t f1){
|         return [unary, f1](unary_t f2){ return f2(unary(f1())); };
|       };
|       return higher1st(nullary) + higher2nd(nullary)(unary);
|     }
| 
|   }
| 
|   namespace test_variadic_templates
|   {
| 
|     template <int...>
|     struct sum;
| 
|     template <int N0, int... N1toN>
|     struct sum<N0, N1toN...>
|     {
|       static constexpr auto value = N0 + sum<N1toN...>::value;
|     };
| 
|     template <>
|     struct sum<>
|     {
|       static constexpr auto value = 0;
|     };
| 
|     static_assert(sum<>::value == 0, "");
|     static_assert(sum<1>::value == 1, "");
|     static_assert(sum<23>::value == 23, "");
|     static_assert(sum<1, 2>::value == 3, "");
|     static_assert(sum<5, 5, 11>::value == 21, "");
|     static_assert(sum<2, 3, 5, 7, 11, 13>::value == 41, "");
| 
|   }
| 
|   // http://stackoverflow.com/questions/13728184/template-aliases-and-sfinae
|   // Clang 3.1 fails with headers of libstd++ 4.8.3 when using std::function
|   // because of this.
|   namespace test_template_alias_sfinae
|   {
| 
|     struct foo {};
| 
|     template<typename T>
|     using member = typename T::member_type;
| 
|     template<typename T>
|     void func(...) {}
| 
|     template<typename T>
|     void func(member<T>*) {}
| 
|     void test();
| 
|     void test() { func<foo>(0); }
| 
|   }
| 
| }  // namespace cxx11
| 
| #endif  // __cplusplus >= 201103L
| 
| 
| 
configure:4707: result: no
configure:4718: checking whether g++ -m64 supports C++11 features with -std=c++11
configure:5014: g++ -m64 -std=c++11 -c -pipe -O2  -I/home/ubuntu/apr/depends/x86_64-linux-gnu/share/../include/  conftest.cpp >&5
configure:5014: $? = 0
configure:5023: result: yes
configure:5073: checking for x86_64-linux-gnu-g++
configure:5100: result: g++ -m64 -std=c++11
configure:5169: checking for Objective C++ compiler version
configure:5178: g++ -m64 -std=c++11 --version >&5
g++ (Ubuntu 5.4.0-6ubuntu1~16.04.9) 5.4.0 20160609
Copyright (C) 2015 Free Software Foundation, Inc.
This is free software; see the source for copying conditions.  There is NO
warranty; not even for MERCHANTABILITY or FITNESS FOR A PARTICULAR PURPOSE.

configure:5189: $? = 0
configure:5178: g++ -m64 -std=c++11 -v >&5
Using built-in specs.
COLLECT_GCC=g++
COLLECT_LTO_WRAPPER=/usr/lib/gcc/x86_64-linux-gnu/5/lto-wrapper
Target: x86_64-linux-gnu
Configured with: ../src/configure -v --with-pkgversion='Ubuntu 5.4.0-6ubuntu1~16.04.9' --with-bugurl=file:///usr/share/doc/gcc-5/README.Bugs --enable-languages=c,ada,c++,java,go,d,fortran,objc,obj-c++ --prefix=/usr --program-suffix=-5 --enable-shared --enable-linker-build-id --libexecdir=/usr/lib --without-included-gettext --enable-threads=posix --libdir=/usr/lib --enable-nls --with-sysroot=/ --enable-clocale=gnu --enable-libstdcxx-debug --enable-libstdcxx-time=yes --with-default-libstdcxx-abi=new --enable-gnu-unique-object --disable-vtable-verify --enable-libmpx --enable-plugin --with-system-zlib --disable-browser-plugin --enable-java-awt=gtk --enable-gtk-cairo --with-java-home=/usr/lib/jvm/java-1.5.0-gcj-5-amd64/jre --enable-java-home --with-jvm-root-dir=/usr/lib/jvm/java-1.5.0-gcj-5-amd64 --with-jvm-jar-dir=/usr/lib/jvm-exports/java-1.5.0-gcj-5-amd64 --with-arch-directory=amd64 --with-ecj-jar=/usr/share/java/eclipse-ecj.jar --enable-objc-gc --enable-multiarch --disable-werror --with-arch-32=i686 --with-abi=m64 --with-multilib-list=m32,m64,mx32 --enable-multilib --with-tune=generic --enable-checking=release --build=x86_64-linux-gnu --host=x86_64-linux-gnu --target=x86_64-linux-gnu
Thread model: posix
gcc version 5.4.0 20160609 (Ubuntu 5.4.0-6ubuntu1~16.04.9) 
configure:5189: $? = 0
configure:5178: g++ -m64 -std=c++11 -V >&5
g++: error: unrecognized command line option '-V'
g++: fatal error: no input files
compilation terminated.
configure:5189: $? = 1
configure:5178: g++ -m64 -std=c++11 -qversion >&5
g++: error: unrecognized command line option '-qversion'
g++: fatal error: no input files
compilation terminated.
configure:5189: $? = 1
configure:5193: checking whether we are using the GNU Objective C++ compiler
configure:5212: g++ -m64 -std=c++11 -c  -I/home/ubuntu/apr/depends/x86_64-linux-gnu/share/../include/  conftest.mm >&5
g++: error trying to exec 'cc1objplus': execvp: No such file or directory
configure:5212: $? = 1
configure: failed program was:
| /* confdefs.h */
| #define PACKAGE_NAME "APR Coin Core"
| #define PACKAGE_TARNAME "aprcoin"
| #define PACKAGE_VERSION "1.1.0"
| #define PACKAGE_STRING "APR Coin Core 1.1.0"
| #define PACKAGE_BUGREPORT "www.apr-coin.com"
| #define PACKAGE_URL ""
| #define HAVE_CXX11 1
| /* end confdefs.h.  */
| 
| int
| main ()
| {
| #ifndef __GNUC__
|        choke me
| #endif
| 
|   ;
|   return 0;
| }
configure:5221: result: no
configure:5230: checking whether g++ -m64 -std=c++11 accepts -g
configure:5250: g++ -m64 -std=c++11 -c -g -I/home/ubuntu/apr/depends/x86_64-linux-gnu/share/../include/  conftest.mm >&5
g++: error trying to exec 'cc1objplus': execvp: No such file or directory
configure:5250: $? = 1
configure: failed program was:
| /* confdefs.h */
| #define PACKAGE_NAME "APR Coin Core"
| #define PACKAGE_TARNAME "aprcoin"
| #define PACKAGE_VERSION "1.1.0"
| #define PACKAGE_STRING "APR Coin Core 1.1.0"
| #define PACKAGE_BUGREPORT "www.apr-coin.com"
| #define PACKAGE_URL ""
| #define HAVE_CXX11 1
| /* end confdefs.h.  */
| 
| int
| main ()
| {
| 
|   ;
|   return 0;
| }
configure:5265: g++ -m64 -std=c++11 -c  -I/home/ubuntu/apr/depends/x86_64-linux-gnu/share/../include/  conftest.mm >&5
g++: error trying to exec 'cc1objplus': execvp: No such file or directory
configure:5265: $? = 1
configure: failed program was:
| /* confdefs.h */
| #define PACKAGE_NAME "APR Coin Core"
| #define PACKAGE_TARNAME "aprcoin"
| #define PACKAGE_VERSION "1.1.0"
| #define PACKAGE_STRING "APR Coin Core 1.1.0"
| #define PACKAGE_BUGREPORT "www.apr-coin.com"
| #define PACKAGE_URL ""
| #define HAVE_CXX11 1
| /* end confdefs.h.  */
| 
| int
| main ()
| {
| 
|   ;
|   return 0;
| }
configure:5281: g++ -m64 -std=c++11 -c -g -I/home/ubuntu/apr/depends/x86_64-linux-gnu/share/../include/  conftest.mm >&5
g++: error trying to exec 'cc1objplus': execvp: No such file or directory
configure:5281: $? = 1
configure: failed program was:
| /* confdefs.h */
| #define PACKAGE_NAME "APR Coin Core"
| #define PACKAGE_TARNAME "aprcoin"
| #define PACKAGE_VERSION "1.1.0"
| #define PACKAGE_STRING "APR Coin Core 1.1.0"
| #define PACKAGE_BUGREPORT "www.apr-coin.com"
| #define PACKAGE_URL ""
| #define HAVE_CXX11 1
| /* end confdefs.h.  */
| 
| int
| main ()
| {
| 
|   ;
|   return 0;
| }
configure:5291: result: no
configure:5316: checking dependency style of g++ -m64 -std=c++11
configure:5425: result: gcc3
configure:5488: checking how to print strings
configure:5515: result: printf
configure:5544: checking for x86_64-linux-gnu-gcc
configure:5571: result: gcc -m64
configure:5840: checking for C compiler version
configure:5849: gcc -m64 --version >&5
gcc (Ubuntu 5.4.0-6ubuntu1~16.04.9) 5.4.0 20160609
Copyright (C) 2015 Free Software Foundation, Inc.
This is free software; see the source for copying conditions.  There is NO
warranty; not even for MERCHANTABILITY or FITNESS FOR A PARTICULAR PURPOSE.

configure:5860: $? = 0
configure:5849: gcc -m64 -v >&5
Using built-in specs.
COLLECT_GCC=gcc
COLLECT_LTO_WRAPPER=/usr/lib/gcc/x86_64-linux-gnu/5/lto-wrapper
Target: x86_64-linux-gnu
Configured with: ../src/configure -v --with-pkgversion='Ubuntu 5.4.0-6ubuntu1~16.04.9' --with-bugurl=file:///usr/share/doc/gcc-5/README.Bugs --enable-languages=c,ada,c++,java,go,d,fortran,objc,obj-c++ --prefix=/usr --program-suffix=-5 --enable-shared --enable-linker-build-id --libexecdir=/usr/lib --without-included-gettext --enable-threads=posix --libdir=/usr/lib --enable-nls --with-sysroot=/ --enable-clocale=gnu --enable-libstdcxx-debug --enable-libstdcxx-time=yes --with-default-libstdcxx-abi=new --enable-gnu-unique-object --disable-vtable-verify --enable-libmpx --enable-plugin --with-system-zlib --disable-browser-plugin --enable-java-awt=gtk --enable-gtk-cairo --with-java-home=/usr/lib/jvm/java-1.5.0-gcj-5-amd64/jre --enable-java-home --with-jvm-root-dir=/usr/lib/jvm/java-1.5.0-gcj-5-amd64 --with-jvm-jar-dir=/usr/lib/jvm-exports/java-1.5.0-gcj-5-amd64 --with-arch-directory=amd64 --with-ecj-jar=/usr/share/java/eclipse-ecj.jar --enable-objc-gc --enable-multiarch --disable-werror --with-arch-32=i686 --with-abi=m64 --with-multilib-list=m32,m64,mx32 --enable-multilib --with-tune=generic --enable-checking=release --build=x86_64-linux-gnu --host=x86_64-linux-gnu --target=x86_64-linux-gnu
Thread model: posix
gcc version 5.4.0 20160609 (Ubuntu 5.4.0-6ubuntu1~16.04.9) 
configure:5860: $? = 0
configure:5849: gcc -m64 -V >&5
gcc: error: unrecognized command line option '-V'
gcc: fatal error: no input files
compilation terminated.
configure:5860: $? = 1
configure:5849: gcc -m64 -qversion >&5
gcc: error: unrecognized command line option '-qversion'
gcc: fatal error: no input files
compilation terminated.
configure:5860: $? = 1
configure:5864: checking whether we are using the GNU C compiler
configure:5883: gcc -m64 -c -pipe -O2  -I/home/ubuntu/apr/depends/x86_64-linux-gnu/share/../include/  conftest.c >&5
configure:5883: $? = 0
configure:5892: result: yes
configure:5901: checking whether gcc -m64 accepts -g
configure:5921: gcc -m64 -c -g -I/home/ubuntu/apr/depends/x86_64-linux-gnu/share/../include/  conftest.c >&5
configure:5921: $? = 0
configure:5962: result: yes
configure:5979: checking for gcc -m64 option to accept ISO C89
configure:6042: gcc -m64  -c -pipe -O2  -I/home/ubuntu/apr/depends/x86_64-linux-gnu/share/../include/  conftest.c >&5
configure:6042: $? = 0
configure:6055: result: none needed
configure:6080: checking whether gcc -m64 understands -c and -o together
configure:6102: gcc -m64 -c conftest.c -o conftest2.o
configure:6105: $? = 0
configure:6102: gcc -m64 -c conftest.c -o conftest2.o
configure:6105: $? = 0
configure:6117: result: yes
configure:6136: checking dependency style of gcc -m64
configure:6247: result: gcc3
configure:6262: checking for a sed that does not truncate output
configure:6326: result: /bin/sed
configure:6344: checking for grep that handles long lines and -e
configure:6402: result: /bin/grep
configure:6407: checking for egrep
configure:6469: result: /bin/grep -E
configure:6474: checking for fgrep
configure:6536: result: /bin/grep -F
configure:6571: checking for ld used by gcc -m64
configure:6638: result: /usr/bin/ld
configure:6645: checking if the linker (/usr/bin/ld) is GNU ld
configure:6660: result: yes
configure:6672: checking for BSD- or MS-compatible name lister (nm)
configure:6726: result: nm
configure:6856: checking the name lister (nm) interface
configure:6863: gcc -m64 -c -pipe -O2  -I/home/ubuntu/apr/depends/x86_64-linux-gnu/share/../include/  conftest.c >&5
configure:6866: nm "conftest.o"
configure:6869: output
0000000000000000 B some_variable
configure:6876: result: BSD nm
configure:6879: checking whether ln -s works
configure:6883: result: yes
configure:6891: checking the maximum length of command line arguments
configure:7022: result: 1572864
configure:7070: checking how to convert x86_64-pc-linux-gnu file names to x86_64-pc-linux-gnu format
configure:7110: result: func_convert_file_noop
configure:7117: checking how to convert x86_64-pc-linux-gnu file names to toolchain format
configure:7137: result: func_convert_file_noop
configure:7144: checking for /usr/bin/ld option to reload object files
configure:7151: result: -r
configure:7185: checking for x86_64-linux-gnu-objdump
configure:7201: found /usr/bin/x86_64-linux-gnu-objdump
configure:7212: result: x86_64-linux-gnu-objdump
configure:7284: checking how to recognize dependent libraries
configure:7484: result: pass_all
configure:7529: checking for x86_64-linux-gnu-dlltool
configure:7559: result: no
configure:7569: checking for dlltool
configure:7599: result: no
configure:7629: checking how to associate runtime and link libraries
configure:7656: result: printf %s\n
configure:7673: checking for x86_64-linux-gnu-ar
configure:7700: result: ar
configure:7781: checking for archiver @FILE support
configure:7798: gcc -m64 -c -pipe -O2  -I/home/ubuntu/apr/depends/x86_64-linux-gnu/share/../include/  conftest.c >&5
configure:7798: $? = 0
configure:7801: ar cru libconftest.a @conftest.lst >&5
ar: `u' modifier ignored since `D' is the default (see `U')
configure:7804: $? = 0
configure:7809: ar cru libconftest.a @conftest.lst >&5
ar: `u' modifier ignored since `D' is the default (see `U')
ar: conftest.o: No such file or directory
configure:7812: $? = 1
configure:7824: result: @
configure:7842: checking for x86_64-linux-gnu-strip
configure:7869: result: x86_64-linux-gnu-strip
configure:7941: checking for x86_64-linux-gnu-ranlib
configure:7968: result: ranlib
configure:8110: checking command to parse nm output from gcc -m64 object
configure:8263: gcc -m64 -c -pipe -O2  -I/home/ubuntu/apr/depends/x86_64-linux-gnu/share/../include/  conftest.c >&5
configure:8266: $? = 0
configure:8270: nm conftest.o \| sed -n -e 's/^.*[ ]\([ABCDGIRSTW][ABCDGIRSTW]*\)[ ][ ]*\([_A-Za-z][_A-Za-z0-9]*\)$/\1 \2 \2/p' | sed '/ __gnu_lto/d' \> conftest.nm
configure:8273: $? = 0
configure:8339: gcc -m64 -o conftest -pipe -O2  -I/home/ubuntu/apr/depends/x86_64-linux-gnu/share/../include/  -L/home/ubuntu/apr/depends/x86_64-linux-gnu/share/../lib  conftest.c conftstm.o >&5
configure:8342: $? = 0
configure:8380: result: ok
configure:8427: checking for sysroot
configure:8457: result: no
configure:8464: checking for a working dd
configure:8502: result: /bin/dd
configure:8506: checking how to truncate binary pipes
configure:8521: result: /bin/dd bs=4096 count=1
configure:8657: gcc -m64 -c -pipe -O2  -I/home/ubuntu/apr/depends/x86_64-linux-gnu/share/../include/  conftest.c >&5
configure:8660: $? = 0
configure:8810: checking for x86_64-linux-gnu-mt
configure:8840: result: no
configure:8850: checking for mt
configure:8866: found /bin/mt
configure:8877: result: mt
configure:8900: checking if mt is a manifest tool
configure:8906: mt '-?'
configure:8914: result: no
configure:9591: checking how to run the C preprocessor
configure:9622: gcc -m64 -E -I/home/ubuntu/apr/depends/x86_64-linux-gnu/share/../include/  conftest.c
configure:9622: $? = 0
configure:9636: gcc -m64 -E -I/home/ubuntu/apr/depends/x86_64-linux-gnu/share/../include/  conftest.c
conftest.c:10:28: fatal error: ac_nonexistent.h: No such file or directory
compilation terminated.
configure:9636: $? = 1
configure: failed program was:
| /* confdefs.h */
| #define PACKAGE_NAME "APR Coin Core"
| #define PACKAGE_TARNAME "aprcoin"
| #define PACKAGE_VERSION "1.1.0"
| #define PACKAGE_STRING "APR Coin Core 1.1.0"
| #define PACKAGE_BUGREPORT "www.apr-coin.com"
| #define PACKAGE_URL ""
| #define HAVE_CXX11 1
| /* end confdefs.h.  */
| #include <ac_nonexistent.h>
configure:9661: result: gcc -m64 -E
configure:9681: gcc -m64 -E -I/home/ubuntu/apr/depends/x86_64-linux-gnu/share/../include/  conftest.c
configure:9681: $? = 0
configure:9695: gcc -m64 -E -I/home/ubuntu/apr/depends/x86_64-linux-gnu/share/../include/  conftest.c
conftest.c:10:28: fatal error: ac_nonexistent.h: No such file or directory
compilation terminated.
configure:9695: $? = 1
configure: failed program was:
| /* confdefs.h */
| #define PACKAGE_NAME "APR Coin Core"
| #define PACKAGE_TARNAME "aprcoin"
| #define PACKAGE_VERSION "1.1.0"
| #define PACKAGE_STRING "APR Coin Core 1.1.0"
| #define PACKAGE_BUGREPORT "www.apr-coin.com"
| #define PACKAGE_URL ""
| #define HAVE_CXX11 1
| /* end confdefs.h.  */
| #include <ac_nonexistent.h>
configure:9724: checking for ANSI C header files
configure:9744: gcc -m64 -c -pipe -O2  -I/home/ubuntu/apr/depends/x86_64-linux-gnu/share/../include/  conftest.c >&5
configure:9744: $? = 0
configure:9817: gcc -m64 -o conftest -pipe -O2  -I/home/ubuntu/apr/depends/x86_64-linux-gnu/share/../include/  -L/home/ubuntu/apr/depends/x86_64-linux-gnu/share/../lib  conftest.c  >&5
configure:9817: $? = 0
configure:9817: ./conftest
configure:9817: $? = 0
configure:9828: result: yes
configure:9841: checking for sys/types.h
configure:9841: gcc -m64 -c -pipe -O2  -I/home/ubuntu/apr/depends/x86_64-linux-gnu/share/../include/  conftest.c >&5
configure:9841: $? = 0
configure:9841: result: yes
configure:9841: checking for sys/stat.h
configure:9841: gcc -m64 -c -pipe -O2  -I/home/ubuntu/apr/depends/x86_64-linux-gnu/share/../include/  conftest.c >&5
configure:9841: $? = 0
configure:9841: result: yes
configure:9841: checking for stdlib.h
configure:9841: gcc -m64 -c -pipe -O2  -I/home/ubuntu/apr/depends/x86_64-linux-gnu/share/../include/  conftest.c >&5
configure:9841: $? = 0
configure:9841: result: yes
configure:9841: checking for string.h
configure:9841: gcc -m64 -c -pipe -O2  -I/home/ubuntu/apr/depends/x86_64-linux-gnu/share/../include/  conftest.c >&5
configure:9841: $? = 0
configure:9841: result: yes
configure:9841: checking for memory.h
configure:9841: gcc -m64 -c -pipe -O2  -I/home/ubuntu/apr/depends/x86_64-linux-gnu/share/../include/  conftest.c >&5
configure:9841: $? = 0
configure:9841: result: yes
configure:9841: checking for strings.h
configure:9841: gcc -m64 -c -pipe -O2  -I/home/ubuntu/apr/depends/x86_64-linux-gnu/share/../include/  conftest.c >&5
configure:9841: $? = 0
configure:9841: result: yes
configure:9841: checking for inttypes.h
configure:9841: gcc -m64 -c -pipe -O2  -I/home/ubuntu/apr/depends/x86_64-linux-gnu/share/../include/  conftest.c >&5
configure:9841: $? = 0
configure:9841: result: yes
configure:9841: checking for stdint.h
configure:9841: gcc -m64 -c -pipe -O2  -I/home/ubuntu/apr/depends/x86_64-linux-gnu/share/../include/  conftest.c >&5
configure:9841: $? = 0
configure:9841: result: yes
configure:9841: checking for unistd.h
configure:9841: gcc -m64 -c -pipe -O2  -I/home/ubuntu/apr/depends/x86_64-linux-gnu/share/../include/  conftest.c >&5
configure:9841: $? = 0
configure:9841: result: yes
configure:9855: checking for dlfcn.h
configure:9855: gcc -m64 -c -pipe -O2  -I/home/ubuntu/apr/depends/x86_64-linux-gnu/share/../include/  conftest.c >&5
configure:9855: $? = 0
configure:9855: result: yes
configure:10120: checking for objdir
configure:10135: result: .libs
configure:10399: checking if gcc -m64 supports -fno-rtti -fno-exceptions
configure:10417: gcc -m64 -c -pipe -O2  -I/home/ubuntu/apr/depends/x86_64-linux-gnu/share/../include/  -fno-rtti -fno-exceptions conftest.c >&5
cc1: warning: command line option '-fno-rtti' is valid for C++/ObjC++ but not for C
configure:10421: $? = 0
configure:10434: result: no
configure:10792: checking for gcc -m64 option to produce PIC
configure:10799: result: -fPIC -DPIC
configure:10807: checking if gcc -m64 PIC flag -fPIC -DPIC works
configure:10825: gcc -m64 -c -pipe -O2  -I/home/ubuntu/apr/depends/x86_64-linux-gnu/share/../include/  -fPIC -DPIC -DPIC conftest.c >&5
configure:10829: $? = 0
configure:10842: result: yes
configure:10871: checking if gcc -m64 static flag -static works
configure:10899: result: yes
configure:10914: checking if gcc -m64 supports -c -o file.o
configure:10935: gcc -m64 -c -pipe -O2  -I/home/ubuntu/apr/depends/x86_64-linux-gnu/share/../include/  -o out/conftest2.o conftest.c >&5
configure:10939: $? = 0
configure:10961: result: yes
configure:10969: checking if gcc -m64 supports -c -o file.o
configure:11016: result: yes
configure:11049: checking whether the gcc -m64 linker (/usr/bin/ld -m elf_x86_64) supports shared libraries
configure:12312: result: yes
configure:12552: checking dynamic linker characteristics
configure:13133: gcc -m64 -o conftest -pipe -O2  -I/home/ubuntu/apr/depends/x86_64-linux-gnu/share/../include/  -L/home/ubuntu/apr/depends/x86_64-linux-gnu/share/../lib  -Wl,-rpath -Wl,/foo conftest.c  >&5
configure:13133: $? = 0
configure:13382: result: GNU/Linux ld.so
configure:13504: checking how to hardcode library paths into programs
configure:13529: result: immediate
configure:14077: checking whether stripping libraries is possible
configure:14082: result: yes
configure:14117: checking if libtool supports shared libraries
configure:14119: result: yes
configure:14122: checking whether to build shared libraries
configure:14147: result: no
configure:14150: checking whether to build static libraries
configure:14154: result: yes
configure:14177: checking how to run the C++ preprocessor
configure:14204: g++ -m64 -std=c++11 -E -I/home/ubuntu/apr/depends/x86_64-linux-gnu/share/../include/  conftest.cpp
configure:14204: $? = 0
configure:14218: g++ -m64 -std=c++11 -E -I/home/ubuntu/apr/depends/x86_64-linux-gnu/share/../include/  conftest.cpp
conftest.cpp:22:28: fatal error: ac_nonexistent.h: No such file or directory
compilation terminated.
configure:14218: $? = 1
configure: failed program was:
| /* confdefs.h */
| #define PACKAGE_NAME "APR Coin Core"
| #define PACKAGE_TARNAME "aprcoin"
| #define PACKAGE_VERSION "1.1.0"
| #define PACKAGE_STRING "APR Coin Core 1.1.0"
| #define PACKAGE_BUGREPORT "www.apr-coin.com"
| #define PACKAGE_URL ""
| #define HAVE_CXX11 1
| #define STDC_HEADERS 1
| #define HAVE_SYS_TYPES_H 1
| #define HAVE_SYS_STAT_H 1
| #define HAVE_STDLIB_H 1
| #define HAVE_STRING_H 1
| #define HAVE_MEMORY_H 1
| #define HAVE_STRINGS_H 1
| #define HAVE_INTTYPES_H 1
| #define HAVE_STDINT_H 1
| #define HAVE_UNISTD_H 1
| #define HAVE_DLFCN_H 1
| #define LT_OBJDIR ".libs/"
| /* end confdefs.h.  */
| #include <ac_nonexistent.h>
configure:14243: result: g++ -m64 -std=c++11 -E
configure:14263: g++ -m64 -std=c++11 -E -I/home/ubuntu/apr/depends/x86_64-linux-gnu/share/../include/  conftest.cpp
configure:14263: $? = 0
configure:14277: g++ -m64 -std=c++11 -E -I/home/ubuntu/apr/depends/x86_64-linux-gnu/share/../include/  conftest.cpp
conftest.cpp:22:28: fatal error: ac_nonexistent.h: No such file or directory
compilation terminated.
configure:14277: $? = 1
configure: failed program was:
| /* confdefs.h */
| #define PACKAGE_NAME "APR Coin Core"
| #define PACKAGE_TARNAME "aprcoin"
| #define PACKAGE_VERSION "1.1.0"
| #define PACKAGE_STRING "APR Coin Core 1.1.0"
| #define PACKAGE_BUGREPORT "www.apr-coin.com"
| #define PACKAGE_URL ""
| #define HAVE_CXX11 1
| #define STDC_HEADERS 1
| #define HAVE_SYS_TYPES_H 1
| #define HAVE_SYS_STAT_H 1
| #define HAVE_STDLIB_H 1
| #define HAVE_STRING_H 1
| #define HAVE_MEMORY_H 1
| #define HAVE_STRINGS_H 1
| #define HAVE_INTTYPES_H 1
| #define HAVE_STDINT_H 1
| #define HAVE_UNISTD_H 1
| #define HAVE_DLFCN_H 1
| #define LT_OBJDIR ".libs/"
| /* end confdefs.h.  */
| #include <ac_nonexistent.h>
configure:14439: checking for ld used by g++ -m64 -std=c++11
configure:14506: result: /usr/bin/ld -m elf_x86_64
configure:14513: checking if the linker (/usr/bin/ld -m elf_x86_64) is GNU ld
configure:14528: result: yes
configure:14583: checking whether the g++ -m64 -std=c++11 linker (/usr/bin/ld -m elf_x86_64) supports shared libraries
configure:15656: result: yes
configure:15692: g++ -m64 -std=c++11 -c -pipe -O2  -I/home/ubuntu/apr/depends/x86_64-linux-gnu/share/../include/  conftest.cpp >&5
configure:15695: $? = 0
configure:16176: checking for g++ -m64 -std=c++11 option to produce PIC
configure:16183: result: -fPIC -DPIC
configure:16191: checking if g++ -m64 -std=c++11 PIC flag -fPIC -DPIC works
configure:16209: g++ -m64 -std=c++11 -c -pipe -O2  -I/home/ubuntu/apr/depends/x86_64-linux-gnu/share/../include/  -fPIC -DPIC -DPIC conftest.cpp >&5
configure:16213: $? = 0
configure:16226: result: yes
configure:16249: checking if g++ -m64 -std=c++11 static flag -static works
configure:16277: result: yes
configure:16289: checking if g++ -m64 -std=c++11 supports -c -o file.o
configure:16310: g++ -m64 -std=c++11 -c -pipe -O2  -I/home/ubuntu/apr/depends/x86_64-linux-gnu/share/../include/  -o out/conftest2.o conftest.cpp >&5
configure:16314: $? = 0
configure:16336: result: yes
configure:16341: checking if g++ -m64 -std=c++11 supports -c -o file.o
configure:16388: result: yes
configure:16418: checking whether the g++ -m64 -std=c++11 linker (/usr/bin/ld -m elf_x86_64) supports shared libraries
configure:16461: result: yes
configure:16602: checking dynamic linker characteristics
configure:17359: result: GNU/Linux ld.so
configure:17424: checking how to hardcode library paths into programs
configure:17449: result: immediate
configure:17514: checking for x86_64-linux-gnu-ar
configure:17532: found /usr/bin/x86_64-linux-gnu-ar
configure:17544: result: /usr/bin/x86_64-linux-gnu-ar
configure:17612: checking for x86_64-linux-gnu-ranlib
configure:17630: found /usr/bin/x86_64-linux-gnu-ranlib
configure:17642: result: /usr/bin/x86_64-linux-gnu-ranlib
configure:17710: checking for x86_64-linux-gnu-strip
configure:17728: found /usr/bin/x86_64-linux-gnu-strip
configure:17740: result: /usr/bin/x86_64-linux-gnu-strip
configure:17808: checking for x86_64-linux-gnu-gcov
configure:17826: found /usr/bin/x86_64-linux-gnu-gcov
configure:17838: result: /usr/bin/x86_64-linux-gnu-gcov
configure:17905: checking for lcov
configure:17938: result: no
configure:17945: checking for java
configure:17978: result: no
configure:17987: checking for python3
configure:18005: found /usr/bin/python3
configure:18017: result: /usr/bin/python3
configure:18030: checking for genhtml
configure:18063: result: no
configure:18070: checking for git
configure:18088: found /usr/bin/git
configure:18100: result: /usr/bin/git
configure:18110: checking for ccache
configure:18140: result: /home/ubuntu/apr/depends/x86_64-linux-gnu/share/../native/bin/ccache
configure:18150: checking for xgettext
configure:18183: result: no
configure:18190: checking for hexdump
configure:18208: found /usr/bin/hexdump
configure:18220: result: /usr/bin/hexdump
configure:18231: checking for x86_64-linux-gnu-readelf
configure:18249: found /usr/bin/x86_64-linux-gnu-readelf
configure:18261: result: /usr/bin/x86_64-linux-gnu-readelf
configure:18329: checking for x86_64-linux-gnu-c++filt
configure:18347: found /usr/bin/x86_64-linux-gnu-c++filt
configure:18359: result: /usr/bin/x86_64-linux-gnu-c++filt
configure:18427: checking for x86_64-linux-gnu-objcopy
configure:18445: found /usr/bin/x86_64-linux-gnu-objcopy
configure:18457: result: /usr/bin/x86_64-linux-gnu-objcopy
configure:20305: checking for x86_64-linux-gnu-pkg-config
configure:20335: result: /usr/bin/pkg-config --static
configure:20403: checking pkg-config is at least version 0.9.0
configure:20406: result: yes
configure:20490: checking whether byte ordering is bigendian
configure:20505: g++ -m64 -std=c++11 -c -pipe -O2  -I/home/ubuntu/apr/depends/x86_64-linux-gnu/share/../include/  -DBOOST_SPIRIT_THREADSAFE -DHAVE_BUILD_INFO -D__STDC_FORMAT_MACROS conftest.cpp >&5
conftest.cpp:23:9: error: expected unqualified-id before 'not' token
         not a universal capable compiler
         ^
configure:20505: $? = 1
configure: failed program was:
| /* confdefs.h */
| #define PACKAGE_NAME "APR Coin Core"
| #define PACKAGE_TARNAME "aprcoin"
| #define PACKAGE_VERSION "1.1.0"
| #define PACKAGE_STRING "APR Coin Core 1.1.0"
| #define PACKAGE_BUGREPORT "www.apr-coin.com"
| #define PACKAGE_URL ""
| #define HAVE_CXX11 1
| #define STDC_HEADERS 1
| #define HAVE_SYS_TYPES_H 1
| #define HAVE_SYS_STAT_H 1
| #define HAVE_STDLIB_H 1
| #define HAVE_STRING_H 1
| #define HAVE_MEMORY_H 1
| #define HAVE_STRINGS_H 1
| #define HAVE_INTTYPES_H 1
| #define HAVE_STDINT_H 1
| #define HAVE_UNISTD_H 1
| #define HAVE_DLFCN_H 1
| #define LT_OBJDIR ".libs/"
| /* end confdefs.h.  */
| #ifndef __APPLE_CC__
| 	       not a universal capable compiler
| 	     #endif
| 	     typedef int dummy;
| 
configure:20550: g++ -m64 -std=c++11 -c -pipe -O2  -I/home/ubuntu/apr/depends/x86_64-linux-gnu/share/../include/  -DBOOST_SPIRIT_THREADSAFE -DHAVE_BUILD_INFO -D__STDC_FORMAT_MACROS conftest.cpp >&5
configure:20550: $? = 0
configure:20568: g++ -m64 -std=c++11 -c -pipe -O2  -I/home/ubuntu/apr/depends/x86_64-linux-gnu/share/../include/  -DBOOST_SPIRIT_THREADSAFE -DHAVE_BUILD_INFO -D__STDC_FORMAT_MACROS conftest.cpp >&5
conftest.cpp: In function 'int main()':
conftest.cpp:29:8: error: 'big' was not declared in this scope
    not big endian
        ^
configure:20568: $? = 1
configure: failed program was:
| /* confdefs.h */
| #define PACKAGE_NAME "APR Coin Core"
| #define PACKAGE_TARNAME "aprcoin"
| #define PACKAGE_VERSION "1.1.0"
| #define PACKAGE_STRING "APR Coin Core 1.1.0"
| #define PACKAGE_BUGREPORT "www.apr-coin.com"
| #define PACKAGE_URL ""
| #define HAVE_CXX11 1
| #define STDC_HEADERS 1
| #define HAVE_SYS_TYPES_H 1
| #define HAVE_SYS_STAT_H 1
| #define HAVE_STDLIB_H 1
| #define HAVE_STRING_H 1
| #define HAVE_MEMORY_H 1
| #define HAVE_STRINGS_H 1
| #define HAVE_INTTYPES_H 1
| #define HAVE_STDINT_H 1
| #define HAVE_UNISTD_H 1
| #define HAVE_DLFCN_H 1
| #define LT_OBJDIR ".libs/"
| /* end confdefs.h.  */
| #include <sys/types.h>
| 		#include <sys/param.h>
| 
| int
| main ()
| {
| #if BYTE_ORDER != BIG_ENDIAN
| 		 not big endian
| 		#endif
| 
|   ;
|   return 0;
| }
configure:20696: result: no
configure:20826: checking if compiler needs -Werror to reject unknown flags
configure:20842: gcc -m64 -c -pipe -O2  -Werror -Wunknown-warning-option -Wsizeof-array-argument -I/home/ubuntu/apr/depends/x86_64-linux-gnu/share/../include/  -DBOOST_SPIRIT_THREADSAFE -DHAVE_BUILD_INFO -D__STDC_FORMAT_MACROS conftest.c >&5
gcc: error: unrecognized command line option '-Wunknown-warning-option'
configure:20842: $? = 1
configure: failed program was:
| /* confdefs.h */
| #define PACKAGE_NAME "APR Coin Core"
| #define PACKAGE_TARNAME "aprcoin"
| #define PACKAGE_VERSION "1.1.0"
| #define PACKAGE_STRING "APR Coin Core 1.1.0"
| #define PACKAGE_BUGREPORT "www.apr-coin.com"
| #define PACKAGE_URL ""
| #define HAVE_CXX11 1
| #define STDC_HEADERS 1
| #define HAVE_SYS_TYPES_H 1
| #define HAVE_SYS_STAT_H 1
| #define HAVE_STDLIB_H 1
| #define HAVE_STRING_H 1
| #define HAVE_MEMORY_H 1
| #define HAVE_STRINGS_H 1
| #define HAVE_INTTYPES_H 1
| #define HAVE_STDINT_H 1
| #define HAVE_UNISTD_H 1
| #define HAVE_DLFCN_H 1
| #define LT_OBJDIR ".libs/"
| /* end confdefs.h.  */
| int foo(void);
| int
| main ()
| {
| foo()
|   ;
|   return 0;
| }
configure:20847: result: no
configure:20913: checking for the pthreads library -lpthreads
configure:20951: gcc -m64 -o conftest -pipe -O2    -I/home/ubuntu/apr/depends/x86_64-linux-gnu/share/../include/  -DBOOST_SPIRIT_THREADSAFE -DHAVE_BUILD_INFO -D__STDC_FORMAT_MACROS -L/home/ubuntu/apr/depends/x86_64-linux-gnu/share/../lib  conftest.c -lpthreads  >&5
/usr/bin/ld: cannot find -lpthreads
collect2: error: ld returned 1 exit status
configure:20951: $? = 1
configure: failed program was:
| /* confdefs.h */
| #define PACKAGE_NAME "APR Coin Core"
| #define PACKAGE_TARNAME "aprcoin"
| #define PACKAGE_VERSION "1.1.0"
| #define PACKAGE_STRING "APR Coin Core 1.1.0"
| #define PACKAGE_BUGREPORT "www.apr-coin.com"
| #define PACKAGE_URL ""
| #define HAVE_CXX11 1
| #define STDC_HEADERS 1
| #define HAVE_SYS_TYPES_H 1
| #define HAVE_SYS_STAT_H 1
| #define HAVE_STDLIB_H 1
| #define HAVE_STRING_H 1
| #define HAVE_MEMORY_H 1
| #define HAVE_STRINGS_H 1
| #define HAVE_INTTYPES_H 1
| #define HAVE_STDINT_H 1
| #define HAVE_UNISTD_H 1
| #define HAVE_DLFCN_H 1
| #define LT_OBJDIR ".libs/"
| /* end confdefs.h.  */
| #include <pthread.h>
|                         static void routine(void *a) { a = 0; }
|                         static void *start_routine(void *a) { return a; }
| int
| main ()
| {
| pthread_t th; pthread_attr_t attr;
|                         pthread_create(&th, 0, start_routine, 0);
|                         pthread_join(th, 0);
|                         pthread_attr_init(&attr);
|                         pthread_cleanup_push(routine, 0);
|                         pthread_cleanup_pop(0) /* ; */
|   ;
|   return 0;
| }
configure:20960: result: no
configure:20858: checking whether pthreads work without any flags
configure:20951: gcc -m64 -o conftest -pipe -O2    -I/home/ubuntu/apr/depends/x86_64-linux-gnu/share/../include/  -DBOOST_SPIRIT_THREADSAFE -DHAVE_BUILD_INFO -D__STDC_FORMAT_MACROS -L/home/ubuntu/apr/depends/x86_64-linux-gnu/share/../lib  conftest.c   >&5
/tmp/ccGAyClj.o: In function `main':
conftest.c:(.text.startup+0x29): undefined reference to `pthread_create'
conftest.c:(.text.startup+0x35): undefined reference to `pthread_join'
conftest.c:(.text.startup+0x59): undefined reference to `__pthread_register_cancel'
conftest.c:(.text.startup+0x63): undefined reference to `__pthread_unregister_cancel'
collect2: error: ld returned 1 exit status
configure:20951: $? = 1
configure: failed program was:
| /* confdefs.h */
| #define PACKAGE_NAME "APR Coin Core"
| #define PACKAGE_TARNAME "aprcoin"
| #define PACKAGE_VERSION "1.1.0"
| #define PACKAGE_STRING "APR Coin Core 1.1.0"
| #define PACKAGE_BUGREPORT "www.apr-coin.com"
| #define PACKAGE_URL ""
| #define HAVE_CXX11 1
| #define STDC_HEADERS 1
| #define HAVE_SYS_TYPES_H 1
| #define HAVE_SYS_STAT_H 1
| #define HAVE_STDLIB_H 1
| #define HAVE_STRING_H 1
| #define HAVE_MEMORY_H 1
| #define HAVE_STRINGS_H 1
| #define HAVE_INTTYPES_H 1
| #define HAVE_STDINT_H 1
| #define HAVE_UNISTD_H 1
| #define HAVE_DLFCN_H 1
| #define LT_OBJDIR ".libs/"
| /* end confdefs.h.  */
| #include <pthread.h>
|                         static void routine(void *a) { a = 0; }
|                         static void *start_routine(void *a) { return a; }
| int
| main ()
| {
| pthread_t th; pthread_attr_t attr;
|                         pthread_create(&th, 0, start_routine, 0);
|                         pthread_join(th, 0);
|                         pthread_attr_init(&attr);
|                         pthread_cleanup_push(routine, 0);
|                         pthread_cleanup_pop(0) /* ; */
|   ;
|   return 0;
| }
configure:20960: result: no
configure:20863: checking whether pthreads work with -Kthread
configure:20951: gcc -m64 -o conftest -pipe -O2  -Kthread  -I/home/ubuntu/apr/depends/x86_64-linux-gnu/share/../include/  -DBOOST_SPIRIT_THREADSAFE -DHAVE_BUILD_INFO -D__STDC_FORMAT_MACROS -L/home/ubuntu/apr/depends/x86_64-linux-gnu/share/../lib  conftest.c   >&5
gcc: error: unrecognized command line option '-Kthread'
configure:20951: $? = 1
configure: failed program was:
| /* confdefs.h */
| #define PACKAGE_NAME "APR Coin Core"
| #define PACKAGE_TARNAME "aprcoin"
| #define PACKAGE_VERSION "1.1.0"
| #define PACKAGE_STRING "APR Coin Core 1.1.0"
| #define PACKAGE_BUGREPORT "www.apr-coin.com"
| #define PACKAGE_URL ""
| #define HAVE_CXX11 1
| #define STDC_HEADERS 1
| #define HAVE_SYS_TYPES_H 1
| #define HAVE_SYS_STAT_H 1
| #define HAVE_STDLIB_H 1
| #define HAVE_STRING_H 1
| #define HAVE_MEMORY_H 1
| #define HAVE_STRINGS_H 1
| #define HAVE_INTTYPES_H 1
| #define HAVE_STDINT_H 1
| #define HAVE_UNISTD_H 1
| #define HAVE_DLFCN_H 1
| #define LT_OBJDIR ".libs/"
| /* end confdefs.h.  */
| #include <pthread.h>
|                         static void routine(void *a) { a = 0; }
|                         static void *start_routine(void *a) { return a; }
| int
| main ()
| {
| pthread_t th; pthread_attr_t attr;
|                         pthread_create(&th, 0, start_routine, 0);
|                         pthread_join(th, 0);
|                         pthread_attr_init(&attr);
|                         pthread_cleanup_push(routine, 0);
|                         pthread_cleanup_pop(0) /* ; */
|   ;
|   return 0;
| }
configure:20960: result: no
configure:20863: checking whether pthreads work with -kthread
configure:20951: gcc -m64 -o conftest -pipe -O2  -kthread  -I/home/ubuntu/apr/depends/x86_64-linux-gnu/share/../include/  -DBOOST_SPIRIT_THREADSAFE -DHAVE_BUILD_INFO -D__STDC_FORMAT_MACROS -L/home/ubuntu/apr/depends/x86_64-linux-gnu/share/../lib  conftest.c   >&5
gcc: error: unrecognized command line option '-kthread'
configure:20951: $? = 1
configure: failed program was:
| /* confdefs.h */
| #define PACKAGE_NAME "APR Coin Core"
| #define PACKAGE_TARNAME "aprcoin"
| #define PACKAGE_VERSION "1.1.0"
| #define PACKAGE_STRING "APR Coin Core 1.1.0"
| #define PACKAGE_BUGREPORT "www.apr-coin.com"
| #define PACKAGE_URL ""
| #define HAVE_CXX11 1
| #define STDC_HEADERS 1
| #define HAVE_SYS_TYPES_H 1
| #define HAVE_SYS_STAT_H 1
| #define HAVE_STDLIB_H 1
| #define HAVE_STRING_H 1
| #define HAVE_MEMORY_H 1
| #define HAVE_STRINGS_H 1
| #define HAVE_INTTYPES_H 1
| #define HAVE_STDINT_H 1
| #define HAVE_UNISTD_H 1
| #define HAVE_DLFCN_H 1
| #define LT_OBJDIR ".libs/"
| /* end confdefs.h.  */
| #include <pthread.h>
|                         static void routine(void *a) { a = 0; }
|                         static void *start_routine(void *a) { return a; }
| int
| main ()
| {
| pthread_t th; pthread_attr_t attr;
|                         pthread_create(&th, 0, start_routine, 0);
|                         pthread_join(th, 0);
|                         pthread_attr_init(&attr);
|                         pthread_cleanup_push(routine, 0);
|                         pthread_cleanup_pop(0) /* ; */
|   ;
|   return 0;
| }
configure:20960: result: no
configure:20913: checking for the pthreads library -llthread
configure:20951: gcc -m64 -o conftest -pipe -O2    -I/home/ubuntu/apr/depends/x86_64-linux-gnu/share/../include/  -DBOOST_SPIRIT_THREADSAFE -DHAVE_BUILD_INFO -D__STDC_FORMAT_MACROS -L/home/ubuntu/apr/depends/x86_64-linux-gnu/share/../lib  conftest.c -llthread  >&5
/usr/bin/ld: cannot find -llthread
collect2: error: ld returned 1 exit status
configure:20951: $? = 1
configure: failed program was:
| /* confdefs.h */
| #define PACKAGE_NAME "APR Coin Core"
| #define PACKAGE_TARNAME "aprcoin"
| #define PACKAGE_VERSION "1.1.0"
| #define PACKAGE_STRING "APR Coin Core 1.1.0"
| #define PACKAGE_BUGREPORT "www.apr-coin.com"
| #define PACKAGE_URL ""
| #define HAVE_CXX11 1
| #define STDC_HEADERS 1
| #define HAVE_SYS_TYPES_H 1
| #define HAVE_SYS_STAT_H 1
| #define HAVE_STDLIB_H 1
| #define HAVE_STRING_H 1
| #define HAVE_MEMORY_H 1
| #define HAVE_STRINGS_H 1
| #define HAVE_INTTYPES_H 1
| #define HAVE_STDINT_H 1
| #define HAVE_UNISTD_H 1
| #define HAVE_DLFCN_H 1
| #define LT_OBJDIR ".libs/"
| /* end confdefs.h.  */
| #include <pthread.h>
|                         static void routine(void *a) { a = 0; }
|                         static void *start_routine(void *a) { return a; }
| int
| main ()
| {
| pthread_t th; pthread_attr_t attr;
|                         pthread_create(&th, 0, start_routine, 0);
|                         pthread_join(th, 0);
|                         pthread_attr_init(&attr);
|                         pthread_cleanup_push(routine, 0);
|                         pthread_cleanup_pop(0) /* ; */
|   ;
|   return 0;
| }
configure:20960: result: no
configure:20863: checking whether pthreads work with -pthread
configure:20951: gcc -m64 -o conftest -pipe -O2  -pthread  -I/home/ubuntu/apr/depends/x86_64-linux-gnu/share/../include/  -DBOOST_SPIRIT_THREADSAFE -DHAVE_BUILD_INFO -D__STDC_FORMAT_MACROS -L/home/ubuntu/apr/depends/x86_64-linux-gnu/share/../lib  conftest.c   >&5
configure:20951: $? = 0
configure:20960: result: yes
configure:20979: checking for joinable pthread attribute
configure:20994: gcc -m64 -o conftest -pipe -O2  -pthread -I/home/ubuntu/apr/depends/x86_64-linux-gnu/share/../include/  -DBOOST_SPIRIT_THREADSAFE -DHAVE_BUILD_INFO -D__STDC_FORMAT_MACROS -L/home/ubuntu/apr/depends/x86_64-linux-gnu/share/../lib  conftest.c   >&5
configure:20994: $? = 0
configure:21000: result: PTHREAD_CREATE_JOINABLE
configure:21010: checking if more special flags are required for pthreads
configure:21025: result: no
configure:21031: checking for PTHREAD_PRIO_INHERIT
configure:21048: gcc -m64 -o conftest -pipe -O2  -pthread -I/home/ubuntu/apr/depends/x86_64-linux-gnu/share/../include/  -DBOOST_SPIRIT_THREADSAFE -DHAVE_BUILD_INFO -D__STDC_FORMAT_MACROS -L/home/ubuntu/apr/depends/x86_64-linux-gnu/share/../lib  conftest.c   >&5
configure:21048: $? = 0
configure:21057: result: yes
configure:21167: checking for special C compiler options needed for large files
configure:21212: result: no
configure:21218: checking for _FILE_OFFSET_BITS value needed for large files
configure:21243: g++ -m64 -std=c++11 -c -pipe -O2  -I/home/ubuntu/apr/depends/x86_64-linux-gnu/share/../include/  -DBOOST_SPIRIT_THREADSAFE -DHAVE_BUILD_INFO -D__STDC_FORMAT_MACROS conftest.cpp >&5
configure:21243: $? = 0
configure:21275: result: no
configure:21361: checking whether strerror_r is declared
configure:21361: g++ -m64 -std=c++11 -c -pipe -O2  -I/home/ubuntu/apr/depends/x86_64-linux-gnu/share/../include/  -DBOOST_SPIRIT_THREADSAFE -DHAVE_BUILD_INFO -D__STDC_FORMAT_MACROS conftest.cpp >&5
configure:21361: $? = 0
configure:21361: result: yes
configure:21374: checking for strerror_r
configure:21374: g++ -m64 -std=c++11 -o conftest -pipe -O2  -I/home/ubuntu/apr/depends/x86_64-linux-gnu/share/../include/  -DBOOST_SPIRIT_THREADSAFE -DHAVE_BUILD_INFO -D__STDC_FORMAT_MACROS -L/home/ubuntu/apr/depends/x86_64-linux-gnu/share/../lib  conftest.cpp  >&5
configure:21374: $? = 0
configure:21374: result: yes
configure:21383: checking whether strerror_r returns char *
configure:21407: g++ -m64 -std=c++11 -c -pipe -O2  -I/home/ubuntu/apr/depends/x86_64-linux-gnu/share/../include/  -DBOOST_SPIRIT_THREADSAFE -DHAVE_BUILD_INFO -D__STDC_FORMAT_MACROS conftest.cpp >&5
configure:21407: $? = 0
configure:21445: result: yes
configure:21466: checking whether the linker accepts -Wl,--large-address-aware
configure:21485: g++ -m64 -std=c++11 -o conftest -pipe -O2  -I/home/ubuntu/apr/depends/x86_64-linux-gnu/share/../include/  -DBOOST_SPIRIT_THREADSAFE -DHAVE_BUILD_INFO -D__STDC_FORMAT_MACROS -L/home/ubuntu/apr/depends/x86_64-linux-gnu/share/../lib   -Wl,--large-address-aware conftest.cpp  >&5
/usr/bin/ld: unrecognized option '--large-address-aware'
/usr/bin/ld: use the --help option for usage information
collect2: error: ld returned 1 exit status
configure:21485: $? = 1
configure: failed program was:
| /* confdefs.h */
| #define PACKAGE_NAME "APR Coin Core"
| #define PACKAGE_TARNAME "aprcoin"
| #define PACKAGE_VERSION "1.1.0"
| #define PACKAGE_STRING "APR Coin Core 1.1.0"
| #define PACKAGE_BUGREPORT "www.apr-coin.com"
| #define PACKAGE_URL ""
| #define HAVE_CXX11 1
| #define STDC_HEADERS 1
| #define HAVE_SYS_TYPES_H 1
| #define HAVE_SYS_STAT_H 1
| #define HAVE_STDLIB_H 1
| #define HAVE_STRING_H 1
| #define HAVE_MEMORY_H 1
| #define HAVE_STRINGS_H 1
| #define HAVE_INTTYPES_H 1
| #define HAVE_STDINT_H 1
| #define HAVE_UNISTD_H 1
| #define HAVE_DLFCN_H 1
| #define LT_OBJDIR ".libs/"
| #define HAVE_PTHREAD_PRIO_INHERIT 1
| #define HAVE_PTHREAD 1
| #define HAVE_DECL_STRERROR_R 1
| #define HAVE_STRERROR_R 1
| #define STRERROR_R_CHAR_P 1
| /* end confdefs.h.  */
| 
| int
| main ()
| {
| 
|   ;
|   return 0;
| }
configure:21494: result: no
configure:21506: checking for __attribute__((visibility))
configure:21528: g++ -m64 -std=c++11 -o conftest -pipe -O2  -I/home/ubuntu/apr/depends/x86_64-linux-gnu/share/../include/  -DBOOST_SPIRIT_THREADSAFE -DHAVE_BUILD_INFO -D__STDC_FORMAT_MACROS -L/home/ubuntu/apr/depends/x86_64-linux-gnu/share/../lib  conftest.cpp  >&5
configure:21528: $? = 0
configure:21541: result: yes
configure:21557: checking for __attribute__((dllexport))
configure:21578: g++ -m64 -std=c++11 -o conftest -pipe -O2  -I/home/ubuntu/apr/depends/x86_64-linux-gnu/share/../include/  -DBOOST_SPIRIT_THREADSAFE -DHAVE_BUILD_INFO -D__STDC_FORMAT_MACROS -L/home/ubuntu/apr/depends/x86_64-linux-gnu/share/../lib  conftest.cpp  >&5
conftest.cpp:30:62: warning: 'dllexport' attribute directive ignored [-Wattributes]
                     __attribute__((dllexport)) int foo( void ) { return 0; }
                                                              ^
configure:21578: $? = 0
configure:21591: result: no
configure:21607: checking for __attribute__((dllimport))
configure:21628: g++ -m64 -std=c++11 -o conftest -pipe -O2  -I/home/ubuntu/apr/depends/x86_64-linux-gnu/share/../include/  -DBOOST_SPIRIT_THREADSAFE -DHAVE_BUILD_INFO -D__STDC_FORMAT_MACROS -L/home/ubuntu/apr/depends/x86_64-linux-gnu/share/../lib  conftest.cpp  >&5
conftest.cpp:30:62: warning: 'dllimport' attribute directive ignored [-Wattributes]
                     int foo( void ) __attribute__((dllimport));
                                                              ^
configure:21628: $? = 0
configure:21641: result: no
configure:21694: checking whether C++ compiler accepts -Wstack-protector
configure:21713: g++ -m64 -std=c++11 -c -pipe -O2   -Wstack-protector -I/home/ubuntu/apr/depends/x86_64-linux-gnu/share/../include/  -DBOOST_SPIRIT_THREADSAFE -DHAVE_BUILD_INFO -D__STDC_FORMAT_MACROS conftest.cpp >&5
configure:21713: $? = 0
configure:21721: result: yes
configure:21729: checking whether C++ compiler accepts -fstack-protector-all
configure:21748: g++ -m64 -std=c++11 -c -pipe -O2   -fstack-protector-all -I/home/ubuntu/apr/depends/x86_64-linux-gnu/share/../include/  -DBOOST_SPIRIT_THREADSAFE -DHAVE_BUILD_INFO -D__STDC_FORMAT_MACROS conftest.cpp >&5
configure:21748: $? = 0
configure:21756: result: yes
configure:21766: checking whether C++ preprocessor accepts -D_FORTIFY_SOURCE=2
configure:21785: g++ -m64 -std=c++11 -E -I/home/ubuntu/apr/depends/x86_64-linux-gnu/share/../include/  -DBOOST_SPIRIT_THREADSAFE -DHAVE_BUILD_INFO -D__STDC_FORMAT_MACROS  -D_FORTIFY_SOURCE=2 conftest.cpp
configure:21785: $? = 0
configure:21793: result: yes
configure:21797: checking whether C++ preprocessor accepts -U_FORTIFY_SOURCE
configure:21816: g++ -m64 -std=c++11 -E -I/home/ubuntu/apr/depends/x86_64-linux-gnu/share/../include/  -DBOOST_SPIRIT_THREADSAFE -DHAVE_BUILD_INFO -D__STDC_FORMAT_MACROS  -U_FORTIFY_SOURCE conftest.cpp
configure:21816: $? = 0
configure:21824: result: yes
configure:21841: checking whether the linker accepts -Wl,--dynamicbase
configure:21860: g++ -m64 -std=c++11 -o conftest -pipe -O2  -I/home/ubuntu/apr/depends/x86_64-linux-gnu/share/../include/  -DBOOST_SPIRIT_THREADSAFE -DHAVE_BUILD_INFO -D__STDC_FORMAT_MACROS -L/home/ubuntu/apr/depends/x86_64-linux-gnu/share/../lib   -Wl,--dynamicbase conftest.cpp  >&5
/usr/bin/ld: unrecognized option '--dynamicbase'
/usr/bin/ld: use the --help option for usage information
collect2: error: ld returned 1 exit status
configure:21860: $? = 1
configure: failed program was:
| /* confdefs.h */
| #define PACKAGE_NAME "APR Coin Core"
| #define PACKAGE_TARNAME "aprcoin"
| #define PACKAGE_VERSION "1.1.0"
| #define PACKAGE_STRING "APR Coin Core 1.1.0"
| #define PACKAGE_BUGREPORT "www.apr-coin.com"
| #define PACKAGE_URL ""
| #define HAVE_CXX11 1
| #define STDC_HEADERS 1
| #define HAVE_SYS_TYPES_H 1
| #define HAVE_SYS_STAT_H 1
| #define HAVE_STDLIB_H 1
| #define HAVE_STRING_H 1
| #define HAVE_MEMORY_H 1
| #define HAVE_STRINGS_H 1
| #define HAVE_INTTYPES_H 1
| #define HAVE_STDINT_H 1
| #define HAVE_UNISTD_H 1
| #define HAVE_DLFCN_H 1
| #define LT_OBJDIR ".libs/"
| #define HAVE_PTHREAD_PRIO_INHERIT 1
| #define HAVE_PTHREAD 1
| #define HAVE_DECL_STRERROR_R 1
| #define HAVE_STRERROR_R 1
| #define STRERROR_R_CHAR_P 1
| #define HAVE_FUNC_ATTRIBUTE_VISIBILITY 1
| /* end confdefs.h.  */
| 
| int
| main ()
| {
| 
|   ;
|   return 0;
| }
configure:21869: result: no
configure:21877: checking whether the linker accepts -Wl,--nxcompat
configure:21896: g++ -m64 -std=c++11 -o conftest -pipe -O2  -I/home/ubuntu/apr/depends/x86_64-linux-gnu/share/../include/  -DBOOST_SPIRIT_THREADSAFE -DHAVE_BUILD_INFO -D__STDC_FORMAT_MACROS -L/home/ubuntu/apr/depends/x86_64-linux-gnu/share/../lib   -Wl,--nxcompat conftest.cpp  >&5
/usr/bin/ld: unrecognized option '--nxcompat'
/usr/bin/ld: use the --help option for usage information
collect2: error: ld returned 1 exit status
configure:21896: $? = 1
configure: failed program was:
| /* confdefs.h */
| #define PACKAGE_NAME "APR Coin Core"
| #define PACKAGE_TARNAME "aprcoin"
| #define PACKAGE_VERSION "1.1.0"
| #define PACKAGE_STRING "APR Coin Core 1.1.0"
| #define PACKAGE_BUGREPORT "www.apr-coin.com"
| #define PACKAGE_URL ""
| #define HAVE_CXX11 1
| #define STDC_HEADERS 1
| #define HAVE_SYS_TYPES_H 1
| #define HAVE_SYS_STAT_H 1
| #define HAVE_STDLIB_H 1
| #define HAVE_STRING_H 1
| #define HAVE_MEMORY_H 1
| #define HAVE_STRINGS_H 1
| #define HAVE_INTTYPES_H 1
| #define HAVE_STDINT_H 1
| #define HAVE_UNISTD_H 1
| #define HAVE_DLFCN_H 1
| #define LT_OBJDIR ".libs/"
| #define HAVE_PTHREAD_PRIO_INHERIT 1
| #define HAVE_PTHREAD 1
| #define HAVE_DECL_STRERROR_R 1
| #define HAVE_STRERROR_R 1
| #define STRERROR_R_CHAR_P 1
| #define HAVE_FUNC_ATTRIBUTE_VISIBILITY 1
| /* end confdefs.h.  */
| 
| int
| main ()
| {
| 
|   ;
|   return 0;
| }
configure:21905: result: no
configure:21913: checking whether the linker accepts -Wl,-z,relro
configure:21932: g++ -m64 -std=c++11 -o conftest -pipe -O2  -I/home/ubuntu/apr/depends/x86_64-linux-gnu/share/../include/  -DBOOST_SPIRIT_THREADSAFE -DHAVE_BUILD_INFO -D__STDC_FORMAT_MACROS -L/home/ubuntu/apr/depends/x86_64-linux-gnu/share/../lib   -Wl,-z,relro conftest.cpp  >&5
configure:21932: $? = 0
configure:21941: result: yes
configure:21949: checking whether the linker accepts -Wl,-z,now
configure:21968: g++ -m64 -std=c++11 -o conftest -pipe -O2  -I/home/ubuntu/apr/depends/x86_64-linux-gnu/share/../include/  -DBOOST_SPIRIT_THREADSAFE -DHAVE_BUILD_INFO -D__STDC_FORMAT_MACROS -L/home/ubuntu/apr/depends/x86_64-linux-gnu/share/../lib   -Wl,-z,now conftest.cpp  >&5
configure:21968: $? = 0
configure:21977: result: yes
configure:21988: checking whether C++ compiler accepts -fPIC
configure:22007: g++ -m64 -std=c++11 -c -pipe -O2   -fPIC -I/home/ubuntu/apr/depends/x86_64-linux-gnu/share/../include/  -DBOOST_SPIRIT_THREADSAFE -DHAVE_BUILD_INFO -D__STDC_FORMAT_MACROS conftest.cpp >&5
configure:22007: $? = 0
configure:22015: result: yes
configure:22023: checking whether the linker accepts -pic
configure:22042: g++ -m64 -std=c++11 -o conftest -pipe -O2  -I/home/ubuntu/apr/depends/x86_64-linux-gnu/share/../include/  -DBOOST_SPIRIT_THREADSAFE -DHAVE_BUILD_INFO -D__STDC_FORMAT_MACROS -L/home/ubuntu/apr/depends/x86_64-linux-gnu/share/../lib   -pic conftest.cpp  >&5
g++: error: unrecognized command line option '-pic'
configure:22042: $? = 1
configure: failed program was:
| /* confdefs.h */
| #define PACKAGE_NAME "APR Coin Core"
| #define PACKAGE_TARNAME "aprcoin"
| #define PACKAGE_VERSION "1.1.0"
| #define PACKAGE_STRING "APR Coin Core 1.1.0"
| #define PACKAGE_BUGREPORT "www.apr-coin.com"
| #define PACKAGE_URL ""
| #define HAVE_CXX11 1
| #define STDC_HEADERS 1
| #define HAVE_SYS_TYPES_H 1
| #define HAVE_SYS_STAT_H 1
| #define HAVE_STDLIB_H 1
| #define HAVE_STRING_H 1
| #define HAVE_MEMORY_H 1
| #define HAVE_STRINGS_H 1
| #define HAVE_INTTYPES_H 1
| #define HAVE_STDINT_H 1
| #define HAVE_UNISTD_H 1
| #define HAVE_DLFCN_H 1
| #define LT_OBJDIR ".libs/"
| #define HAVE_PTHREAD_PRIO_INHERIT 1
| #define HAVE_PTHREAD 1
| #define HAVE_DECL_STRERROR_R 1
| #define HAVE_STRERROR_R 1
| #define STRERROR_R_CHAR_P 1
| #define HAVE_FUNC_ATTRIBUTE_VISIBILITY 1
| /* end confdefs.h.  */
| 
| int
| main ()
| {
| 
|   ;
|   return 0;
| }
configure:22051: result: no
configure:22155: checking endian.h usability
configure:22155: g++ -m64 -std=c++11 -c -pipe -O2   -Wstack-protector -fstack-protector-all -fPIC -I/home/ubuntu/apr/depends/x86_64-linux-gnu/share/../include/  -DBOOST_SPIRIT_THREADSAFE -DHAVE_BUILD_INFO -D__STDC_FORMAT_MACROS  -U_FORTIFY_SOURCE -D_FORTIFY_SOURCE=2 conftest.cpp >&5
configure:22155: $? = 0
configure:22155: result: yes
configure:22155: checking endian.h presence
configure:22155: g++ -m64 -std=c++11 -E -I/home/ubuntu/apr/depends/x86_64-linux-gnu/share/../include/  -DBOOST_SPIRIT_THREADSAFE -DHAVE_BUILD_INFO -D__STDC_FORMAT_MACROS  -U_FORTIFY_SOURCE -D_FORTIFY_SOURCE=2 conftest.cpp
configure:22155: $? = 0
configure:22155: result: yes
configure:22155: checking for endian.h
configure:22155: result: yes
configure:22155: checking stdio.h usability
configure:22155: g++ -m64 -std=c++11 -c -pipe -O2   -Wstack-protector -fstack-protector-all -fPIC -I/home/ubuntu/apr/depends/x86_64-linux-gnu/share/../include/  -DBOOST_SPIRIT_THREADSAFE -DHAVE_BUILD_INFO -D__STDC_FORMAT_MACROS  -U_FORTIFY_SOURCE -D_FORTIFY_SOURCE=2 conftest.cpp >&5
configure:22155: $? = 0
configure:22155: result: yes
configure:22155: checking stdio.h presence
configure:22155: g++ -m64 -std=c++11 -E -I/home/ubuntu/apr/depends/x86_64-linux-gnu/share/../include/  -DBOOST_SPIRIT_THREADSAFE -DHAVE_BUILD_INFO -D__STDC_FORMAT_MACROS  -U_FORTIFY_SOURCE -D_FORTIFY_SOURCE=2 conftest.cpp
configure:22155: $? = 0
configure:22155: result: yes
configure:22155: checking for stdio.h
configure:22155: result: yes
configure:22155: checking for stdlib.h
configure:22155: result: yes
configure:22155: checking for unistd.h
configure:22155: result: yes
configure:22155: checking for strings.h
configure:22155: result: yes
configure:22155: checking for sys/types.h
configure:22155: result: yes
configure:22155: checking for sys/stat.h
configure:22155: result: yes
configure:22155: checking sys/select.h usability
configure:22155: g++ -m64 -std=c++11 -c -pipe -O2   -Wstack-protector -fstack-protector-all -fPIC -I/home/ubuntu/apr/depends/x86_64-linux-gnu/share/../include/  -DBOOST_SPIRIT_THREADSAFE -DHAVE_BUILD_INFO -D__STDC_FORMAT_MACROS  -U_FORTIFY_SOURCE -D_FORTIFY_SOURCE=2 conftest.cpp >&5
configure:22155: $? = 0
configure:22155: result: yes
configure:22155: checking sys/select.h presence
configure:22155: g++ -m64 -std=c++11 -E -I/home/ubuntu/apr/depends/x86_64-linux-gnu/share/../include/  -DBOOST_SPIRIT_THREADSAFE -DHAVE_BUILD_INFO -D__STDC_FORMAT_MACROS  -U_FORTIFY_SOURCE -D_FORTIFY_SOURCE=2 conftest.cpp
configure:22155: $? = 0
configure:22155: result: yes
configure:22155: checking for sys/select.h
configure:22155: result: yes
configure:22155: checking sys/prctl.h usability
configure:22155: g++ -m64 -std=c++11 -c -pipe -O2   -Wstack-protector -fstack-protector-all -fPIC -I/home/ubuntu/apr/depends/x86_64-linux-gnu/share/../include/  -DBOOST_SPIRIT_THREADSAFE -DHAVE_BUILD_INFO -D__STDC_FORMAT_MACROS  -U_FORTIFY_SOURCE -D_FORTIFY_SOURCE=2 conftest.cpp >&5
configure:22155: $? = 0
configure:22155: result: yes
configure:22155: checking sys/prctl.h presence
configure:22155: g++ -m64 -std=c++11 -E -I/home/ubuntu/apr/depends/x86_64-linux-gnu/share/../include/  -DBOOST_SPIRIT_THREADSAFE -DHAVE_BUILD_INFO -D__STDC_FORMAT_MACROS  -U_FORTIFY_SOURCE -D_FORTIFY_SOURCE=2 conftest.cpp
configure:22155: $? = 0
configure:22155: result: yes
configure:22155: checking for sys/prctl.h
configure:22155: result: yes
configure:22165: checking for library containing getaddrinfo_a
configure:22196: g++ -m64 -std=c++11 -o conftest -pipe -O2   -Wstack-protector -fstack-protector-all -fPIC -I/home/ubuntu/apr/depends/x86_64-linux-gnu/share/../include/  -DBOOST_SPIRIT_THREADSAFE -DHAVE_BUILD_INFO -D__STDC_FORMAT_MACROS  -U_FORTIFY_SOURCE -D_FORTIFY_SOURCE=2 -L/home/ubuntu/apr/depends/x86_64-linux-gnu/share/../lib   -Wl,-z,relro -Wl,-z,now conftest.cpp  >&5
/tmp/ccgQhgzo.o: In function `main':
conftest.cpp:(.text.startup+0x15): undefined reference to `getaddrinfo_a'
collect2: error: ld returned 1 exit status
configure:22196: $? = 1
configure: failed program was:
| /* confdefs.h */
| #define PACKAGE_NAME "APR Coin Core"
| #define PACKAGE_TARNAME "aprcoin"
| #define PACKAGE_VERSION "1.1.0"
| #define PACKAGE_STRING "APR Coin Core 1.1.0"
| #define PACKAGE_BUGREPORT "www.apr-coin.com"
| #define PACKAGE_URL ""
| #define HAVE_CXX11 1
| #define STDC_HEADERS 1
| #define HAVE_SYS_TYPES_H 1
| #define HAVE_SYS_STAT_H 1
| #define HAVE_STDLIB_H 1
| #define HAVE_STRING_H 1
| #define HAVE_MEMORY_H 1
| #define HAVE_STRINGS_H 1
| #define HAVE_INTTYPES_H 1
| #define HAVE_STDINT_H 1
| #define HAVE_UNISTD_H 1
| #define HAVE_DLFCN_H 1
| #define LT_OBJDIR ".libs/"
| #define HAVE_PTHREAD_PRIO_INHERIT 1
| #define HAVE_PTHREAD 1
| #define HAVE_DECL_STRERROR_R 1
| #define HAVE_STRERROR_R 1
| #define STRERROR_R_CHAR_P 1
| #define HAVE_FUNC_ATTRIBUTE_VISIBILITY 1
| #define HAVE_ENDIAN_H 1
| #define HAVE_STDIO_H 1
| #define HAVE_STDLIB_H 1
| #define HAVE_UNISTD_H 1
| #define HAVE_STRINGS_H 1
| #define HAVE_SYS_TYPES_H 1
| #define HAVE_SYS_STAT_H 1
| #define HAVE_SYS_SELECT_H 1
| #define HAVE_SYS_PRCTL_H 1
| /* end confdefs.h.  */
| 
| /* Override any GCC internal prototype to avoid an error.
|    Use char because int might match the return type of a GCC
|    builtin and then its argument prototype would still apply.  */
| #ifdef __cplusplus
| extern "C"
| #endif
| char getaddrinfo_a ();
| int
| main ()
| {
| return getaddrinfo_a ();
|   ;
|   return 0;
| }
configure:22196: g++ -m64 -std=c++11 -o conftest -pipe -O2   -Wstack-protector -fstack-protector-all -fPIC -I/home/ubuntu/apr/depends/x86_64-linux-gnu/share/../include/  -DBOOST_SPIRIT_THREADSAFE -DHAVE_BUILD_INFO -D__STDC_FORMAT_MACROS  -U_FORTIFY_SOURCE -D_FORTIFY_SOURCE=2 -L/home/ubuntu/apr/depends/x86_64-linux-gnu/share/../lib   -Wl,-z,relro -Wl,-z,now conftest.cpp -lanl   >&5
configure:22196: $? = 0
configure:22213: result: -lanl
configure:22223: checking for library containing inet_pton
configure:22254: g++ -m64 -std=c++11 -o conftest -pipe -O2   -Wstack-protector -fstack-protector-all -fPIC -I/home/ubuntu/apr/depends/x86_64-linux-gnu/share/../include/  -DBOOST_SPIRIT_THREADSAFE -DHAVE_BUILD_INFO -D__STDC_FORMAT_MACROS  -U_FORTIFY_SOURCE -D_FORTIFY_SOURCE=2 -L/home/ubuntu/apr/depends/x86_64-linux-gnu/share/../lib   -Wl,-z,relro -Wl,-z,now conftest.cpp -lanl  >&5
configure:22254: $? = 0
configure:22271: result: none required
configure:22282: checking whether strnlen is declared
configure:22282: g++ -m64 -std=c++11 -c -pipe -O2   -Wstack-protector -fstack-protector-all -fPIC -I/home/ubuntu/apr/depends/x86_64-linux-gnu/share/../include/  -DBOOST_SPIRIT_THREADSAFE -DHAVE_BUILD_INFO -D__STDC_FORMAT_MACROS  -U_FORTIFY_SOURCE -D_FORTIFY_SOURCE=2 conftest.cpp >&5
configure:22282: $? = 0
configure:22282: result: yes
configure:22294: checking whether le32toh is declared
configure:22294: g++ -m64 -std=c++11 -c -pipe -O2   -Wstack-protector -fstack-protector-all -fPIC -I/home/ubuntu/apr/depends/x86_64-linux-gnu/share/../include/  -DBOOST_SPIRIT_THREADSAFE -DHAVE_BUILD_INFO -D__STDC_FORMAT_MACROS  -U_FORTIFY_SOURCE -D_FORTIFY_SOURCE=2 conftest.cpp >&5
configure:22294: $? = 0
configure:22294: result: yes
configure:22307: checking whether le64toh is declared
configure:22307: g++ -m64 -std=c++11 -c -pipe -O2   -Wstack-protector -fstack-protector-all -fPIC -I/home/ubuntu/apr/depends/x86_64-linux-gnu/share/../include/  -DBOOST_SPIRIT_THREADSAFE -DHAVE_BUILD_INFO -D__STDC_FORMAT_MACROS  -U_FORTIFY_SOURCE -D_FORTIFY_SOURCE=2 conftest.cpp >&5
configure:22307: $? = 0
configure:22307: result: yes
configure:22320: checking whether htole32 is declared
configure:22320: g++ -m64 -std=c++11 -c -pipe -O2   -Wstack-protector -fstack-protector-all -fPIC -I/home/ubuntu/apr/depends/x86_64-linux-gnu/share/../include/  -DBOOST_SPIRIT_THREADSAFE -DHAVE_BUILD_INFO -D__STDC_FORMAT_MACROS  -U_FORTIFY_SOURCE -D_FORTIFY_SOURCE=2 conftest.cpp >&5
configure:22320: $? = 0
configure:22320: result: yes
configure:22333: checking whether htole64 is declared
configure:22333: g++ -m64 -std=c++11 -c -pipe -O2   -Wstack-protector -fstack-protector-all -fPIC -I/home/ubuntu/apr/depends/x86_64-linux-gnu/share/../include/  -DBOOST_SPIRIT_THREADSAFE -DHAVE_BUILD_INFO -D__STDC_FORMAT_MACROS  -U_FORTIFY_SOURCE -D_FORTIFY_SOURCE=2 conftest.cpp >&5
configure:22333: $? = 0
configure:22333: result: yes
configure:22346: checking whether be32toh is declared
configure:22346: g++ -m64 -std=c++11 -c -pipe -O2   -Wstack-protector -fstack-protector-all -fPIC -I/home/ubuntu/apr/depends/x86_64-linux-gnu/share/../include/  -DBOOST_SPIRIT_THREADSAFE -DHAVE_BUILD_INFO -D__STDC_FORMAT_MACROS  -U_FORTIFY_SOURCE -D_FORTIFY_SOURCE=2 conftest.cpp >&5
configure:22346: $? = 0
configure:22346: result: yes
configure:22359: checking whether be64toh is declared
configure:22359: g++ -m64 -std=c++11 -c -pipe -O2   -Wstack-protector -fstack-protector-all -fPIC -I/home/ubuntu/apr/depends/x86_64-linux-gnu/share/../include/  -DBOOST_SPIRIT_THREADSAFE -DHAVE_BUILD_INFO -D__STDC_FORMAT_MACROS  -U_FORTIFY_SOURCE -D_FORTIFY_SOURCE=2 conftest.cpp >&5
configure:22359: $? = 0
configure:22359: result: yes
configure:22372: checking whether htobe32 is declared
configure:22372: g++ -m64 -std=c++11 -c -pipe -O2   -Wstack-protector -fstack-protector-all -fPIC -I/home/ubuntu/apr/depends/x86_64-linux-gnu/share/../include/  -DBOOST_SPIRIT_THREADSAFE -DHAVE_BUILD_INFO -D__STDC_FORMAT_MACROS  -U_FORTIFY_SOURCE -D_FORTIFY_SOURCE=2 conftest.cpp >&5
configure:22372: $? = 0
configure:22372: result: yes
configure:22385: checking whether htobe64 is declared
configure:22385: g++ -m64 -std=c++11 -c -pipe -O2   -Wstack-protector -fstack-protector-all -fPIC -I/home/ubuntu/apr/depends/x86_64-linux-gnu/share/../include/  -DBOOST_SPIRIT_THREADSAFE -DHAVE_BUILD_INFO -D__STDC_FORMAT_MACROS  -U_FORTIFY_SOURCE -D_FORTIFY_SOURCE=2 conftest.cpp >&5
configure:22385: $? = 0
configure:22385: result: yes
configure:22400: checking for MSG_NOSIGNAL
configure:22413: g++ -m64 -std=c++11 -c -pipe -O2   -Wstack-protector -fstack-protector-all -fPIC -I/home/ubuntu/apr/depends/x86_64-linux-gnu/share/../include/  -DBOOST_SPIRIT_THREADSAFE -DHAVE_BUILD_INFO -D__STDC_FORMAT_MACROS  -U_FORTIFY_SOURCE -D_FORTIFY_SOURCE=2 conftest.cpp >&5
configure:22413: $? = 0
configure:22414: result: yes
configure:22425: checking for library containing clock_gettime
configure:22456: g++ -m64 -std=c++11 -o conftest -pipe -O2   -Wstack-protector -fstack-protector-all -fPIC -I/home/ubuntu/apr/depends/x86_64-linux-gnu/share/../include/  -DBOOST_SPIRIT_THREADSAFE -DHAVE_BUILD_INFO -D__STDC_FORMAT_MACROS  -U_FORTIFY_SOURCE -D_FORTIFY_SOURCE=2 -L/home/ubuntu/apr/depends/x86_64-linux-gnu/share/../lib   -Wl,-z,relro -Wl,-z,now conftest.cpp -lanl  >&5
configure:22456: $? = 0
configure:22473: result: none required
configure:22482: checking for visibility attribute
configure:22491: g++ -m64 -std=c++11 -o conftest -pipe -O2   -Wstack-protector -fstack-protector-all -fPIC -I/home/ubuntu/apr/depends/x86_64-linux-gnu/share/../include/  -DBOOST_SPIRIT_THREADSAFE -DHAVE_BUILD_INFO -D__STDC_FORMAT_MACROS  -U_FORTIFY_SOURCE -D_FORTIFY_SOURCE=2 -L/home/ubuntu/apr/depends/x86_64-linux-gnu/share/../lib   -Wl,-z,relro -Wl,-z,now conftest.cpp -lanl  >&5
configure:22491: $? = 0
configure:22496: result: yes
configure:22516: checking whether C++ compiler accepts -fvisibility=hidden
configure:22535: g++ -m64 -std=c++11 -c -pipe -O2   -Wstack-protector -fstack-protector-all -fPIC  -fvisibility=hidden -I/home/ubuntu/apr/depends/x86_64-linux-gnu/share/../include/  -DBOOST_SPIRIT_THREADSAFE -DHAVE_BUILD_INFO -D__STDC_FORMAT_MACROS  -U_FORTIFY_SOURCE -D_FORTIFY_SOURCE=2 conftest.cpp >&5
configure:22535: $? = 0
configure:22543: result: yes
configure:22577: checking for Berkeley DB C++ headers
configure:22608: g++ -m64 -std=c++11 -c -pipe -O2   -Wstack-protector -fstack-protector-all -fPIC -I/home/ubuntu/apr/depends/x86_64-linux-gnu/share/../include/  -DBOOST_SPIRIT_THREADSAFE -DHAVE_BUILD_INFO -D__STDC_FORMAT_MACROS  -U_FORTIFY_SOURCE -D_FORTIFY_SOURCE=2 conftest.cpp >&5
conftest.cpp:51:33: fatal error: bdb4.8/db_cxx.h: No such file or directory
compilation terminated.
configure:22608: $? = 1
configure: failed program was:
| /* confdefs.h */
| #define PACKAGE_NAME "APR Coin Core"
| #define PACKAGE_TARNAME "aprcoin"
| #define PACKAGE_VERSION "1.1.0"
| #define PACKAGE_STRING "APR Coin Core 1.1.0"
| #define PACKAGE_BUGREPORT "www.apr-coin.com"
| #define PACKAGE_URL ""
| #define HAVE_CXX11 1
| #define STDC_HEADERS 1
| #define HAVE_SYS_TYPES_H 1
| #define HAVE_SYS_STAT_H 1
| #define HAVE_STDLIB_H 1
| #define HAVE_STRING_H 1
| #define HAVE_MEMORY_H 1
| #define HAVE_STRINGS_H 1
| #define HAVE_INTTYPES_H 1
| #define HAVE_STDINT_H 1
| #define HAVE_UNISTD_H 1
| #define HAVE_DLFCN_H 1
| #define LT_OBJDIR ".libs/"
| #define HAVE_PTHREAD_PRIO_INHERIT 1
| #define HAVE_PTHREAD 1
| #define HAVE_DECL_STRERROR_R 1
| #define HAVE_STRERROR_R 1
| #define STRERROR_R_CHAR_P 1
| #define HAVE_FUNC_ATTRIBUTE_VISIBILITY 1
| #define HAVE_ENDIAN_H 1
| #define HAVE_STDIO_H 1
| #define HAVE_STDLIB_H 1
| #define HAVE_UNISTD_H 1
| #define HAVE_STRINGS_H 1
| #define HAVE_SYS_TYPES_H 1
| #define HAVE_SYS_STAT_H 1
| #define HAVE_SYS_SELECT_H 1
| #define HAVE_SYS_PRCTL_H 1
| #define HAVE_GETADDRINFO_A 1
| #define HAVE_INET_PTON 1
| #define HAVE_DECL_STRNLEN 1
| #define HAVE_DECL_LE32TOH 1
| #define HAVE_DECL_LE64TOH 1
| #define HAVE_DECL_HTOLE32 1
| #define HAVE_DECL_HTOLE64 1
| #define HAVE_DECL_BE32TOH 1
| #define HAVE_DECL_BE64TOH 1
| #define HAVE_DECL_HTOBE32 1
| #define HAVE_DECL_HTOBE64 1
| #define HAVE_MSG_NOSIGNAL 1
| #define HAVE_VISIBILITY_ATTRIBUTE 1
| /* end confdefs.h.  */
| 
|       #include <bdb4.8/db_cxx.h>
| 
| int
| main ()
| {
| 
|       #if !((DB_VERSION_MAJOR == 4 && DB_VERSION_MINOR >= 8) || DB_VERSION_MAJOR > 4)
|         #error "failed to find bdb 4.8+"
|       #endif
| 
|   ;
|   return 0;
| }
configure:22608: g++ -m64 -std=c++11 -c -pipe -O2   -Wstack-protector -fstack-protector-all -fPIC -I/home/ubuntu/apr/depends/x86_64-linux-gnu/share/../include/  -DBOOST_SPIRIT_THREADSAFE -DHAVE_BUILD_INFO -D__STDC_FORMAT_MACROS  -U_FORTIFY_SOURCE -D_FORTIFY_SOURCE=2 conftest.cpp >&5
conftest.cpp:51:35: fatal error: libdb4.8/db_cxx.h: No such file or directory
compilation terminated.
configure:22608: $? = 1
configure: failed program was:
| /* confdefs.h */
| #define PACKAGE_NAME "APR Coin Core"
| #define PACKAGE_TARNAME "aprcoin"
| #define PACKAGE_VERSION "1.1.0"
| #define PACKAGE_STRING "APR Coin Core 1.1.0"
| #define PACKAGE_BUGREPORT "www.apr-coin.com"
| #define PACKAGE_URL ""
| #define HAVE_CXX11 1
| #define STDC_HEADERS 1
| #define HAVE_SYS_TYPES_H 1
| #define HAVE_SYS_STAT_H 1
| #define HAVE_STDLIB_H 1
| #define HAVE_STRING_H 1
| #define HAVE_MEMORY_H 1
| #define HAVE_STRINGS_H 1
| #define HAVE_INTTYPES_H 1
| #define HAVE_STDINT_H 1
| #define HAVE_UNISTD_H 1
| #define HAVE_DLFCN_H 1
| #define LT_OBJDIR ".libs/"
| #define HAVE_PTHREAD_PRIO_INHERIT 1
| #define HAVE_PTHREAD 1
| #define HAVE_DECL_STRERROR_R 1
| #define HAVE_STRERROR_R 1
| #define STRERROR_R_CHAR_P 1
| #define HAVE_FUNC_ATTRIBUTE_VISIBILITY 1
| #define HAVE_ENDIAN_H 1
| #define HAVE_STDIO_H 1
| #define HAVE_STDLIB_H 1
| #define HAVE_UNISTD_H 1
| #define HAVE_STRINGS_H 1
| #define HAVE_SYS_TYPES_H 1
| #define HAVE_SYS_STAT_H 1
| #define HAVE_SYS_SELECT_H 1
| #define HAVE_SYS_PRCTL_H 1
| #define HAVE_GETADDRINFO_A 1
| #define HAVE_INET_PTON 1
| #define HAVE_DECL_STRNLEN 1
| #define HAVE_DECL_LE32TOH 1
| #define HAVE_DECL_LE64TOH 1
| #define HAVE_DECL_HTOLE32 1
| #define HAVE_DECL_HTOLE64 1
| #define HAVE_DECL_BE32TOH 1
| #define HAVE_DECL_BE64TOH 1
| #define HAVE_DECL_HTOBE32 1
| #define HAVE_DECL_HTOBE64 1
| #define HAVE_MSG_NOSIGNAL 1
| #define HAVE_VISIBILITY_ATTRIBUTE 1
| /* end confdefs.h.  */
| 
|       #include <libdb4.8/db_cxx.h>
| 
| int
| main ()
| {
| 
|       #if !((DB_VERSION_MAJOR == 4 && DB_VERSION_MINOR >= 8) || DB_VERSION_MAJOR > 4)
|         #error "failed to find bdb 4.8+"
|       #endif
| 
|   ;
|   return 0;
| }
configure:22608: g++ -m64 -std=c++11 -c -pipe -O2   -Wstack-protector -fstack-protector-all -fPIC -I/home/ubuntu/apr/depends/x86_64-linux-gnu/share/../include/  -DBOOST_SPIRIT_THREADSAFE -DHAVE_BUILD_INFO -D__STDC_FORMAT_MACROS  -U_FORTIFY_SOURCE -D_FORTIFY_SOURCE=2 conftest.cpp >&5
conftest.cpp:51:32: fatal error: db4.8/db_cxx.h: No such file or directory
compilation terminated.
configure:22608: $? = 1
configure: failed program was:
| /* confdefs.h */
| #define PACKAGE_NAME "APR Coin Core"
| #define PACKAGE_TARNAME "aprcoin"
| #define PACKAGE_VERSION "1.1.0"
| #define PACKAGE_STRING "APR Coin Core 1.1.0"
| #define PACKAGE_BUGREPORT "www.apr-coin.com"
| #define PACKAGE_URL ""
| #define HAVE_CXX11 1
| #define STDC_HEADERS 1
| #define HAVE_SYS_TYPES_H 1
| #define HAVE_SYS_STAT_H 1
| #define HAVE_STDLIB_H 1
| #define HAVE_STRING_H 1
| #define HAVE_MEMORY_H 1
| #define HAVE_STRINGS_H 1
| #define HAVE_INTTYPES_H 1
| #define HAVE_STDINT_H 1
| #define HAVE_UNISTD_H 1
| #define HAVE_DLFCN_H 1
| #define LT_OBJDIR ".libs/"
| #define HAVE_PTHREAD_PRIO_INHERIT 1
| #define HAVE_PTHREAD 1
| #define HAVE_DECL_STRERROR_R 1
| #define HAVE_STRERROR_R 1
| #define STRERROR_R_CHAR_P 1
| #define HAVE_FUNC_ATTRIBUTE_VISIBILITY 1
| #define HAVE_ENDIAN_H 1
| #define HAVE_STDIO_H 1
| #define HAVE_STDLIB_H 1
| #define HAVE_UNISTD_H 1
| #define HAVE_STRINGS_H 1
| #define HAVE_SYS_TYPES_H 1
| #define HAVE_SYS_STAT_H 1
| #define HAVE_SYS_SELECT_H 1
| #define HAVE_SYS_PRCTL_H 1
| #define HAVE_GETADDRINFO_A 1
| #define HAVE_INET_PTON 1
| #define HAVE_DECL_STRNLEN 1
| #define HAVE_DECL_LE32TOH 1
| #define HAVE_DECL_LE64TOH 1
| #define HAVE_DECL_HTOLE32 1
| #define HAVE_DECL_HTOLE64 1
| #define HAVE_DECL_BE32TOH 1
| #define HAVE_DECL_BE64TOH 1
| #define HAVE_DECL_HTOBE32 1
| #define HAVE_DECL_HTOBE64 1
| #define HAVE_MSG_NOSIGNAL 1
| #define HAVE_VISIBILITY_ATTRIBUTE 1
| /* end confdefs.h.  */
| 
|       #include <db4.8/db_cxx.h>
| 
| int
| main ()
| {
| 
|       #if !((DB_VERSION_MAJOR == 4 && DB_VERSION_MINOR >= 8) || DB_VERSION_MAJOR > 4)
|         #error "failed to find bdb 4.8+"
|       #endif
| 
|   ;
|   return 0;
| }
configure:22608: g++ -m64 -std=c++11 -c -pipe -O2   -Wstack-protector -fstack-protector-all -fPIC -I/home/ubuntu/apr/depends/x86_64-linux-gnu/share/../include/  -DBOOST_SPIRIT_THREADSAFE -DHAVE_BUILD_INFO -D__STDC_FORMAT_MACROS  -U_FORTIFY_SOURCE -D_FORTIFY_SOURCE=2 conftest.cpp >&5
conftest.cpp:51:32: fatal error: bdb48/db_cxx.h: No such file or directory
compilation terminated.
configure:22608: $? = 1
configure: failed program was:
| /* confdefs.h */
| #define PACKAGE_NAME "APR Coin Core"
| #define PACKAGE_TARNAME "aprcoin"
| #define PACKAGE_VERSION "1.1.0"
| #define PACKAGE_STRING "APR Coin Core 1.1.0"
| #define PACKAGE_BUGREPORT "www.apr-coin.com"
| #define PACKAGE_URL ""
| #define HAVE_CXX11 1
| #define STDC_HEADERS 1
| #define HAVE_SYS_TYPES_H 1
| #define HAVE_SYS_STAT_H 1
| #define HAVE_STDLIB_H 1
| #define HAVE_STRING_H 1
| #define HAVE_MEMORY_H 1
| #define HAVE_STRINGS_H 1
| #define HAVE_INTTYPES_H 1
| #define HAVE_STDINT_H 1
| #define HAVE_UNISTD_H 1
| #define HAVE_DLFCN_H 1
| #define LT_OBJDIR ".libs/"
| #define HAVE_PTHREAD_PRIO_INHERIT 1
| #define HAVE_PTHREAD 1
| #define HAVE_DECL_STRERROR_R 1
| #define HAVE_STRERROR_R 1
| #define STRERROR_R_CHAR_P 1
| #define HAVE_FUNC_ATTRIBUTE_VISIBILITY 1
| #define HAVE_ENDIAN_H 1
| #define HAVE_STDIO_H 1
| #define HAVE_STDLIB_H 1
| #define HAVE_UNISTD_H 1
| #define HAVE_STRINGS_H 1
| #define HAVE_SYS_TYPES_H 1
| #define HAVE_SYS_STAT_H 1
| #define HAVE_SYS_SELECT_H 1
| #define HAVE_SYS_PRCTL_H 1
| #define HAVE_GETADDRINFO_A 1
| #define HAVE_INET_PTON 1
| #define HAVE_DECL_STRNLEN 1
| #define HAVE_DECL_LE32TOH 1
| #define HAVE_DECL_LE64TOH 1
| #define HAVE_DECL_HTOLE32 1
| #define HAVE_DECL_HTOLE64 1
| #define HAVE_DECL_BE32TOH 1
| #define HAVE_DECL_BE64TOH 1
| #define HAVE_DECL_HTOBE32 1
| #define HAVE_DECL_HTOBE64 1
| #define HAVE_MSG_NOSIGNAL 1
| #define HAVE_VISIBILITY_ATTRIBUTE 1
| /* end confdefs.h.  */
| 
|       #include <bdb48/db_cxx.h>
| 
| int
| main ()
| {
| 
|       #if !((DB_VERSION_MAJOR == 4 && DB_VERSION_MINOR >= 8) || DB_VERSION_MAJOR > 4)
|         #error "failed to find bdb 4.8+"
|       #endif
| 
|   ;
|   return 0;
| }
configure:22608: g++ -m64 -std=c++11 -c -pipe -O2   -Wstack-protector -fstack-protector-all -fPIC -I/home/ubuntu/apr/depends/x86_64-linux-gnu/share/../include/  -DBOOST_SPIRIT_THREADSAFE -DHAVE_BUILD_INFO -D__STDC_FORMAT_MACROS  -U_FORTIFY_SOURCE -D_FORTIFY_SOURCE=2 conftest.cpp >&5
conftest.cpp:51:34: fatal error: libdb48/db_cxx.h: No such file or directory
compilation terminated.
configure:22608: $? = 1
configure: failed program was:
| /* confdefs.h */
| #define PACKAGE_NAME "APR Coin Core"
| #define PACKAGE_TARNAME "aprcoin"
| #define PACKAGE_VERSION "1.1.0"
| #define PACKAGE_STRING "APR Coin Core 1.1.0"
| #define PACKAGE_BUGREPORT "www.apr-coin.com"
| #define PACKAGE_URL ""
| #define HAVE_CXX11 1
| #define STDC_HEADERS 1
| #define HAVE_SYS_TYPES_H 1
| #define HAVE_SYS_STAT_H 1
| #define HAVE_STDLIB_H 1
| #define HAVE_STRING_H 1
| #define HAVE_MEMORY_H 1
| #define HAVE_STRINGS_H 1
| #define HAVE_INTTYPES_H 1
| #define HAVE_STDINT_H 1
| #define HAVE_UNISTD_H 1
| #define HAVE_DLFCN_H 1
| #define LT_OBJDIR ".libs/"
| #define HAVE_PTHREAD_PRIO_INHERIT 1
| #define HAVE_PTHREAD 1
| #define HAVE_DECL_STRERROR_R 1
| #define HAVE_STRERROR_R 1
| #define STRERROR_R_CHAR_P 1
| #define HAVE_FUNC_ATTRIBUTE_VISIBILITY 1
| #define HAVE_ENDIAN_H 1
| #define HAVE_STDIO_H 1
| #define HAVE_STDLIB_H 1
| #define HAVE_UNISTD_H 1
| #define HAVE_STRINGS_H 1
| #define HAVE_SYS_TYPES_H 1
| #define HAVE_SYS_STAT_H 1
| #define HAVE_SYS_SELECT_H 1
| #define HAVE_SYS_PRCTL_H 1
| #define HAVE_GETADDRINFO_A 1
| #define HAVE_INET_PTON 1
| #define HAVE_DECL_STRNLEN 1
| #define HAVE_DECL_LE32TOH 1
| #define HAVE_DECL_LE64TOH 1
| #define HAVE_DECL_HTOLE32 1
| #define HAVE_DECL_HTOLE64 1
| #define HAVE_DECL_BE32TOH 1
| #define HAVE_DECL_BE64TOH 1
| #define HAVE_DECL_HTOBE32 1
| #define HAVE_DECL_HTOBE64 1
| #define HAVE_MSG_NOSIGNAL 1
| #define HAVE_VISIBILITY_ATTRIBUTE 1
| /* end confdefs.h.  */
| 
|       #include <libdb48/db_cxx.h>
| 
| int
| main ()
| {
| 
|       #if !((DB_VERSION_MAJOR == 4 && DB_VERSION_MINOR >= 8) || DB_VERSION_MAJOR > 4)
|         #error "failed to find bdb 4.8+"
|       #endif
| 
|   ;
|   return 0;
| }
configure:22608: g++ -m64 -std=c++11 -c -pipe -O2   -Wstack-protector -fstack-protector-all -fPIC -I/home/ubuntu/apr/depends/x86_64-linux-gnu/share/../include/  -DBOOST_SPIRIT_THREADSAFE -DHAVE_BUILD_INFO -D__STDC_FORMAT_MACROS  -U_FORTIFY_SOURCE -D_FORTIFY_SOURCE=2 conftest.cpp >&5
conftest.cpp:51:31: fatal error: db48/db_cxx.h: No such file or directory
compilation terminated.
configure:22608: $? = 1
configure: failed program was:
| /* confdefs.h */
| #define PACKAGE_NAME "APR Coin Core"
| #define PACKAGE_TARNAME "aprcoin"
| #define PACKAGE_VERSION "1.1.0"
| #define PACKAGE_STRING "APR Coin Core 1.1.0"
| #define PACKAGE_BUGREPORT "www.apr-coin.com"
| #define PACKAGE_URL ""
| #define HAVE_CXX11 1
| #define STDC_HEADERS 1
| #define HAVE_SYS_TYPES_H 1
| #define HAVE_SYS_STAT_H 1
| #define HAVE_STDLIB_H 1
| #define HAVE_STRING_H 1
| #define HAVE_MEMORY_H 1
| #define HAVE_STRINGS_H 1
| #define HAVE_INTTYPES_H 1
| #define HAVE_STDINT_H 1
| #define HAVE_UNISTD_H 1
| #define HAVE_DLFCN_H 1
| #define LT_OBJDIR ".libs/"
| #define HAVE_PTHREAD_PRIO_INHERIT 1
| #define HAVE_PTHREAD 1
| #define HAVE_DECL_STRERROR_R 1
| #define HAVE_STRERROR_R 1
| #define STRERROR_R_CHAR_P 1
| #define HAVE_FUNC_ATTRIBUTE_VISIBILITY 1
| #define HAVE_ENDIAN_H 1
| #define HAVE_STDIO_H 1
| #define HAVE_STDLIB_H 1
| #define HAVE_UNISTD_H 1
| #define HAVE_STRINGS_H 1
| #define HAVE_SYS_TYPES_H 1
| #define HAVE_SYS_STAT_H 1
| #define HAVE_SYS_SELECT_H 1
| #define HAVE_SYS_PRCTL_H 1
| #define HAVE_GETADDRINFO_A 1
| #define HAVE_INET_PTON 1
| #define HAVE_DECL_STRNLEN 1
| #define HAVE_DECL_LE32TOH 1
| #define HAVE_DECL_LE64TOH 1
| #define HAVE_DECL_HTOLE32 1
| #define HAVE_DECL_HTOLE64 1
| #define HAVE_DECL_BE32TOH 1
| #define HAVE_DECL_BE64TOH 1
| #define HAVE_DECL_HTOBE32 1
| #define HAVE_DECL_HTOBE64 1
| #define HAVE_MSG_NOSIGNAL 1
| #define HAVE_VISIBILITY_ATTRIBUTE 1
| /* end confdefs.h.  */
| 
|       #include <db48/db_cxx.h>
| 
| int
| main ()
| {
| 
|       #if !((DB_VERSION_MAJOR == 4 && DB_VERSION_MINOR >= 8) || DB_VERSION_MAJOR > 4)
|         #error "failed to find bdb 4.8+"
|       #endif
| 
|   ;
|   return 0;
| }
configure:22608: g++ -m64 -std=c++11 -c -pipe -O2   -Wstack-protector -fstack-protector-all -fPIC -I/home/ubuntu/apr/depends/x86_64-linux-gnu/share/../include/  -DBOOST_SPIRIT_THREADSAFE -DHAVE_BUILD_INFO -D__STDC_FORMAT_MACROS  -U_FORTIFY_SOURCE -D_FORTIFY_SOURCE=2 conftest.cpp >&5
conftest.cpp:51:31: fatal error: bdb4/db_cxx.h: No such file or directory
compilation terminated.
configure:22608: $? = 1
configure: failed program was:
| /* confdefs.h */
| #define PACKAGE_NAME "APR Coin Core"
| #define PACKAGE_TARNAME "aprcoin"
| #define PACKAGE_VERSION "1.1.0"
| #define PACKAGE_STRING "APR Coin Core 1.1.0"
| #define PACKAGE_BUGREPORT "www.apr-coin.com"
| #define PACKAGE_URL ""
| #define HAVE_CXX11 1
| #define STDC_HEADERS 1
| #define HAVE_SYS_TYPES_H 1
| #define HAVE_SYS_STAT_H 1
| #define HAVE_STDLIB_H 1
| #define HAVE_STRING_H 1
| #define HAVE_MEMORY_H 1
| #define HAVE_STRINGS_H 1
| #define HAVE_INTTYPES_H 1
| #define HAVE_STDINT_H 1
| #define HAVE_UNISTD_H 1
| #define HAVE_DLFCN_H 1
| #define LT_OBJDIR ".libs/"
| #define HAVE_PTHREAD_PRIO_INHERIT 1
| #define HAVE_PTHREAD 1
| #define HAVE_DECL_STRERROR_R 1
| #define HAVE_STRERROR_R 1
| #define STRERROR_R_CHAR_P 1
| #define HAVE_FUNC_ATTRIBUTE_VISIBILITY 1
| #define HAVE_ENDIAN_H 1
| #define HAVE_STDIO_H 1
| #define HAVE_STDLIB_H 1
| #define HAVE_UNISTD_H 1
| #define HAVE_STRINGS_H 1
| #define HAVE_SYS_TYPES_H 1
| #define HAVE_SYS_STAT_H 1
| #define HAVE_SYS_SELECT_H 1
| #define HAVE_SYS_PRCTL_H 1
| #define HAVE_GETADDRINFO_A 1
| #define HAVE_INET_PTON 1
| #define HAVE_DECL_STRNLEN 1
| #define HAVE_DECL_LE32TOH 1
| #define HAVE_DECL_LE64TOH 1
| #define HAVE_DECL_HTOLE32 1
| #define HAVE_DECL_HTOLE64 1
| #define HAVE_DECL_BE32TOH 1
| #define HAVE_DECL_BE64TOH 1
| #define HAVE_DECL_HTOBE32 1
| #define HAVE_DECL_HTOBE64 1
| #define HAVE_MSG_NOSIGNAL 1
| #define HAVE_VISIBILITY_ATTRIBUTE 1
| /* end confdefs.h.  */
| 
|       #include <bdb4/db_cxx.h>
| 
| int
| main ()
| {
| 
|       #if !((DB_VERSION_MAJOR == 4 && DB_VERSION_MINOR >= 8) || DB_VERSION_MAJOR > 4)
|         #error "failed to find bdb 4.8+"
|       #endif
| 
|   ;
|   return 0;
| }
configure:22608: g++ -m64 -std=c++11 -c -pipe -O2   -Wstack-protector -fstack-protector-all -fPIC -I/home/ubuntu/apr/depends/x86_64-linux-gnu/share/../include/  -DBOOST_SPIRIT_THREADSAFE -DHAVE_BUILD_INFO -D__STDC_FORMAT_MACROS  -U_FORTIFY_SOURCE -D_FORTIFY_SOURCE=2 conftest.cpp >&5
conftest.cpp:51:33: fatal error: libdb4/db_cxx.h: No such file or directory
compilation terminated.
configure:22608: $? = 1
configure: failed program was:
| /* confdefs.h */
| #define PACKAGE_NAME "APR Coin Core"
| #define PACKAGE_TARNAME "aprcoin"
| #define PACKAGE_VERSION "1.1.0"
| #define PACKAGE_STRING "APR Coin Core 1.1.0"
| #define PACKAGE_BUGREPORT "www.apr-coin.com"
| #define PACKAGE_URL ""
| #define HAVE_CXX11 1
| #define STDC_HEADERS 1
| #define HAVE_SYS_TYPES_H 1
| #define HAVE_SYS_STAT_H 1
| #define HAVE_STDLIB_H 1
| #define HAVE_STRING_H 1
| #define HAVE_MEMORY_H 1
| #define HAVE_STRINGS_H 1
| #define HAVE_INTTYPES_H 1
| #define HAVE_STDINT_H 1
| #define HAVE_UNISTD_H 1
| #define HAVE_DLFCN_H 1
| #define LT_OBJDIR ".libs/"
| #define HAVE_PTHREAD_PRIO_INHERIT 1
| #define HAVE_PTHREAD 1
| #define HAVE_DECL_STRERROR_R 1
| #define HAVE_STRERROR_R 1
| #define STRERROR_R_CHAR_P 1
| #define HAVE_FUNC_ATTRIBUTE_VISIBILITY 1
| #define HAVE_ENDIAN_H 1
| #define HAVE_STDIO_H 1
| #define HAVE_STDLIB_H 1
| #define HAVE_UNISTD_H 1
| #define HAVE_STRINGS_H 1
| #define HAVE_SYS_TYPES_H 1
| #define HAVE_SYS_STAT_H 1
| #define HAVE_SYS_SELECT_H 1
| #define HAVE_SYS_PRCTL_H 1
| #define HAVE_GETADDRINFO_A 1
| #define HAVE_INET_PTON 1
| #define HAVE_DECL_STRNLEN 1
| #define HAVE_DECL_LE32TOH 1
| #define HAVE_DECL_LE64TOH 1
| #define HAVE_DECL_HTOLE32 1
| #define HAVE_DECL_HTOLE64 1
| #define HAVE_DECL_BE32TOH 1
| #define HAVE_DECL_BE64TOH 1
| #define HAVE_DECL_HTOBE32 1
| #define HAVE_DECL_HTOBE64 1
| #define HAVE_MSG_NOSIGNAL 1
| #define HAVE_VISIBILITY_ATTRIBUTE 1
| /* end confdefs.h.  */
| 
|       #include <libdb4/db_cxx.h>
| 
| int
| main ()
| {
| 
|       #if !((DB_VERSION_MAJOR == 4 && DB_VERSION_MINOR >= 8) || DB_VERSION_MAJOR > 4)
|         #error "failed to find bdb 4.8+"
|       #endif
| 
|   ;
|   return 0;
| }
configure:22608: g++ -m64 -std=c++11 -c -pipe -O2   -Wstack-protector -fstack-protector-all -fPIC -I/home/ubuntu/apr/depends/x86_64-linux-gnu/share/../include/  -DBOOST_SPIRIT_THREADSAFE -DHAVE_BUILD_INFO -D__STDC_FORMAT_MACROS  -U_FORTIFY_SOURCE -D_FORTIFY_SOURCE=2 conftest.cpp >&5
conftest.cpp:51:30: fatal error: db4/db_cxx.h: No such file or directory
compilation terminated.
configure:22608: $? = 1
configure: failed program was:
| /* confdefs.h */
| #define PACKAGE_NAME "APR Coin Core"
| #define PACKAGE_TARNAME "aprcoin"
| #define PACKAGE_VERSION "1.1.0"
| #define PACKAGE_STRING "APR Coin Core 1.1.0"
| #define PACKAGE_BUGREPORT "www.apr-coin.com"
| #define PACKAGE_URL ""
| #define HAVE_CXX11 1
| #define STDC_HEADERS 1
| #define HAVE_SYS_TYPES_H 1
| #define HAVE_SYS_STAT_H 1
| #define HAVE_STDLIB_H 1
| #define HAVE_STRING_H 1
| #define HAVE_MEMORY_H 1
| #define HAVE_STRINGS_H 1
| #define HAVE_INTTYPES_H 1
| #define HAVE_STDINT_H 1
| #define HAVE_UNISTD_H 1
| #define HAVE_DLFCN_H 1
| #define LT_OBJDIR ".libs/"
| #define HAVE_PTHREAD_PRIO_INHERIT 1
| #define HAVE_PTHREAD 1
| #define HAVE_DECL_STRERROR_R 1
| #define HAVE_STRERROR_R 1
| #define STRERROR_R_CHAR_P 1
| #define HAVE_FUNC_ATTRIBUTE_VISIBILITY 1
| #define HAVE_ENDIAN_H 1
| #define HAVE_STDIO_H 1
| #define HAVE_STDLIB_H 1
| #define HAVE_UNISTD_H 1
| #define HAVE_STRINGS_H 1
| #define HAVE_SYS_TYPES_H 1
| #define HAVE_SYS_STAT_H 1
| #define HAVE_SYS_SELECT_H 1
| #define HAVE_SYS_PRCTL_H 1
| #define HAVE_GETADDRINFO_A 1
| #define HAVE_INET_PTON 1
| #define HAVE_DECL_STRNLEN 1
| #define HAVE_DECL_LE32TOH 1
| #define HAVE_DECL_LE64TOH 1
| #define HAVE_DECL_HTOLE32 1
| #define HAVE_DECL_HTOLE64 1
| #define HAVE_DECL_BE32TOH 1
| #define HAVE_DECL_BE64TOH 1
| #define HAVE_DECL_HTOBE32 1
| #define HAVE_DECL_HTOBE64 1
| #define HAVE_MSG_NOSIGNAL 1
| #define HAVE_VISIBILITY_ATTRIBUTE 1
| /* end confdefs.h.  */
| 
|       #include <db4/db_cxx.h>
| 
| int
| main ()
| {
| 
|       #if !((DB_VERSION_MAJOR == 4 && DB_VERSION_MINOR >= 8) || DB_VERSION_MAJOR > 4)
|         #error "failed to find bdb 4.8+"
|       #endif
| 
|   ;
|   return 0;
| }
configure:22608: g++ -m64 -std=c++11 -c -pipe -O2   -Wstack-protector -fstack-protector-all -fPIC -I/home/ubuntu/apr/depends/x86_64-linux-gnu/share/../include/  -DBOOST_SPIRIT_THREADSAFE -DHAVE_BUILD_INFO -D__STDC_FORMAT_MACROS  -U_FORTIFY_SOURCE -D_FORTIFY_SOURCE=2 conftest.cpp >&5
conftest.cpp:51:31: fatal error: bdb5/db_cxx.h: No such file or directory
compilation terminated.
configure:22608: $? = 1
configure: failed program was:
| /* confdefs.h */
| #define PACKAGE_NAME "APR Coin Core"
| #define PACKAGE_TARNAME "aprcoin"
| #define PACKAGE_VERSION "1.1.0"
| #define PACKAGE_STRING "APR Coin Core 1.1.0"
| #define PACKAGE_BUGREPORT "www.apr-coin.com"
| #define PACKAGE_URL ""
| #define HAVE_CXX11 1
| #define STDC_HEADERS 1
| #define HAVE_SYS_TYPES_H 1
| #define HAVE_SYS_STAT_H 1
| #define HAVE_STDLIB_H 1
| #define HAVE_STRING_H 1
| #define HAVE_MEMORY_H 1
| #define HAVE_STRINGS_H 1
| #define HAVE_INTTYPES_H 1
| #define HAVE_STDINT_H 1
| #define HAVE_UNISTD_H 1
| #define HAVE_DLFCN_H 1
| #define LT_OBJDIR ".libs/"
| #define HAVE_PTHREAD_PRIO_INHERIT 1
| #define HAVE_PTHREAD 1
| #define HAVE_DECL_STRERROR_R 1
| #define HAVE_STRERROR_R 1
| #define STRERROR_R_CHAR_P 1
| #define HAVE_FUNC_ATTRIBUTE_VISIBILITY 1
| #define HAVE_ENDIAN_H 1
| #define HAVE_STDIO_H 1
| #define HAVE_STDLIB_H 1
| #define HAVE_UNISTD_H 1
| #define HAVE_STRINGS_H 1
| #define HAVE_SYS_TYPES_H 1
| #define HAVE_SYS_STAT_H 1
| #define HAVE_SYS_SELECT_H 1
| #define HAVE_SYS_PRCTL_H 1
| #define HAVE_GETADDRINFO_A 1
| #define HAVE_INET_PTON 1
| #define HAVE_DECL_STRNLEN 1
| #define HAVE_DECL_LE32TOH 1
| #define HAVE_DECL_LE64TOH 1
| #define HAVE_DECL_HTOLE32 1
| #define HAVE_DECL_HTOLE64 1
| #define HAVE_DECL_BE32TOH 1
| #define HAVE_DECL_BE64TOH 1
| #define HAVE_DECL_HTOBE32 1
| #define HAVE_DECL_HTOBE64 1
| #define HAVE_MSG_NOSIGNAL 1
| #define HAVE_VISIBILITY_ATTRIBUTE 1
| /* end confdefs.h.  */
| 
|       #include <bdb5/db_cxx.h>
| 
| int
| main ()
| {
| 
|       #if !((DB_VERSION_MAJOR == 4 && DB_VERSION_MINOR >= 8) || DB_VERSION_MAJOR > 4)
|         #error "failed to find bdb 4.8+"
|       #endif
| 
|   ;
|   return 0;
| }
configure:22608: g++ -m64 -std=c++11 -c -pipe -O2   -Wstack-protector -fstack-protector-all -fPIC -I/home/ubuntu/apr/depends/x86_64-linux-gnu/share/../include/  -DBOOST_SPIRIT_THREADSAFE -DHAVE_BUILD_INFO -D__STDC_FORMAT_MACROS  -U_FORTIFY_SOURCE -D_FORTIFY_SOURCE=2 conftest.cpp >&5
conftest.cpp:51:33: fatal error: libdb5/db_cxx.h: No such file or directory
compilation terminated.
configure:22608: $? = 1
configure: failed program was:
| /* confdefs.h */
| #define PACKAGE_NAME "APR Coin Core"
| #define PACKAGE_TARNAME "aprcoin"
| #define PACKAGE_VERSION "1.1.0"
| #define PACKAGE_STRING "APR Coin Core 1.1.0"
| #define PACKAGE_BUGREPORT "www.apr-coin.com"
| #define PACKAGE_URL ""
| #define HAVE_CXX11 1
| #define STDC_HEADERS 1
| #define HAVE_SYS_TYPES_H 1
| #define HAVE_SYS_STAT_H 1
| #define HAVE_STDLIB_H 1
| #define HAVE_STRING_H 1
| #define HAVE_MEMORY_H 1
| #define HAVE_STRINGS_H 1
| #define HAVE_INTTYPES_H 1
| #define HAVE_STDINT_H 1
| #define HAVE_UNISTD_H 1
| #define HAVE_DLFCN_H 1
| #define LT_OBJDIR ".libs/"
| #define HAVE_PTHREAD_PRIO_INHERIT 1
| #define HAVE_PTHREAD 1
| #define HAVE_DECL_STRERROR_R 1
| #define HAVE_STRERROR_R 1
| #define STRERROR_R_CHAR_P 1
| #define HAVE_FUNC_ATTRIBUTE_VISIBILITY 1
| #define HAVE_ENDIAN_H 1
| #define HAVE_STDIO_H 1
| #define HAVE_STDLIB_H 1
| #define HAVE_UNISTD_H 1
| #define HAVE_STRINGS_H 1
| #define HAVE_SYS_TYPES_H 1
| #define HAVE_SYS_STAT_H 1
| #define HAVE_SYS_SELECT_H 1
| #define HAVE_SYS_PRCTL_H 1
| #define HAVE_GETADDRINFO_A 1
| #define HAVE_INET_PTON 1
| #define HAVE_DECL_STRNLEN 1
| #define HAVE_DECL_LE32TOH 1
| #define HAVE_DECL_LE64TOH 1
| #define HAVE_DECL_HTOLE32 1
| #define HAVE_DECL_HTOLE64 1
| #define HAVE_DECL_BE32TOH 1
| #define HAVE_DECL_BE64TOH 1
| #define HAVE_DECL_HTOBE32 1
| #define HAVE_DECL_HTOBE64 1
| #define HAVE_MSG_NOSIGNAL 1
| #define HAVE_VISIBILITY_ATTRIBUTE 1
| /* end confdefs.h.  */
| 
|       #include <libdb5/db_cxx.h>
| 
| int
| main ()
| {
| 
|       #if !((DB_VERSION_MAJOR == 4 && DB_VERSION_MINOR >= 8) || DB_VERSION_MAJOR > 4)
|         #error "failed to find bdb 4.8+"
|       #endif
| 
|   ;
|   return 0;
| }
configure:22608: g++ -m64 -std=c++11 -c -pipe -O2   -Wstack-protector -fstack-protector-all -fPIC -I/home/ubuntu/apr/depends/x86_64-linux-gnu/share/../include/  -DBOOST_SPIRIT_THREADSAFE -DHAVE_BUILD_INFO -D__STDC_FORMAT_MACROS  -U_FORTIFY_SOURCE -D_FORTIFY_SOURCE=2 conftest.cpp >&5
conftest.cpp:51:30: fatal error: db5/db_cxx.h: No such file or directory
compilation terminated.
configure:22608: $? = 1
configure: failed program was:
| /* confdefs.h */
| #define PACKAGE_NAME "APR Coin Core"
| #define PACKAGE_TARNAME "aprcoin"
| #define PACKAGE_VERSION "1.1.0"
| #define PACKAGE_STRING "APR Coin Core 1.1.0"
| #define PACKAGE_BUGREPORT "www.apr-coin.com"
| #define PACKAGE_URL ""
| #define HAVE_CXX11 1
| #define STDC_HEADERS 1
| #define HAVE_SYS_TYPES_H 1
| #define HAVE_SYS_STAT_H 1
| #define HAVE_STDLIB_H 1
| #define HAVE_STRING_H 1
| #define HAVE_MEMORY_H 1
| #define HAVE_STRINGS_H 1
| #define HAVE_INTTYPES_H 1
| #define HAVE_STDINT_H 1
| #define HAVE_UNISTD_H 1
| #define HAVE_DLFCN_H 1
| #define LT_OBJDIR ".libs/"
| #define HAVE_PTHREAD_PRIO_INHERIT 1
| #define HAVE_PTHREAD 1
| #define HAVE_DECL_STRERROR_R 1
| #define HAVE_STRERROR_R 1
| #define STRERROR_R_CHAR_P 1
| #define HAVE_FUNC_ATTRIBUTE_VISIBILITY 1
| #define HAVE_ENDIAN_H 1
| #define HAVE_STDIO_H 1
| #define HAVE_STDLIB_H 1
| #define HAVE_UNISTD_H 1
| #define HAVE_STRINGS_H 1
| #define HAVE_SYS_TYPES_H 1
| #define HAVE_SYS_STAT_H 1
| #define HAVE_SYS_SELECT_H 1
| #define HAVE_SYS_PRCTL_H 1
| #define HAVE_GETADDRINFO_A 1
| #define HAVE_INET_PTON 1
| #define HAVE_DECL_STRNLEN 1
| #define HAVE_DECL_LE32TOH 1
| #define HAVE_DECL_LE64TOH 1
| #define HAVE_DECL_HTOLE32 1
| #define HAVE_DECL_HTOLE64 1
| #define HAVE_DECL_BE32TOH 1
| #define HAVE_DECL_BE64TOH 1
| #define HAVE_DECL_HTOBE32 1
| #define HAVE_DECL_HTOBE64 1
| #define HAVE_MSG_NOSIGNAL 1
| #define HAVE_VISIBILITY_ATTRIBUTE 1
| /* end confdefs.h.  */
| 
|       #include <db5/db_cxx.h>
| 
| int
| main ()
| {
| 
|       #if !((DB_VERSION_MAJOR == 4 && DB_VERSION_MINOR >= 8) || DB_VERSION_MAJOR > 4)
|         #error "failed to find bdb 4.8+"
|       #endif
| 
|   ;
|   return 0;
| }
configure:22608: g++ -m64 -std=c++11 -c -pipe -O2   -Wstack-protector -fstack-protector-all -fPIC -I/home/ubuntu/apr/depends/x86_64-linux-gnu/share/../include/  -DBOOST_SPIRIT_THREADSAFE -DHAVE_BUILD_INFO -D__STDC_FORMAT_MACROS  -U_FORTIFY_SOURCE -D_FORTIFY_SOURCE=2 conftest.cpp >&5
conftest.cpp:51:30: fatal error: bdb/db_cxx.h: No such file or directory
compilation terminated.
configure:22608: $? = 1
configure: failed program was:
| /* confdefs.h */
| #define PACKAGE_NAME "APR Coin Core"
| #define PACKAGE_TARNAME "aprcoin"
| #define PACKAGE_VERSION "1.1.0"
| #define PACKAGE_STRING "APR Coin Core 1.1.0"
| #define PACKAGE_BUGREPORT "www.apr-coin.com"
| #define PACKAGE_URL ""
| #define HAVE_CXX11 1
| #define STDC_HEADERS 1
| #define HAVE_SYS_TYPES_H 1
| #define HAVE_SYS_STAT_H 1
| #define HAVE_STDLIB_H 1
| #define HAVE_STRING_H 1
| #define HAVE_MEMORY_H 1
| #define HAVE_STRINGS_H 1
| #define HAVE_INTTYPES_H 1
| #define HAVE_STDINT_H 1
| #define HAVE_UNISTD_H 1
| #define HAVE_DLFCN_H 1
| #define LT_OBJDIR ".libs/"
| #define HAVE_PTHREAD_PRIO_INHERIT 1
| #define HAVE_PTHREAD 1
| #define HAVE_DECL_STRERROR_R 1
| #define HAVE_STRERROR_R 1
| #define STRERROR_R_CHAR_P 1
| #define HAVE_FUNC_ATTRIBUTE_VISIBILITY 1
| #define HAVE_ENDIAN_H 1
| #define HAVE_STDIO_H 1
| #define HAVE_STDLIB_H 1
| #define HAVE_UNISTD_H 1
| #define HAVE_STRINGS_H 1
| #define HAVE_SYS_TYPES_H 1
| #define HAVE_SYS_STAT_H 1
| #define HAVE_SYS_SELECT_H 1
| #define HAVE_SYS_PRCTL_H 1
| #define HAVE_GETADDRINFO_A 1
| #define HAVE_INET_PTON 1
| #define HAVE_DECL_STRNLEN 1
| #define HAVE_DECL_LE32TOH 1
| #define HAVE_DECL_LE64TOH 1
| #define HAVE_DECL_HTOLE32 1
| #define HAVE_DECL_HTOLE64 1
| #define HAVE_DECL_BE32TOH 1
| #define HAVE_DECL_BE64TOH 1
| #define HAVE_DECL_HTOBE32 1
| #define HAVE_DECL_HTOBE64 1
| #define HAVE_MSG_NOSIGNAL 1
| #define HAVE_VISIBILITY_ATTRIBUTE 1
| /* end confdefs.h.  */
| 
|       #include <bdb/db_cxx.h>
| 
| int
| main ()
| {
| 
|       #if !((DB_VERSION_MAJOR == 4 && DB_VERSION_MINOR >= 8) || DB_VERSION_MAJOR > 4)
|         #error "failed to find bdb 4.8+"
|       #endif
| 
|   ;
|   return 0;
| }
configure:22608: g++ -m64 -std=c++11 -c -pipe -O2   -Wstack-protector -fstack-protector-all -fPIC -I/home/ubuntu/apr/depends/x86_64-linux-gnu/share/../include/  -DBOOST_SPIRIT_THREADSAFE -DHAVE_BUILD_INFO -D__STDC_FORMAT_MACROS  -U_FORTIFY_SOURCE -D_FORTIFY_SOURCE=2 conftest.cpp >&5
conftest.cpp:51:32: fatal error: libdb/db_cxx.h: No such file or directory
compilation terminated.
configure:22608: $? = 1
configure: failed program was:
| /* confdefs.h */
| #define PACKAGE_NAME "APR Coin Core"
| #define PACKAGE_TARNAME "aprcoin"
| #define PACKAGE_VERSION "1.1.0"
| #define PACKAGE_STRING "APR Coin Core 1.1.0"
| #define PACKAGE_BUGREPORT "www.apr-coin.com"
| #define PACKAGE_URL ""
| #define HAVE_CXX11 1
| #define STDC_HEADERS 1
| #define HAVE_SYS_TYPES_H 1
| #define HAVE_SYS_STAT_H 1
| #define HAVE_STDLIB_H 1
| #define HAVE_STRING_H 1
| #define HAVE_MEMORY_H 1
| #define HAVE_STRINGS_H 1
| #define HAVE_INTTYPES_H 1
| #define HAVE_STDINT_H 1
| #define HAVE_UNISTD_H 1
| #define HAVE_DLFCN_H 1
| #define LT_OBJDIR ".libs/"
| #define HAVE_PTHREAD_PRIO_INHERIT 1
| #define HAVE_PTHREAD 1
| #define HAVE_DECL_STRERROR_R 1
| #define HAVE_STRERROR_R 1
| #define STRERROR_R_CHAR_P 1
| #define HAVE_FUNC_ATTRIBUTE_VISIBILITY 1
| #define HAVE_ENDIAN_H 1
| #define HAVE_STDIO_H 1
| #define HAVE_STDLIB_H 1
| #define HAVE_UNISTD_H 1
| #define HAVE_STRINGS_H 1
| #define HAVE_SYS_TYPES_H 1
| #define HAVE_SYS_STAT_H 1
| #define HAVE_SYS_SELECT_H 1
| #define HAVE_SYS_PRCTL_H 1
| #define HAVE_GETADDRINFO_A 1
| #define HAVE_INET_PTON 1
| #define HAVE_DECL_STRNLEN 1
| #define HAVE_DECL_LE32TOH 1
| #define HAVE_DECL_LE64TOH 1
| #define HAVE_DECL_HTOLE32 1
| #define HAVE_DECL_HTOLE64 1
| #define HAVE_DECL_BE32TOH 1
| #define HAVE_DECL_BE64TOH 1
| #define HAVE_DECL_HTOBE32 1
| #define HAVE_DECL_HTOBE64 1
| #define HAVE_MSG_NOSIGNAL 1
| #define HAVE_VISIBILITY_ATTRIBUTE 1
| /* end confdefs.h.  */
| 
|       #include <libdb/db_cxx.h>
| 
| int
| main ()
| {
| 
|       #if !((DB_VERSION_MAJOR == 4 && DB_VERSION_MINOR >= 8) || DB_VERSION_MAJOR > 4)
|         #error "failed to find bdb 4.8+"
|       #endif
| 
|   ;
|   return 0;
| }
configure:22608: g++ -m64 -std=c++11 -c -pipe -O2   -Wstack-protector -fstack-protector-all -fPIC -I/home/ubuntu/apr/depends/x86_64-linux-gnu/share/../include/  -DBOOST_SPIRIT_THREADSAFE -DHAVE_BUILD_INFO -D__STDC_FORMAT_MACROS  -U_FORTIFY_SOURCE -D_FORTIFY_SOURCE=2 conftest.cpp >&5
conftest.cpp:51:29: fatal error: db/db_cxx.h: No such file or directory
compilation terminated.
configure:22608: $? = 1
configure: failed program was:
| /* confdefs.h */
| #define PACKAGE_NAME "APR Coin Core"
| #define PACKAGE_TARNAME "aprcoin"
| #define PACKAGE_VERSION "1.1.0"
| #define PACKAGE_STRING "APR Coin Core 1.1.0"
| #define PACKAGE_BUGREPORT "www.apr-coin.com"
| #define PACKAGE_URL ""
| #define HAVE_CXX11 1
| #define STDC_HEADERS 1
| #define HAVE_SYS_TYPES_H 1
| #define HAVE_SYS_STAT_H 1
| #define HAVE_STDLIB_H 1
| #define HAVE_STRING_H 1
| #define HAVE_MEMORY_H 1
| #define HAVE_STRINGS_H 1
| #define HAVE_INTTYPES_H 1
| #define HAVE_STDINT_H 1
| #define HAVE_UNISTD_H 1
| #define HAVE_DLFCN_H 1
| #define LT_OBJDIR ".libs/"
| #define HAVE_PTHREAD_PRIO_INHERIT 1
| #define HAVE_PTHREAD 1
| #define HAVE_DECL_STRERROR_R 1
| #define HAVE_STRERROR_R 1
| #define STRERROR_R_CHAR_P 1
| #define HAVE_FUNC_ATTRIBUTE_VISIBILITY 1
| #define HAVE_ENDIAN_H 1
| #define HAVE_STDIO_H 1
| #define HAVE_STDLIB_H 1
| #define HAVE_UNISTD_H 1
| #define HAVE_STRINGS_H 1
| #define HAVE_SYS_TYPES_H 1
| #define HAVE_SYS_STAT_H 1
| #define HAVE_SYS_SELECT_H 1
| #define HAVE_SYS_PRCTL_H 1
| #define HAVE_GETADDRINFO_A 1
| #define HAVE_INET_PTON 1
| #define HAVE_DECL_STRNLEN 1
| #define HAVE_DECL_LE32TOH 1
| #define HAVE_DECL_LE64TOH 1
| #define HAVE_DECL_HTOLE32 1
| #define HAVE_DECL_HTOLE64 1
| #define HAVE_DECL_BE32TOH 1
| #define HAVE_DECL_BE64TOH 1
| #define HAVE_DECL_HTOBE32 1
| #define HAVE_DECL_HTOBE64 1
| #define HAVE_MSG_NOSIGNAL 1
| #define HAVE_VISIBILITY_ATTRIBUTE 1
| /* end confdefs.h.  */
| 
|       #include <db/db_cxx.h>
| 
| int
| main ()
| {
| 
|       #if !((DB_VERSION_MAJOR == 4 && DB_VERSION_MINOR >= 8) || DB_VERSION_MAJOR > 4)
|         #error "failed to find bdb 4.8+"
|       #endif
| 
|   ;
|   return 0;
| }
configure:22608: g++ -m64 -std=c++11 -c -pipe -O2   -Wstack-protector -fstack-protector-all -fPIC -I/home/ubuntu/apr/depends/x86_64-linux-gnu/share/../include/  -DBOOST_SPIRIT_THREADSAFE -DHAVE_BUILD_INFO -D__STDC_FORMAT_MACROS  -U_FORTIFY_SOURCE -D_FORTIFY_SOURCE=2 conftest.cpp >&5
configure:22608: $? = 0
configure:22637: g++ -m64 -std=c++11 -c -pipe -O2   -Wstack-protector -fstack-protector-all -fPIC -I/home/ubuntu/apr/depends/x86_64-linux-gnu/share/../include/  -DBOOST_SPIRIT_THREADSAFE -DHAVE_BUILD_INFO -D__STDC_FORMAT_MACROS  -U_FORTIFY_SOURCE -D_FORTIFY_SOURCE=2 conftest.cpp >&5
configure:22637: $? = 0
configure:22680: result: default
configure:22699: checking for main in -ldb_cxx-4.8
configure:22718: g++ -m64 -std=c++11 -o conftest -pipe -O2   -Wstack-protector -fstack-protector-all -fPIC -I/home/ubuntu/apr/depends/x86_64-linux-gnu/share/../include/  -DBOOST_SPIRIT_THREADSAFE -DHAVE_BUILD_INFO -D__STDC_FORMAT_MACROS  -U_FORTIFY_SOURCE -D_FORTIFY_SOURCE=2 -L/home/ubuntu/apr/depends/x86_64-linux-gnu/share/../lib   -Wl,-z,relro -Wl,-z,now conftest.cpp -ldb_cxx-4.8  -lanl  >&5
configure:22718: $? = 0
configure:22728: result: yes
configure:22749: checking miniupnpc/miniwget.h usability
configure:22749: g++ -m64 -std=c++11 -c -pipe -O2   -Wstack-protector -fstack-protector-all -fPIC -I/home/ubuntu/apr/depends/x86_64-linux-gnu/share/../include/  -DBOOST_SPIRIT_THREADSAFE -DHAVE_BUILD_INFO -D__STDC_FORMAT_MACROS  -U_FORTIFY_SOURCE -D_FORTIFY_SOURCE=2 conftest.cpp >&5
configure:22749: $? = 0
configure:22749: result: yes
configure:22749: checking miniupnpc/miniwget.h presence
configure:22749: g++ -m64 -std=c++11 -E -I/home/ubuntu/apr/depends/x86_64-linux-gnu/share/../include/  -DBOOST_SPIRIT_THREADSAFE -DHAVE_BUILD_INFO -D__STDC_FORMAT_MACROS  -U_FORTIFY_SOURCE -D_FORTIFY_SOURCE=2 conftest.cpp
configure:22749: $? = 0
configure:22749: result: yes
configure:22749: checking for miniupnpc/miniwget.h
configure:22749: result: yes
configure:22754: checking for main in -lminiupnpc
configure:22773: g++ -m64 -std=c++11 -o conftest -pipe -O2   -Wstack-protector -fstack-protector-all -fPIC -I/home/ubuntu/apr/depends/x86_64-linux-gnu/share/../include/  -DBOOST_SPIRIT_THREADSAFE -DHAVE_BUILD_INFO -D__STDC_FORMAT_MACROS  -U_FORTIFY_SOURCE -D_FORTIFY_SOURCE=2 -L/home/ubuntu/apr/depends/x86_64-linux-gnu/share/../lib   -Wl,-z,relro -Wl,-z,now conftest.cpp -lminiupnpc  -lanl  >&5
configure:22773: $? = 0
configure:22782: result: yes
configure:22749: checking miniupnpc/miniupnpc.h usability
configure:22749: g++ -m64 -std=c++11 -c -pipe -O2   -Wstack-protector -fstack-protector-all -fPIC -I/home/ubuntu/apr/depends/x86_64-linux-gnu/share/../include/  -DBOOST_SPIRIT_THREADSAFE -DHAVE_BUILD_INFO -D__STDC_FORMAT_MACROS  -U_FORTIFY_SOURCE -D_FORTIFY_SOURCE=2 conftest.cpp >&5
configure:22749: $? = 0
configure:22749: result: yes
configure:22749: checking miniupnpc/miniupnpc.h presence
configure:22749: g++ -m64 -std=c++11 -E -I/home/ubuntu/apr/depends/x86_64-linux-gnu/share/../include/  -DBOOST_SPIRIT_THREADSAFE -DHAVE_BUILD_INFO -D__STDC_FORMAT_MACROS  -U_FORTIFY_SOURCE -D_FORTIFY_SOURCE=2 conftest.cpp
configure:22749: $? = 0
configure:22749: result: yes
configure:22749: checking for miniupnpc/miniupnpc.h
configure:22749: result: yes
configure:22754: checking for main in -lminiupnpc
configure:22782: result: yes
configure:22749: checking miniupnpc/upnpcommands.h usability
configure:22749: g++ -m64 -std=c++11 -c -pipe -O2   -Wstack-protector -fstack-protector-all -fPIC -I/home/ubuntu/apr/depends/x86_64-linux-gnu/share/../include/  -DBOOST_SPIRIT_THREADSAFE -DHAVE_BUILD_INFO -D__STDC_FORMAT_MACROS  -U_FORTIFY_SOURCE -D_FORTIFY_SOURCE=2 conftest.cpp >&5
configure:22749: $? = 0
configure:22749: result: yes
configure:22749: checking miniupnpc/upnpcommands.h presence
configure:22749: g++ -m64 -std=c++11 -E -I/home/ubuntu/apr/depends/x86_64-linux-gnu/share/../include/  -DBOOST_SPIRIT_THREADSAFE -DHAVE_BUILD_INFO -D__STDC_FORMAT_MACROS  -U_FORTIFY_SOURCE -D_FORTIFY_SOURCE=2 conftest.cpp
configure:22749: $? = 0
configure:22749: result: yes
configure:22749: checking for miniupnpc/upnpcommands.h
configure:22749: result: yes
configure:22754: checking for main in -lminiupnpc
configure:22782: result: yes
configure:22749: checking miniupnpc/upnperrors.h usability
configure:22749: g++ -m64 -std=c++11 -c -pipe -O2   -Wstack-protector -fstack-protector-all -fPIC -I/home/ubuntu/apr/depends/x86_64-linux-gnu/share/../include/  -DBOOST_SPIRIT_THREADSAFE -DHAVE_BUILD_INFO -D__STDC_FORMAT_MACROS  -U_FORTIFY_SOURCE -D_FORTIFY_SOURCE=2 conftest.cpp >&5
configure:22749: $? = 0
configure:22749: result: yes
configure:22749: checking miniupnpc/upnperrors.h presence
configure:22749: g++ -m64 -std=c++11 -E -I/home/ubuntu/apr/depends/x86_64-linux-gnu/share/../include/  -DBOOST_SPIRIT_THREADSAFE -DHAVE_BUILD_INFO -D__STDC_FORMAT_MACROS  -U_FORTIFY_SOURCE -D_FORTIFY_SOURCE=2 conftest.cpp
configure:22749: $? = 0
configure:22749: result: yes
configure:22749: checking for miniupnpc/upnperrors.h
configure:22749: result: yes
configure:22754: checking for main in -lminiupnpc
configure:22782: result: yes
configure:22892: checking for QT
configure:22899: $PKG_CONFIG --exists --print-errors "$qt5_modules"
configure:22902: $? = 0
configure:22916: $PKG_CONFIG --exists --print-errors "$qt5_modules"
configure:22919: $? = 0
configure:22957: result: yes
configure:23209: checking for QT_TEST
configure:23216: $PKG_CONFIG --exists --print-errors "${QT_LIB_PREFIX}Test"
configure:23219: $? = 0
configure:23233: $PKG_CONFIG --exists --print-errors "${QT_LIB_PREFIX}Test"
configure:23236: $? = 0
configure:23274: result: yes
configure:23281: checking for QT_DBUS
configure:23288: $PKG_CONFIG --exists --print-errors "${QT_LIB_PREFIX}DBus"
configure:23291: $? = 0
configure:23305: $PKG_CONFIG --exists --print-errors "${QT_LIB_PREFIX}DBus"
configure:23308: $? = 0
configure:23346: result: yes
configure:24313: checking for static Qt
configure:24336: g++ -m64 -std=c++11 -c  -pipe -O2   -Wstack-protector -fstack-protector-all -fPIC -I/home/ubuntu/apr/depends/x86_64-linux-gnu/include/QtNetwork -I/home/ubuntu/apr/depends/x86_64-linux-gnu/include/QtWidgets -I/home/ubuntu/apr/depends/x86_64-linux-gnu/include/QtGui -I/home/ubuntu/apr/depends/x86_64-linux-gnu/include/QtCore -I/home/ubuntu/apr/depends/x86_64-linux-gnu/share/../include/  -DBOOST_SPIRIT_THREADSAFE -DHAVE_BUILD_INFO -D__STDC_FORMAT_MACROS  -U_FORTIFY_SOURCE -D_FORTIFY_SOURCE=2 conftest.cpp >&5
configure:24336: $? = 0
configure:24344: result: yes
configure:24365: checking for QTPLATFORM
configure:24372: $PKG_CONFIG --exists --print-errors "Qt5PlatformSupport"
configure:24375: $? = 0
configure:24389: $PKG_CONFIG --exists --print-errors "Qt5PlatformSupport"
configure:24392: $? = 0
configure:24450: result: yes
configure:24457: checking for X11XCB
configure:24464: $PKG_CONFIG --exists --print-errors "x11-xcb"
configure:24467: $? = 0
configure:24481: $PKG_CONFIG --exists --print-errors "x11-xcb"
configure:24484: $? = 0
configure:24542: result: yes
configure:24549: checking for QTXCBQPA
configure:24556: $PKG_CONFIG --exists --print-errors "Qt5XcbQpa"
configure:24559: $? = 0
configure:24573: $PKG_CONFIG --exists --print-errors "Qt5XcbQpa"
configure:24576: $? = 0
configure:24634: result: yes
configure:24841: checking for Qt < 5.4
configure:24861: g++ -m64 -std=c++11 -c  -pipe -O2   -Wstack-protector -fstack-protector-all -fPIC -I/home/ubuntu/apr/depends/x86_64-linux-gnu/include/QtNetwork -I/home/ubuntu/apr/depends/x86_64-linux-gnu/include/QtWidgets -I/home/ubuntu/apr/depends/x86_64-linux-gnu/include/QtGui -I/home/ubuntu/apr/depends/x86_64-linux-gnu/include/QtCore -I/home/ubuntu/apr/depends/x86_64-linux-gnu/share/../include/  -DBOOST_SPIRIT_THREADSAFE -DHAVE_BUILD_INFO -D__STDC_FORMAT_MACROS  -U_FORTIFY_SOURCE -D_FORTIFY_SOURCE=2 conftest.cpp >&5
conftest.cpp: In function 'int main()':
conftest.cpp:61:11: error: 'choke' was not declared in this scope
           choke;
           ^
configure:24861: $? = 1
configure: failed program was:
| /* confdefs.h */
| #define PACKAGE_NAME "APR Coin Core"
| #define PACKAGE_TARNAME "aprcoin"
| #define PACKAGE_VERSION "1.1.0"
| #define PACKAGE_STRING "APR Coin Core 1.1.0"
| #define PACKAGE_BUGREPORT "www.apr-coin.com"
| #define PACKAGE_URL ""
| #define HAVE_CXX11 1
| #define STDC_HEADERS 1
| #define HAVE_SYS_TYPES_H 1
| #define HAVE_SYS_STAT_H 1
| #define HAVE_STDLIB_H 1
| #define HAVE_STRING_H 1
| #define HAVE_MEMORY_H 1
| #define HAVE_STRINGS_H 1
| #define HAVE_INTTYPES_H 1
| #define HAVE_STDINT_H 1
| #define HAVE_UNISTD_H 1
| #define HAVE_DLFCN_H 1
| #define LT_OBJDIR ".libs/"
| #define HAVE_PTHREAD_PRIO_INHERIT 1
| #define HAVE_PTHREAD 1
| #define HAVE_DECL_STRERROR_R 1
| #define HAVE_STRERROR_R 1
| #define STRERROR_R_CHAR_P 1
| #define HAVE_FUNC_ATTRIBUTE_VISIBILITY 1
| #define HAVE_ENDIAN_H 1
| #define HAVE_STDIO_H 1
| #define HAVE_STDLIB_H 1
| #define HAVE_UNISTD_H 1
| #define HAVE_STRINGS_H 1
| #define HAVE_SYS_TYPES_H 1
| #define HAVE_SYS_STAT_H 1
| #define HAVE_SYS_SELECT_H 1
| #define HAVE_SYS_PRCTL_H 1
| #define HAVE_GETADDRINFO_A 1
| #define HAVE_INET_PTON 1
| #define HAVE_DECL_STRNLEN 1
| #define HAVE_DECL_LE32TOH 1
| #define HAVE_DECL_LE64TOH 1
| #define HAVE_DECL_HTOLE32 1
| #define HAVE_DECL_HTOLE64 1
| #define HAVE_DECL_BE32TOH 1
| #define HAVE_DECL_BE64TOH 1
| #define HAVE_DECL_HTOBE32 1
| #define HAVE_DECL_HTOBE64 1
| #define HAVE_MSG_NOSIGNAL 1
| #define HAVE_VISIBILITY_ATTRIBUTE 1
| #define HAVE_MINIUPNPC_MINIWGET_H 1
| #define HAVE_MINIUPNPC_MINIUPNPC_H 1
| #define HAVE_MINIUPNPC_UPNPCOMMANDS_H 1
| #define HAVE_MINIUPNPC_UPNPERRORS_H 1
| #define QT_STATICPLUGIN 1
| /* end confdefs.h.  */
| #include <QtCore>
| int
| main ()
| {
| 
|           #if QT_VERSION >= 0x050400
|           choke;
|           #endif
| 
|   ;
|   return 0;
| }
configure:24869: result: no
configure:24961: checking for static Qt plugins: -lqxcb -lxcb-static
configure:24979: g++ -m64 -std=c++11 -o conftest  -pipe -O2   -Wstack-protector -fstack-protector-all -fPIC -I/home/ubuntu/apr/depends/x86_64-linux-gnu/include/QtNetwork -I/home/ubuntu/apr/depends/x86_64-linux-gnu/include/QtWidgets -I/home/ubuntu/apr/depends/x86_64-linux-gnu/include/QtGui -I/home/ubuntu/apr/depends/x86_64-linux-gnu/include/QtCore -I/home/ubuntu/apr/depends/x86_64-linux-gnu/share/../include/  -DBOOST_SPIRIT_THREADSAFE -DHAVE_BUILD_INFO -D__STDC_FORMAT_MACROS  -U_FORTIFY_SOURCE -D_FORTIFY_SOURCE=2 -L/home/ubuntu/apr/depends/x86_64-linux-gnu/share/../lib   -Wl,-z,relro -Wl,-z,now conftest.cpp -lqxcb -lxcb-static -L/home/ubuntu/apr/depends/x86_64-linux-gnu/lib -L//home/ubuntu/apr/depends/x86_64-linux-gnu/lib -L/home/ubuntu/apr/depends/x86_64-linux-gnu/lib -lQt5XcbQpa -lX11 -lX11-xcb -lxcb -lxcb-static -lQt5PlatformSupport -lQt5DBus -lfontconfig -lfreetype -lQt5Gui -lqtpng -lqtharfbuzzng -lQt5Core -lz -lqtpcre -lm -ldl -lrt -lpthread -lfontconfig -lfreetype -lQt5PlatformSupport -lQt5Gui -lqtpng -lqtharfbuzzng -lQt5DBus -lQt5Core -lz -lqtpcre -lm -ldl -lrt -lpthread -lfontconfig -lfreetype -lQt5Gui -lQt5Core -lz -lqtpcre -lm -ldl -lrt -lpthread -lqtpng -lqtharfbuzzng -lz -lQt5Core -lpthread -lz -lqtpcre -lm -ldl -lrt -L/home/ubuntu/apr/depends/x86_64-linux-gnu/lib -lX11-xcb -lX11 -lpthread -lxcb -lXau -L/home/ubuntu/apr/depends/x86_64-linux-gnu/lib -lQt5PlatformSupport -lQt5Gui -lqtpng -lqtharfbuzzng -lQt5DBus -lQt5Core -lz -lqtpcre -lm -ldl -lrt -lpthread -lfontconfig -lfreetype -lQt5Gui -lQt5Core -lz -lqtpcre -lm -ldl -lrt -lpthread -lqtpng -lqtharfbuzzng -lz -lQt5Core -lpthread -lz -lqtpcre -lm -ldl -lrt -L/home/ubuntu/apr/depends/x86_64-linux-gnu/lib -lQt5Network -lQt5Core -lz -lqtpcre -lm -ldl -lrt -lpthread -lz -lssl -lcrypto -lQt5Widgets -lQt5Gui -lqtpng -lqtharfbuzzng -lQt5Core -lz -lqtpcre -lm -ldl -lrt -lpthread -lQt5Gui -lQt5Core -lz -lqtpcre -lm -ldl -lrt -lpthread -lqtpng -lqtharfbuzzng -lz -lQt5Core -lpthread -lz -lqtpcre -lm -ldl -lrt -L/home/ubuntu/apr/depends/x86_64-linux-gnu/share/../plugins/platforms -lanl  >&5
conftest.cpp:56:0: warning: "QT_STATICPLUGIN" redefined
     #define QT_STATICPLUGIN
 ^
conftest.cpp:53:0: note: this is the location of the previous definition
 #define QT_STATICPLUGIN 1
 ^
configure:24979: $? = 0
configure:24980: result: yes
configure:25160: checking whether -fPIE can be used with this Qt config
configure:25181: g++ -m64 -std=c++11 -c  -pipe -O2   -Wstack-protector -fstack-protector-all -fPIC -I/home/ubuntu/apr/depends/x86_64-linux-gnu/include/QtNetwork -I/home/ubuntu/apr/depends/x86_64-linux-gnu/include/QtWidgets -I/home/ubuntu/apr/depends/x86_64-linux-gnu/include/QtGui -I/home/ubuntu/apr/depends/x86_64-linux-gnu/include/QtCore -I/home/ubuntu/apr/depends/x86_64-linux-gnu/share/../include/  -DBOOST_SPIRIT_THREADSAFE -DHAVE_BUILD_INFO -D__STDC_FORMAT_MACROS  -U_FORTIFY_SOURCE -D_FORTIFY_SOURCE=2 -DHAVE_QT5 conftest.cpp >&5
configure:25181: $? = 0
configure:25182: result: yes
configure:25250: checking for moc-qt5
configure:25283: result: no
configure:25250: checking for moc5
configure:25283: result: no
configure:25250: checking for moc
configure:25268: found /home/ubuntu/apr/depends/x86_64-linux-gnu/share/../native/bin/moc
configure:25280: result: /home/ubuntu/apr/depends/x86_64-linux-gnu/share/../native/bin/moc
configure:25369: checking for uic-qt5
configure:25402: result: no
configure:25369: checking for uic5
configure:25402: result: no
configure:25369: checking for uic
configure:25387: found /home/ubuntu/apr/depends/x86_64-linux-gnu/share/../native/bin/uic
configure:25399: result: /home/ubuntu/apr/depends/x86_64-linux-gnu/share/../native/bin/uic
configure:25488: checking for rcc-qt5
configure:25521: result: no
configure:25488: checking for rcc5
configure:25521: result: no
configure:25488: checking for rcc
configure:25506: found /home/ubuntu/apr/depends/x86_64-linux-gnu/share/../native/bin/rcc
configure:25518: result: /home/ubuntu/apr/depends/x86_64-linux-gnu/share/../native/bin/rcc
configure:25607: checking for lrelease-qt5
configure:25640: result: no
configure:25607: checking for lrelease5
configure:25640: result: no
configure:25607: checking for lrelease
configure:25625: found /home/ubuntu/apr/depends/x86_64-linux-gnu/share/../native/bin/lrelease
configure:25637: result: /home/ubuntu/apr/depends/x86_64-linux-gnu/share/../native/bin/lrelease
configure:25726: checking for lupdate-qt5
configure:25759: result: no
configure:25726: checking for lupdate5
configure:25759: result: no
configure:25726: checking for lupdate
configure:25759: result: no
configure:25941: checking whether to build APR Coin Core GUI
configure:25960: WARNING: "lupdate is required to update qt translations"
configure:25971: result: yes (Qt5)
configure:26043: checking for boostlib >= 1.20.0
configure:26128: g++ -m64 -std=c++11 -c -pipe -O2   -Wstack-protector -fstack-protector-all -fPIC -I/home/ubuntu/apr/depends/x86_64-linux-gnu/share/../include/  -DBOOST_SPIRIT_THREADSAFE -DHAVE_BUILD_INFO -D__STDC_FORMAT_MACROS  -U_FORTIFY_SOURCE -D_FORTIFY_SOURCE=2 -DHAVE_QT5 -I/home/ubuntu/apr/depends/x86_64-linux-gnu/share/../include conftest.cpp >&5
configure:26128: $? = 0
configure:26130: result: yes
configure:26314: checking whether the Boost::System library is available
configure:26338: g++ -m64 -std=c++11 -c -pipe -O2   -Wstack-protector -fstack-protector-all -fPIC -I/home/ubuntu/apr/depends/x86_64-linux-gnu/share/../include/  -DBOOST_SPIRIT_THREADSAFE -DHAVE_BUILD_INFO -D__STDC_FORMAT_MACROS  -U_FORTIFY_SOURCE -D_FORTIFY_SOURCE=2 -DHAVE_QT5 -I/home/ubuntu/apr/depends/x86_64-linux-gnu/share/../include conftest.cpp >&5
configure:26338: $? = 0
configure:26353: result: yes
configure:26369: checking for exit in -lboost_system-mt
configure:26394: g++ -m64 -std=c++11 -o conftest -pipe -O2   -Wstack-protector -fstack-protector-all -fPIC -I/home/ubuntu/apr/depends/x86_64-linux-gnu/share/../include/  -DBOOST_SPIRIT_THREADSAFE -DHAVE_BUILD_INFO -D__STDC_FORMAT_MACROS  -U_FORTIFY_SOURCE -D_FORTIFY_SOURCE=2 -DHAVE_QT5 -I/home/ubuntu/apr/depends/x86_64-linux-gnu/share/../include -L/home/ubuntu/apr/depends/x86_64-linux-gnu/share/../lib   -Wl,-z,relro -Wl,-z,now -L/home/ubuntu/apr/depends/x86_64-linux-gnu/share/../lib conftest.cpp -lboost_system-mt  -lanl  >&5
configure:26394: $? = 0
configure:26404: result: yes
configure:26559: checking whether the Boost::Filesystem library is available
configure:26583: g++ -m64 -std=c++11 -c -pipe -O2   -Wstack-protector -fstack-protector-all -fPIC -I/home/ubuntu/apr/depends/x86_64-linux-gnu/share/../include/  -DBOOST_SPIRIT_THREADSAFE -DHAVE_BUILD_INFO -D__STDC_FORMAT_MACROS  -U_FORTIFY_SOURCE -D_FORTIFY_SOURCE=2 -DHAVE_QT5 -I/home/ubuntu/apr/depends/x86_64-linux-gnu/share/../include conftest.cpp >&5
configure:26583: $? = 0
configure:26597: result: yes
configure:26609: checking for exit in -lboost_filesystem-mt
configure:26634: g++ -m64 -std=c++11 -o conftest -pipe -O2   -Wstack-protector -fstack-protector-all -fPIC -I/home/ubuntu/apr/depends/x86_64-linux-gnu/share/../include/  -DBOOST_SPIRIT_THREADSAFE -DHAVE_BUILD_INFO -D__STDC_FORMAT_MACROS  -U_FORTIFY_SOURCE -D_FORTIFY_SOURCE=2 -DHAVE_QT5 -I/home/ubuntu/apr/depends/x86_64-linux-gnu/share/../include -L/home/ubuntu/apr/depends/x86_64-linux-gnu/share/../lib   -Wl,-z,relro -Wl,-z,now -L/home/ubuntu/apr/depends/x86_64-linux-gnu/share/../lib conftest.cpp -lboost_filesystem-mt  -lanl  -lboost_system-mt >&5
configure:26634: $? = 0
configure:26644: result: yes
configure:26794: checking whether the Boost::Program_Options library is available
configure:26818: g++ -m64 -std=c++11 -c -pipe -O2   -Wstack-protector -fstack-protector-all -fPIC -I/home/ubuntu/apr/depends/x86_64-linux-gnu/share/../include/  -DBOOST_SPIRIT_THREADSAFE -DHAVE_BUILD_INFO -D__STDC_FORMAT_MACROS  -U_FORTIFY_SOURCE -D_FORTIFY_SOURCE=2 -DHAVE_QT5 -I/home/ubuntu/apr/depends/x86_64-linux-gnu/share/../include conftest.cpp >&5
configure:26818: $? = 0
configure:26832: result: yes
configure:26844: checking for exit in -lboost_program_options-mt
configure:26869: g++ -m64 -std=c++11 -o conftest -pipe -O2   -Wstack-protector -fstack-protector-all -fPIC -I/home/ubuntu/apr/depends/x86_64-linux-gnu/share/../include/  -DBOOST_SPIRIT_THREADSAFE -DHAVE_BUILD_INFO -D__STDC_FORMAT_MACROS  -U_FORTIFY_SOURCE -D_FORTIFY_SOURCE=2 -DHAVE_QT5 -I/home/ubuntu/apr/depends/x86_64-linux-gnu/share/../include -L/home/ubuntu/apr/depends/x86_64-linux-gnu/share/../lib   -Wl,-z,relro -Wl,-z,now -L/home/ubuntu/apr/depends/x86_64-linux-gnu/share/../lib conftest.cpp -lboost_program_options-mt  -lanl  >&5
configure:26869: $? = 0
configure:26879: result: yes
configure:27022: checking whether the Boost::Thread library is available
configure:27054: g++ -m64 -std=c++11 -c -pthread -pipe -O2   -Wstack-protector -fstack-protector-all -fPIC -I/home/ubuntu/apr/depends/x86_64-linux-gnu/share/../include/  -DBOOST_SPIRIT_THREADSAFE -DHAVE_BUILD_INFO -D__STDC_FORMAT_MACROS  -U_FORTIFY_SOURCE -D_FORTIFY_SOURCE=2 -DHAVE_QT5 -I/home/ubuntu/apr/depends/x86_64-linux-gnu/share/../include conftest.cpp >&5
configure:27054: $? = 0
configure:27069: result: yes
configure:27099: checking for exit in -lboost_thread-mt
configure:27124: g++ -m64 -std=c++11 -o conftest -pipe -O2   -Wstack-protector -fstack-protector-all -fPIC -I/home/ubuntu/apr/depends/x86_64-linux-gnu/share/../include/  -DBOOST_SPIRIT_THREADSAFE -DHAVE_BUILD_INFO -D__STDC_FORMAT_MACROS  -U_FORTIFY_SOURCE -D_FORTIFY_SOURCE=2 -DHAVE_QT5 -I/home/ubuntu/apr/depends/x86_64-linux-gnu/share/../include -L/home/ubuntu/apr/depends/x86_64-linux-gnu/share/../lib   -Wl,-z,relro -Wl,-z,now -L/home/ubuntu/apr/depends/x86_64-linux-gnu/share/../lib conftest.cpp -lboost_thread-mt  -lanl  >&5
configure:27124: $? = 0
configure:27134: result: yes
configure:27294: checking whether the Boost::Chrono library is available
configure:27318: g++ -m64 -std=c++11 -c -pipe -O2   -Wstack-protector -fstack-protector-all -fPIC -I/home/ubuntu/apr/depends/x86_64-linux-gnu/share/../include/  -DBOOST_SPIRIT_THREADSAFE -DHAVE_BUILD_INFO -D__STDC_FORMAT_MACROS  -U_FORTIFY_SOURCE -D_FORTIFY_SOURCE=2 -DHAVE_QT5 -pthread -I/home/ubuntu/apr/depends/x86_64-linux-gnu/share/../include conftest.cpp >&5
configure:27318: $? = 0
configure:27333: result: yes
configure:27349: checking for exit in -lboost_chrono-mt
configure:27374: g++ -m64 -std=c++11 -o conftest -pipe -O2   -Wstack-protector -fstack-protector-all -fPIC -I/home/ubuntu/apr/depends/x86_64-linux-gnu/share/../include/  -DBOOST_SPIRIT_THREADSAFE -DHAVE_BUILD_INFO -D__STDC_FORMAT_MACROS  -U_FORTIFY_SOURCE -D_FORTIFY_SOURCE=2 -DHAVE_QT5 -pthread -I/home/ubuntu/apr/depends/x86_64-linux-gnu/share/../include -L/home/ubuntu/apr/depends/x86_64-linux-gnu/share/../lib   -Wl,-z,relro -Wl,-z,now -L/home/ubuntu/apr/depends/x86_64-linux-gnu/share/../lib conftest.cpp -lboost_chrono-mt  -lanl  >&5
configure:27374: $? = 0
configure:27384: result: yes
configure:27507: checking for working boost reduced exports
configure:27530: g++ -m64 -std=c++11 -E -pthread -I/home/ubuntu/apr/depends/x86_64-linux-gnu/share/../include -I/home/ubuntu/apr/depends/x86_64-linux-gnu/share/../include/  -DBOOST_SPIRIT_THREADSAFE -DHAVE_BUILD_INFO -D__STDC_FORMAT_MACROS  -U_FORTIFY_SOURCE -D_FORTIFY_SOURCE=2 -DHAVE_QT5 conftest.cpp
configure:27530: $? = 0
configure:27532: result: yes
configure:27560: checking whether the linker accepts -Wl,--exclude-libs,ALL
configure:27579: g++ -m64 -std=c++11 -o conftest -pipe -O2   -Wstack-protector -fstack-protector-all -fPIC -fvisibility=hidden -I/home/ubuntu/apr/depends/x86_64-linux-gnu/share/../include/  -DBOOST_SPIRIT_THREADSAFE -DHAVE_BUILD_INFO -D__STDC_FORMAT_MACROS  -U_FORTIFY_SOURCE -D_FORTIFY_SOURCE=2 -DHAVE_QT5 -L/home/ubuntu/apr/depends/x86_64-linux-gnu/share/../lib   -Wl,-z,relro -Wl,-z,now  -Wl,--exclude-libs,ALL conftest.cpp -lanl  >&5
configure:27579: $? = 0
configure:27588: result: yes
configure:27846: g++ -m64 -std=c++11 -o conftest -pipe -O2   -Wstack-protector -fstack-protector-all -fPIC -fvisibility=hidden -I/home/ubuntu/apr/depends/x86_64-linux-gnu/share/../include/  -DBOOST_SPIRIT_THREADSAFE -DHAVE_BUILD_INFO -D__STDC_FORMAT_MACROS  -U_FORTIFY_SOURCE -D_FORTIFY_SOURCE=2 -DHAVE_QT5 -pthread -I/home/ubuntu/apr/depends/x86_64-linux-gnu/share/../include -L/home/ubuntu/apr/depends/x86_64-linux-gnu/share/../lib   -Wl,-z,relro -Wl,-z,now conftest.cpp -L/home/ubuntu/apr/depends/x86_64-linux-gnu/share/../lib -lboost_system-mt -lboost_filesystem-mt -lboost_program_options-mt -lboost_thread-mt -lboost_chrono-mt -lanl  >&5
configure:27846: $? = 0
configure:27908: checking for SSL
configure:27915: $PKG_CONFIG --exists --print-errors "libssl"
configure:27918: $? = 0
configure:27932: $PKG_CONFIG --exists --print-errors "libssl"
configure:27935: $? = 0
configure:27973: result: yes
configure:27979: checking for CRYPTO
configure:27986: $PKG_CONFIG --exists --print-errors "libcrypto"
configure:27989: $? = 0
configure:28003: $PKG_CONFIG --exists --print-errors "libcrypto"
configure:28006: $? = 0
configure:28044: result: yes
configure:28053: checking for PROTOBUF
configure:28060: $PKG_CONFIG --exists --print-errors "protobuf"
configure:28063: $? = 0
configure:28077: $PKG_CONFIG --exists --print-errors "protobuf"
configure:28080: $? = 0
configure:28140: result: yes
configure:28155: checking for QR
configure:28162: $PKG_CONFIG --exists --print-errors "libqrencode"
configure:28165: $? = 0
configure:28179: $PKG_CONFIG --exists --print-errors "libqrencode"
configure:28182: $? = 0
configure:28220: result: yes
configure:28233: checking for EVENT
configure:28240: $PKG_CONFIG --exists --print-errors "libevent"
configure:28243: $? = 0
configure:28257: $PKG_CONFIG --exists --print-errors "libevent"
configure:28260: $? = 0
configure:28298: result: yes
configure:28305: checking for EVENT_PTHREADS
configure:28312: $PKG_CONFIG --exists --print-errors "libevent_pthreads"
configure:28315: $? = 0
configure:28329: $PKG_CONFIG --exists --print-errors "libevent_pthreads"
configure:28332: $? = 0
configure:28370: result: yes
configure:28846: checking for RAND_egd in -lcrypto
configure:28871: g++ -m64 -std=c++11 -o conftest -pipe -O2   -Wstack-protector -fstack-protector-all -fPIC -fvisibility=hidden -I/home/ubuntu/apr/depends/x86_64-linux-gnu/share/../include/  -DBOOST_SPIRIT_THREADSAFE -DHAVE_BUILD_INFO -D__STDC_FORMAT_MACROS  -U_FORTIFY_SOURCE -D_FORTIFY_SOURCE=2 -DHAVE_QT5 -L/home/ubuntu/apr/depends/x86_64-linux-gnu/share/../lib   -Wl,-z,relro -Wl,-z,now conftest.cpp -lcrypto  -lanl  >&5
configure:28871: $? = 0
configure:28880: result: yes
configure:29063: checking openssl/ec.h usability
configure:29063: g++ -m64 -std=c++11 -c -pipe -O2   -Wstack-protector -fstack-protector-all -fPIC -fvisibility=hidden -I/home/ubuntu/apr/depends/x86_64-linux-gnu/share/../include/  -DBOOST_SPIRIT_THREADSAFE -DHAVE_BUILD_INFO -D__STDC_FORMAT_MACROS  -U_FORTIFY_SOURCE -D_FORTIFY_SOURCE=2 -DHAVE_QT5 conftest.cpp >&5
configure:29063: $? = 0
configure:29063: result: yes
configure:29063: checking openssl/ec.h presence
configure:29063: g++ -m64 -std=c++11 -E -I/home/ubuntu/apr/depends/x86_64-linux-gnu/share/../include/  -DBOOST_SPIRIT_THREADSAFE -DHAVE_BUILD_INFO -D__STDC_FORMAT_MACROS  -U_FORTIFY_SOURCE -D_FORTIFY_SOURCE=2 -DHAVE_QT5 conftest.cpp
configure:29063: $? = 0
configure:29063: result: yes
configure:29063: checking for openssl/ec.h
configure:29063: result: yes
configure:29084: checking for protoc
configure:29102: found /home/ubuntu/apr/depends/x86_64-linux-gnu/share/../native/bin/protoc
configure:29114: result: /home/ubuntu/apr/depends/x86_64-linux-gnu/share/../native/bin/protoc
configure:29194: checking whether to build aprcoind
configure:29204: result: yes
configure:29207: checking whether to build utils (aprcoin-cli aprcoin-tx)
configure:29217: result: yes
configure:29220: checking whether to build libraries
configure:29235: result: no
configure:29246: checking if ccache should be used
configure:29259: result: yes
configure:29263: checking whether C preprocessor accepts -Qunused-arguments
configure:29282: gcc -m64 -E -I/home/ubuntu/apr/depends/x86_64-linux-gnu/share/../include/  -DBOOST_SPIRIT_THREADSAFE -DHAVE_BUILD_INFO -D__STDC_FORMAT_MACROS  -U_FORTIFY_SOURCE -D_FORTIFY_SOURCE=2 -DHAVE_QT5  -Qunused-arguments conftest.c
gcc: error: unrecognized command line option '-Qunused-arguments'
configure:29282: $? = 1
configure: failed program was:
| /* confdefs.h */
| #define PACKAGE_NAME "APR Coin Core"
| #define PACKAGE_TARNAME "aprcoin"
| #define PACKAGE_VERSION "1.1.0"
| #define PACKAGE_STRING "APR Coin Core 1.1.0"
| #define PACKAGE_BUGREPORT "www.apr-coin.com"
| #define PACKAGE_URL ""
| #define HAVE_CXX11 1
| #define STDC_HEADERS 1
| #define HAVE_SYS_TYPES_H 1
| #define HAVE_SYS_STAT_H 1
| #define HAVE_STDLIB_H 1
| #define HAVE_STRING_H 1
| #define HAVE_MEMORY_H 1
| #define HAVE_STRINGS_H 1
| #define HAVE_INTTYPES_H 1
| #define HAVE_STDINT_H 1
| #define HAVE_UNISTD_H 1
| #define HAVE_DLFCN_H 1
| #define LT_OBJDIR ".libs/"
| #define HAVE_PTHREAD_PRIO_INHERIT 1
| #define HAVE_PTHREAD 1
| #define HAVE_DECL_STRERROR_R 1
| #define HAVE_STRERROR_R 1
| #define STRERROR_R_CHAR_P 1
| #define HAVE_FUNC_ATTRIBUTE_VISIBILITY 1
| #define HAVE_ENDIAN_H 1
| #define HAVE_STDIO_H 1
| #define HAVE_STDLIB_H 1
| #define HAVE_UNISTD_H 1
| #define HAVE_STRINGS_H 1
| #define HAVE_SYS_TYPES_H 1
| #define HAVE_SYS_STAT_H 1
| #define HAVE_SYS_SELECT_H 1
| #define HAVE_SYS_PRCTL_H 1
| #define HAVE_GETADDRINFO_A 1
| #define HAVE_INET_PTON 1
| #define HAVE_DECL_STRNLEN 1
| #define HAVE_DECL_LE32TOH 1
| #define HAVE_DECL_LE64TOH 1
| #define HAVE_DECL_HTOLE32 1
| #define HAVE_DECL_HTOLE64 1
| #define HAVE_DECL_BE32TOH 1
| #define HAVE_DECL_BE64TOH 1
| #define HAVE_DECL_HTOBE32 1
| #define HAVE_DECL_HTOBE64 1
| #define HAVE_MSG_NOSIGNAL 1
| #define HAVE_VISIBILITY_ATTRIBUTE 1
| #define HAVE_MINIUPNPC_MINIWGET_H 1
| #define HAVE_MINIUPNPC_MINIUPNPC_H 1
| #define HAVE_MINIUPNPC_UPNPCOMMANDS_H 1
| #define HAVE_MINIUPNPC_UPNPERRORS_H 1
| #define QT_STATICPLUGIN 1
| #define QT_QPA_PLATFORM_XCB 1
| #define HAVE_BOOST /**/
| #define HAVE_BOOST_SYSTEM /**/
| #define HAVE_BOOST_FILESYSTEM /**/
| #define HAVE_BOOST_PROGRAM_OPTIONS /**/
| #define HAVE_BOOST_THREAD /**/
| #define HAVE_BOOST_CHRONO /**/
| #define HAVE_WORKING_BOOST_SLEEP_FOR 1
| #define ENABLE_ZMQ 0
| #define HAVE_LIBCRYPTO 1
| /* end confdefs.h.  */
| 
| int
| main ()
| {
| 
|   ;
|   return 0;
| }
configure:29290: result: no
configure:29300: checking if wallet should be enabled
configure:29303: result: yes
configure:29316: checking whether to build with support for UPnP
configure:29326: result: yes
configure:29328: checking whether to build with UPnP enabled by default
configure:29336: result: no
configure:29354: checking whether to build GUI with support for D-Bus
configure:29361: result: yes
configure:29364: checking whether to build GUI with support for QR codes
configure:29374: result: yes
configure:29387: WARNING: "xgettext is required to update qt translations"
configure:29391: checking whether to build test_aprcoin-qt
configure:29398: result: no
configure:29412: checking whether to build test_aprcoin
configure:29419: result: no
configure:29423: checking whether to reduce exports
configure:29426: result: yes
configure:29753: checking that generated files are newer than configure
configure:29759: result: done
configure:29875: creating ./config.status

## ---------------------- ##
## Running config.status. ##
## ---------------------- ##

This file was extended by APR Coin Core config.status 1.1.0, which was
generated by GNU Autoconf 2.69.  Invocation command line was

  CONFIG_FILES    = 
  CONFIG_HEADERS  = 
  CONFIG_LINKS    = 
  CONFIG_COMMANDS = 
  $ ./config.status 

on ip-172-31-9-41

config.status:1392: creating Makefile
config.status:1392: creating src/Makefile
config.status:1392: creating share/setup.nsi
config.status:1392: creating share/qt/Info.plist
config.status:1392: creating src/test/buildenv.py
config.status:1392: creating qa/pull-tester/run-bitcoind-for-test.sh
config.status:1392: creating qa/pull-tester/tests-config.sh
config.status:1392: creating contrib/devtools/split-debug.sh
config.status:1392: creating src/config/aprcoin-config.h
config.status:1573: src/config/aprcoin-config.h is unchanged
config.status:1621: executing depfiles commands
config.status:1621: executing libtool commands
configure:32359: === configuring in src/univalue (/home/ubuntu/apr/src/univalue)
configure:32422: running /bin/bash ./configure --disable-option-checking '--prefix=/usr/local'  '--disable-tests' '--disable-zmq' '--enable-upnp' '--disable-shared' '--disable-shared' '--with-pic' --cache-file=/dev/null --srcdir=.
configure:32359: === configuring in src/secp256k1 (/home/ubuntu/apr/src/secp256k1)
configure:32422: running /bin/bash ./configure --disable-option-checking '--prefix=/usr/local'  '--disable-tests' '--disable-zmq' '--enable-upnp' '--disable-shared' '--disable-shared' '--with-pic' --cache-file=/dev/null --srcdir=.
configure:32441: result: Fixing libtool for -rpath problems.

## ---------------- ##
## Cache variables. ##
## ---------------- ##

ac_cv_build=x86_64-pc-linux-gnu
ac_cv_c_bigendian=no
ac_cv_c_compiler_gnu=yes
ac_cv_cxx_compiler_gnu=yes
ac_cv_env_CCC_set=
ac_cv_env_CCC_value=
ac_cv_env_CC_set=
ac_cv_env_CC_value=
ac_cv_env_CFLAGS_set=
ac_cv_env_CFLAGS_value=
ac_cv_env_CPPFLAGS_set=
ac_cv_env_CPPFLAGS_value=
ac_cv_env_CPP_set=
ac_cv_env_CPP_value=
ac_cv_env_CRYPTO_CFLAGS_set=
ac_cv_env_CRYPTO_CFLAGS_value=
ac_cv_env_CRYPTO_LIBS_set=
ac_cv_env_CRYPTO_LIBS_value=
ac_cv_env_CXXCPP_set=
ac_cv_env_CXXCPP_value=
ac_cv_env_CXXFLAGS_set=
ac_cv_env_CXXFLAGS_value=
ac_cv_env_CXX_set=
ac_cv_env_CXX_value=
ac_cv_env_EVENT_CFLAGS_set=
ac_cv_env_EVENT_CFLAGS_value=
ac_cv_env_EVENT_LIBS_set=
ac_cv_env_EVENT_LIBS_value=
ac_cv_env_EVENT_PTHREADS_CFLAGS_set=
ac_cv_env_EVENT_PTHREADS_CFLAGS_value=
ac_cv_env_EVENT_PTHREADS_LIBS_set=
ac_cv_env_EVENT_PTHREADS_LIBS_value=
ac_cv_env_LDFLAGS_set=
ac_cv_env_LDFLAGS_value=
ac_cv_env_LIBS_set=
ac_cv_env_LIBS_value=
ac_cv_env_LT_SYS_LIBRARY_PATH_set=
ac_cv_env_LT_SYS_LIBRARY_PATH_value=
ac_cv_env_OBJCXXFLAGS_set=
ac_cv_env_OBJCXXFLAGS_value=
ac_cv_env_OBJCXX_set=
ac_cv_env_OBJCXX_value=
ac_cv_env_PKG_CONFIG_LIBDIR_set=
ac_cv_env_PKG_CONFIG_LIBDIR_value=
ac_cv_env_PKG_CONFIG_PATH_set=
ac_cv_env_PKG_CONFIG_PATH_value=
ac_cv_env_PKG_CONFIG_set=
ac_cv_env_PKG_CONFIG_value=
ac_cv_env_PROTOBUF_CFLAGS_set=
ac_cv_env_PROTOBUF_CFLAGS_value=
ac_cv_env_PROTOBUF_LIBS_set=
ac_cv_env_PROTOBUF_LIBS_value=
ac_cv_env_PYTHONPATH_set=
ac_cv_env_PYTHONPATH_value=
ac_cv_env_QR_CFLAGS_set=
ac_cv_env_QR_CFLAGS_value=
ac_cv_env_QR_LIBS_set=
ac_cv_env_QR_LIBS_value=
ac_cv_env_QTPLATFORM_CFLAGS_set=
ac_cv_env_QTPLATFORM_CFLAGS_value=
ac_cv_env_QTPLATFORM_LIBS_set=
ac_cv_env_QTPLATFORM_LIBS_value=
ac_cv_env_QTPRINT_CFLAGS_set=
ac_cv_env_QTPRINT_CFLAGS_value=
ac_cv_env_QTPRINT_LIBS_set=
ac_cv_env_QTPRINT_LIBS_value=
ac_cv_env_QTXCBQPA_CFLAGS_set=
ac_cv_env_QTXCBQPA_CFLAGS_value=
ac_cv_env_QTXCBQPA_LIBS_set=
ac_cv_env_QTXCBQPA_LIBS_value=
ac_cv_env_QT_CFLAGS_set=
ac_cv_env_QT_CFLAGS_value=
ac_cv_env_QT_DBUS_CFLAGS_set=
ac_cv_env_QT_DBUS_CFLAGS_value=
ac_cv_env_QT_DBUS_LIBS_set=
ac_cv_env_QT_DBUS_LIBS_value=
ac_cv_env_QT_LIBS_set=
ac_cv_env_QT_LIBS_value=
ac_cv_env_QT_TEST_CFLAGS_set=
ac_cv_env_QT_TEST_CFLAGS_value=
ac_cv_env_QT_TEST_LIBS_set=
ac_cv_env_QT_TEST_LIBS_value=
ac_cv_env_SSL_CFLAGS_set=
ac_cv_env_SSL_CFLAGS_value=
ac_cv_env_SSL_LIBS_set=
ac_cv_env_SSL_LIBS_value=
ac_cv_env_UNIVALUE_CFLAGS_set=
ac_cv_env_UNIVALUE_CFLAGS_value=
ac_cv_env_UNIVALUE_LIBS_set=
ac_cv_env_UNIVALUE_LIBS_value=
ac_cv_env_X11XCB_CFLAGS_set=
ac_cv_env_X11XCB_CFLAGS_value=
ac_cv_env_X11XCB_LIBS_set=
ac_cv_env_X11XCB_LIBS_value=
ac_cv_env_ZMQ_CFLAGS_set=
ac_cv_env_ZMQ_CFLAGS_value=
ac_cv_env_ZMQ_LIBS_set=
ac_cv_env_ZMQ_LIBS_value=
ac_cv_env_build_alias_set=
ac_cv_env_build_alias_value=
ac_cv_env_host_alias_set=
ac_cv_env_host_alias_value=
ac_cv_env_target_alias_set=
ac_cv_env_target_alias_value=
ac_cv_func_strerror_r=yes
ac_cv_func_strerror_r_char_p=yes
ac_cv_have_decl_be32toh=yes
ac_cv_have_decl_be64toh=yes
ac_cv_have_decl_htobe32=yes
ac_cv_have_decl_htobe64=yes
ac_cv_have_decl_htole32=yes
ac_cv_have_decl_htole64=yes
ac_cv_have_decl_le32toh=yes
ac_cv_have_decl_le64toh=yes
ac_cv_have_decl_strerror_r=yes
ac_cv_have_decl_strnlen=yes
ac_cv_header_dlfcn_h=yes
ac_cv_header_endian_h=yes
ac_cv_header_inttypes_h=yes
ac_cv_header_memory_h=yes
ac_cv_header_miniupnpc_miniupnpc_h=yes
ac_cv_header_miniupnpc_miniwget_h=yes
ac_cv_header_miniupnpc_upnpcommands_h=yes
ac_cv_header_miniupnpc_upnperrors_h=yes
ac_cv_header_openssl_ec_h=yes
ac_cv_header_stdc=yes
ac_cv_header_stdint_h=yes
ac_cv_header_stdio_h=yes
ac_cv_header_stdlib_h=yes
ac_cv_header_string_h=yes
ac_cv_header_strings_h=yes
ac_cv_header_sys_prctl_h=yes
ac_cv_header_sys_select_h=yes
ac_cv_header_sys_stat_h=yes
ac_cv_header_sys_types_h=yes
ac_cv_header_unistd_h=yes
ac_cv_host=x86_64-pc-linux-gnu
ac_cv_lib_boost_chrono_mt___exit=yes
ac_cv_lib_boost_filesystem_mt___exit=yes
ac_cv_lib_boost_program_options_mt___exit=yes
ac_cv_lib_boost_system_mt___exit=yes
ac_cv_lib_boost_thread_mt___exit=yes
ac_cv_lib_crypto_RAND_egd=yes
ac_cv_lib_db_cxx_4_8___main=yes
ac_cv_lib_miniupnpc_main=yes
ac_cv_objcxx_compiler_gnu=no
ac_cv_objext=o
ac_cv_path_AR=/usr/bin/x86_64-linux-gnu-ar
ac_cv_path_CCACHE=/home/ubuntu/apr/depends/x86_64-linux-gnu/share/../native/bin/ccache
ac_cv_path_CPPFILT=/usr/bin/x86_64-linux-gnu-c++filt
ac_cv_path_EGREP='/bin/grep -E'
ac_cv_path_FGREP='/bin/grep -F'
ac_cv_path_GCOV=/usr/bin/x86_64-linux-gnu-gcov
ac_cv_path_GIT=/usr/bin/git
ac_cv_path_GREP=/bin/grep
ac_cv_path_HEXDUMP=/usr/bin/hexdump
ac_cv_path_LRELEASE=/home/ubuntu/apr/depends/x86_64-linux-gnu/share/../native/bin/lrelease
ac_cv_path_MOC=/home/ubuntu/apr/depends/x86_64-linux-gnu/share/../native/bin/moc
ac_cv_path_OBJCOPY=/usr/bin/x86_64-linux-gnu-objcopy
ac_cv_path_PKG_CONFIG='/usr/bin/pkg-config --static'
ac_cv_path_PROTOC=/home/ubuntu/apr/depends/x86_64-linux-gnu/share/../native/bin/protoc
ac_cv_path_PYTHON=/usr/bin/python3
ac_cv_path_RANLIB=/usr/bin/x86_64-linux-gnu-ranlib
ac_cv_path_RCC=/home/ubuntu/apr/depends/x86_64-linux-gnu/share/../native/bin/rcc
ac_cv_path_READELF=/usr/bin/x86_64-linux-gnu-readelf
ac_cv_path_SED=/bin/sed
ac_cv_path_STRIP=/usr/bin/x86_64-linux-gnu-strip
ac_cv_path_UIC=/home/ubuntu/apr/depends/x86_64-linux-gnu/share/../native/bin/uic
ac_cv_path_ac_pt_AR=ar
ac_cv_path_ac_pt_NM=nm
ac_cv_path_ac_pt_RANLIB=ranlib
ac_cv_path_install='/usr/bin/install -c'
ac_cv_path_lt_DD=/bin/dd
ac_cv_path_mkdir=/bin/mkdir
ac_cv_prog_AR=ar
ac_cv_prog_AWK=gawk
ac_cv_prog_CC='gcc -m64'
ac_cv_prog_CPP='gcc -m64 -E'
ac_cv_prog_CXXCPP='g++ -m64 -std=c++11 -E'
ac_cv_prog_OBJCXX='g++ -m64 -std=c++11'
ac_cv_prog_OBJDUMP=x86_64-linux-gnu-objdump
ac_cv_prog_RANLIB=ranlib
ac_cv_prog_STRIP=x86_64-linux-gnu-strip
ac_cv_prog_ac_ct_MANIFEST_TOOL=mt
ac_cv_prog_cc_c89=
ac_cv_prog_cc_g=yes
ac_cv_prog_cxx_g=yes
ac_cv_prog_make_make_set=yes
ac_cv_prog_objcxx_g=no
ac_cv_search_clock_gettime='none required'
ac_cv_search_getaddrinfo_a=-lanl
ac_cv_search_inet_pton='none required'
ac_cv_sys_file_offset_bits=no
ac_cv_sys_largefile_CC=no
am_cv_CC_dependencies_compiler_type=gcc3
am_cv_CXX_dependencies_compiler_type=gcc3
am_cv_OBJCXX_dependencies_compiler_type=gcc3
am_cv_make_support_nested_variables=yes
am_cv_prog_cc_c_o=yes
ax_cv_PTHREAD_PRIO_INHERIT=yes
ax_cv_boost_chrono=yes
ax_cv_boost_filesystem=yes
ax_cv_boost_program_options=yes
ax_cv_boost_system=yes
ax_cv_boost_thread=yes
ax_cv_check_ccppflags___Qunused_arguments=no
ax_cv_check_cxxcppflags___D_FORTIFY_SOURCE_2=yes
ax_cv_check_cxxcppflags___U_FORTIFY_SOURCE=yes
ax_cv_check_cxxflags___Wstack_protector=yes
ax_cv_check_cxxflags___fPIC=yes
ax_cv_check_cxxflags___fstack_protector_all=yes
ax_cv_check_cxxflags___fvisibility_hidden=yes
ax_cv_check_ldflags___Wl___dynamicbase=no
ax_cv_check_ldflags___Wl___exclude_libs_ALL=yes
ax_cv_check_ldflags___Wl___large_address_aware=no
ax_cv_check_ldflags___Wl___nxcompat=no
ax_cv_check_ldflags___Wl__z_now=yes
ax_cv_check_ldflags___Wl__z_relro=yes
ax_cv_check_ldflags___pic=no
ax_cv_cxx_compile_cxx11=no
ax_cv_cxx_compile_cxx11__std_cpp11=yes
ax_cv_have_func_attribute_dllexport=no
ax_cv_have_func_attribute_dllimport=no
ax_cv_have_func_attribute_visibility=yes
bitcoin_cv_need_acc_widget=no
bitcoin_cv_static_qt=yes
lt_cv_ar_at_file=@
lt_cv_deplibs_check_method=pass_all
lt_cv_file_magic_cmd='$MAGIC_CMD'
lt_cv_file_magic_test_file=
lt_cv_ld_reload_flag=-r
lt_cv_nm_interface='BSD nm'
lt_cv_objdir=.libs
lt_cv_path_LD=/usr/bin/ld
lt_cv_path_LDCXX='/usr/bin/ld -m elf_x86_64'
lt_cv_path_NM=nm
lt_cv_path_mainfest_tool=no
lt_cv_prog_compiler_c_o=yes
lt_cv_prog_compiler_c_o_CXX=yes
lt_cv_prog_compiler_pic='-fPIC -DPIC'
lt_cv_prog_compiler_pic_CXX='-fPIC -DPIC'
lt_cv_prog_compiler_pic_works=yes
lt_cv_prog_compiler_pic_works_CXX=yes
lt_cv_prog_compiler_rtti_exceptions=no
lt_cv_prog_compiler_static_works=yes
lt_cv_prog_compiler_static_works_CXX=yes
lt_cv_prog_gnu_ld=yes
lt_cv_prog_gnu_ldcxx=yes
lt_cv_sharedlib_from_linklib_cmd='printf %s\n'
lt_cv_shlibpath_overrides_runpath=no
lt_cv_sys_global_symbol_pipe='sed -n -e '\''s/^.*[	 ]\([ABCDGIRSTW][ABCDGIRSTW]*\)[	 ][	 ]*\([_A-Za-z][_A-Za-z0-9]*\)$/\1 \2 \2/p'\'' | sed '\''/ __gnu_lto/d'\'''
lt_cv_sys_global_symbol_to_c_name_address='sed -n -e '\''s/^: \(.*\) .*$/  {"\1", (void *) 0},/p'\'' -e '\''s/^[ABCDGIRSTW][ABCDGIRSTW]* .* \(.*\)$/  {"\1", (void *) \&\1},/p'\'''
lt_cv_sys_global_symbol_to_c_name_address_lib_prefix='sed -n -e '\''s/^: \(.*\) .*$/  {"\1", (void *) 0},/p'\'' -e '\''s/^[ABCDGIRSTW][ABCDGIRSTW]* .* \(lib.*\)$/  {"\1", (void *) \&\1},/p'\'' -e '\''s/^[ABCDGIRSTW][ABCDGIRSTW]* .* \(.*\)$/  {"lib\1", (void *) \&\1},/p'\'''
lt_cv_sys_global_symbol_to_cdecl='sed -n -e '\''s/^T .* \(.*\)$/extern int \1();/p'\'' -e '\''s/^[ABCDGIRSTW][ABCDGIRSTW]* .* \(.*\)$/extern char \1;/p'\'''
lt_cv_sys_global_symbol_to_import=
lt_cv_sys_max_cmd_len=1572864
lt_cv_to_host_file_cmd=func_convert_file_noop
lt_cv_to_tool_file_cmd=func_convert_file_noop
lt_cv_truncate_bin='/bin/dd bs=4096 count=1'
pkg_cv_CRYPTO_CFLAGS=-I/home/ubuntu/apr/depends/x86_64-linux-gnu/include
pkg_cv_CRYPTO_LIBS='-L/home/ubuntu/apr/depends/x86_64-linux-gnu/lib -lcrypto -ldl'
pkg_cv_EVENT_CFLAGS=-I/home/ubuntu/apr/depends/x86_64-linux-gnu/include
pkg_cv_EVENT_LIBS='-L/home/ubuntu/apr/depends/x86_64-linux-gnu/lib -levent'
pkg_cv_EVENT_PTHREADS_CFLAGS='-pthread -I/home/ubuntu/apr/depends/x86_64-linux-gnu/include'
pkg_cv_EVENT_PTHREADS_LIBS='-L/home/ubuntu/apr/depends/x86_64-linux-gnu/lib -levent_pthreads -levent'
pkg_cv_PROTOBUF_CFLAGS='-pthread -I/home/ubuntu/apr/depends/x86_64-linux-gnu/include'
pkg_cv_PROTOBUF_LIBS='-L/home/ubuntu/apr/depends/x86_64-linux-gnu/lib -lprotobuf -pthread -lpthread -lz'
pkg_cv_QR_CFLAGS=-I/home/ubuntu/apr/depends/x86_64-linux-gnu/include
pkg_cv_QR_LIBS='-L/home/ubuntu/apr/depends/x86_64-linux-gnu/lib -lqrencode -lpthread'
pkg_cv_QTPLATFORM_CFLAGS='-I/home/ubuntu/apr/depends/x86_64-linux-gnu/include/QtPlatformSupport -I/home/ubuntu/apr/depends/x86_64-linux-gnu/include/QtGui -I/home/ubuntu/apr/depends/x86_64-linux-gnu/include/QtCore'
pkg_cv_QTPLATFORM_LIBS='-L/home/ubuntu/apr/depends/x86_64-linux-gnu/lib -lQt5PlatformSupport -lQt5Gui -lqtpng -lqtharfbuzzng -lQt5DBus -lQt5Core -lz -lqtpcre -lm -ldl -lrt -lpthread -lfontconfig -lfreetype -lQt5Gui -lQt5Core -lz -lqtpcre -lm -ldl -lrt -lpthread -lqtpng -lqtharfbuzzng -lz -lQt5Core -lpthread -lz -lqtpcre -lm -ldl -lrt'
pkg_cv_QTXCBQPA_CFLAGS='-I/home/ubuntu/apr/depends/x86_64-linux-gnu/include/QtXcbQpa -I/home/ubuntu/apr/depends/x86_64-linux-gnu/include/QtPlatformSupport -I/home/ubuntu/apr/depends/x86_64-linux-gnu/include/QtGui -I/home/ubuntu/apr/depends/x86_64-linux-gnu/include/QtCore'
pkg_cv_QTXCBQPA_LIBS='-L/home/ubuntu/apr/depends/x86_64-linux-gnu/lib -L//home/ubuntu/apr/depends/x86_64-linux-gnu/lib -L/home/ubuntu/apr/depends/x86_64-linux-gnu/lib -lQt5XcbQpa -lX11 -lX11-xcb -lxcb -lxcb-static -lQt5PlatformSupport -lQt5DBus -lfontconfig -lfreetype -lQt5Gui -lqtpng -lqtharfbuzzng -lQt5Core -lz -lqtpcre -lm -ldl -lrt -lpthread -lfontconfig -lfreetype -lQt5PlatformSupport -lQt5Gui -lqtpng -lqtharfbuzzng -lQt5DBus -lQt5Core -lz -lqtpcre -lm -ldl -lrt -lpthread -lfontconfig -lfreetype -lQt5Gui -lQt5Core -lz -lqtpcre -lm -ldl -lrt -lpthread -lqtpng -lqtharfbuzzng -lz -lQt5Core -lpthread -lz -lqtpcre -lm -ldl -lrt'
pkg_cv_QT_CFLAGS='-I/home/ubuntu/apr/depends/x86_64-linux-gnu/include/QtNetwork -I/home/ubuntu/apr/depends/x86_64-linux-gnu/include/QtWidgets -I/home/ubuntu/apr/depends/x86_64-linux-gnu/include/QtGui -I/home/ubuntu/apr/depends/x86_64-linux-gnu/include/QtCore'
pkg_cv_QT_DBUS_CFLAGS='-I/home/ubuntu/apr/depends/x86_64-linux-gnu/include/QtDBus -I/home/ubuntu/apr/depends/x86_64-linux-gnu/include/QtCore'
pkg_cv_QT_DBUS_LIBS='-L/home/ubuntu/apr/depends/x86_64-linux-gnu/lib -lQt5DBus -lQt5Core -lz -lqtpcre -lm -ldl -lrt -lpthread -lQt5Core -lpthread -lz -lqtpcre -lm -ldl -lrt'
pkg_cv_QT_LIBS='-L/home/ubuntu/apr/depends/x86_64-linux-gnu/lib -lQt5Network -lQt5Core -lz -lqtpcre -lm -ldl -lrt -lpthread -lz -lssl -lcrypto -lQt5Widgets -lQt5Gui -lqtpng -lqtharfbuzzng -lQt5Core -lz -lqtpcre -lm -ldl -lrt -lpthread -lQt5Gui -lQt5Core -lz -lqtpcre -lm -ldl -lrt -lpthread -lqtpng -lqtharfbuzzng -lz -lQt5Core -lpthread -lz -lqtpcre -lm -ldl -lrt'
pkg_cv_QT_TEST_CFLAGS='-I/home/ubuntu/apr/depends/x86_64-linux-gnu/include/QtTest -I/home/ubuntu/apr/depends/x86_64-linux-gnu/include/QtCore'
pkg_cv_QT_TEST_LIBS='-L/home/ubuntu/apr/depends/x86_64-linux-gnu/lib -lQt5Test -lQt5Core -lz -lqtpcre -lm -ldl -lrt -lpthread -lQt5Core -lpthread -lz -lqtpcre -lm -ldl -lrt'
pkg_cv_SSL_CFLAGS=-I/home/ubuntu/apr/depends/x86_64-linux-gnu/include
pkg_cv_SSL_LIBS='-L/home/ubuntu/apr/depends/x86_64-linux-gnu/lib -lssl -lcrypto -ldl'
pkg_cv_X11XCB_CFLAGS='-I/home/ubuntu/apr/depends/x86_64-linux-gnu/include -I/home/ubuntu/apr/depends/x86_64-linux-gnu/include/xcb-shared -I/home/ubuntu/apr/depends/x86_64-linux-gnu/include'
pkg_cv_X11XCB_LIBS='-L/home/ubuntu/apr/depends/x86_64-linux-gnu/lib -lX11-xcb -lX11 -lpthread -lxcb -lXau'

## ----------------- ##
## Output variables. ##
## ----------------- ##

ACLOCAL='${SHELL} /home/ubuntu/apr/build-aux/missing aclocal-1.15'
AMDEPBACKSLASH='\'
AMDEP_FALSE='#'
AMDEP_TRUE=''
AMTAR='$${TAR-tar}'
AM_BACKSLASH='\'
AM_DEFAULT_V='$(AM_DEFAULT_VERBOSITY)'
AM_DEFAULT_VERBOSITY='0'
AM_V='$(V)'
AR='/usr/bin/x86_64-linux-gnu-ar'
AUTOCONF='${SHELL} /home/ubuntu/apr/build-aux/missing autoconf'
AUTOHEADER='${SHELL} /home/ubuntu/apr/build-aux/missing autoheader'
AUTOMAKE='${SHELL} /home/ubuntu/apr/build-aux/missing automake-1.15'
AWK='gawk'
BDB_CPPFLAGS=''
BDB_LIBS='-ldb_cxx-4.8'
BITCOIN_CLI_NAME='aprcoin-cli'
BITCOIN_DAEMON_NAME='aprcoind'
BITCOIN_GUI_NAME='aprcoin-qt'
BITCOIN_TX_NAME='aprcoin-tx'
BOOST_CHRONO_LIB='-lboost_chrono-mt'
BOOST_CPPFLAGS='-pthread -I/home/ubuntu/apr/depends/x86_64-linux-gnu/share/../include'
BOOST_FILESYSTEM_LIB='-lboost_filesystem-mt'
BOOST_LDFLAGS='-L/home/ubuntu/apr/depends/x86_64-linux-gnu/share/../lib'
BOOST_LIBS='-L/home/ubuntu/apr/depends/x86_64-linux-gnu/share/../lib -lboost_system-mt -lboost_filesystem-mt -lboost_program_options-mt -lboost_thread-mt -lboost_chrono-mt'
BOOST_PROGRAM_OPTIONS_LIB='-lboost_program_options-mt'
BOOST_SYSTEM_LIB='-lboost_system-mt'
BOOST_THREAD_LIB='-lboost_thread-mt'
BOOST_UNIT_TEST_FRAMEWORK_LIB=''
BREW=''
BUILD_BITCOIND_FALSE='#'
BUILD_BITCOIND_TRUE=''
BUILD_BITCOIN_LIBS_FALSE=''
BUILD_BITCOIN_LIBS_TRUE='#'
BUILD_BITCOIN_UTILS_FALSE='#'
BUILD_BITCOIN_UTILS_TRUE=''
BUILD_DARWIN_FALSE=''
BUILD_DARWIN_TRUE='#'
BUILD_QT='qt'
BUILD_TEST=''
BUILD_TEST_QT=''
CC='/home/ubuntu/apr/depends/x86_64-linux-gnu/share/../native/bin/ccache gcc -m64'
CCACHE='/home/ubuntu/apr/depends/x86_64-linux-gnu/share/../native/bin/ccache'
CCDEPMODE='depmode=gcc3'
CFLAGS='-pipe -O2 '
CLIENT_VERSION_BUILD='6'
CLIENT_VERSION_IS_RELEASE='true'
CLIENT_VERSION_MAJOR='1'
CLIENT_VERSION_MINOR='1'
CLIENT_VERSION_REVISION='0'
COMPARISON_TOOL_REORG_TESTS='0'
COPYRIGHT_YEAR='2018'
CPP='gcc -m64 -E'
CPPFILT='/usr/bin/x86_64-linux-gnu-c++filt'
CPPFLAGS='-I/home/ubuntu/apr/depends/x86_64-linux-gnu/share/../include/  -DBOOST_SPIRIT_THREADSAFE -DHAVE_BUILD_INFO -D__STDC_FORMAT_MACROS  -U_FORTIFY_SOURCE -D_FORTIFY_SOURCE=2 -DHAVE_QT5'
CRYPTO_CFLAGS='-I/home/ubuntu/apr/depends/x86_64-linux-gnu/include'
CRYPTO_LIBS='-L/home/ubuntu/apr/depends/x86_64-linux-gnu/lib -lcrypto -ldl'
CXX='/home/ubuntu/apr/depends/x86_64-linux-gnu/share/../native/bin/ccache g++ -m64 -std=c++11'
CXXCPP='g++ -m64 -std=c++11 -E'
CXXDEPMODE='depmode=gcc3'
CXXFLAGS='-pipe -O2   -Wstack-protector -fstack-protector-all -fPIC -fvisibility=hidden'
CYGPATH_W='echo'
DEFS='-DHAVE_CONFIG_H'
DEPDIR='.deps'
DLLTOOL='false'
DSYMUTIL=''
DUMPBIN=''
ECHO_C=''
ECHO_N='-n'
ECHO_T=''
EGREP='/bin/grep -E'
EMBEDDED_LEVELDB_FALSE='#'
EMBEDDED_LEVELDB_TRUE=''
EMBEDDED_UNIVALUE_FALSE='#'
EMBEDDED_UNIVALUE_TRUE=''
ENABLE_QT_FALSE='#'
ENABLE_QT_TESTS_FALSE=''
ENABLE_QT_TESTS_TRUE='#'
ENABLE_QT_TRUE=''
ENABLE_TESTS_FALSE=''
ENABLE_TESTS_TRUE='#'
ENABLE_WALLET_FALSE='#'
ENABLE_WALLET_TRUE=''
ENABLE_ZMQ_FALSE=''
ENABLE_ZMQ_TRUE='#'
EVENT_CFLAGS='-I/home/ubuntu/apr/depends/x86_64-linux-gnu/include'
EVENT_LIBS='-L/home/ubuntu/apr/depends/x86_64-linux-gnu/lib -levent'
EVENT_PTHREADS_CFLAGS='-pthread -I/home/ubuntu/apr/depends/x86_64-linux-gnu/include'
EVENT_PTHREADS_LIBS='-L/home/ubuntu/apr/depends/x86_64-linux-gnu/lib -levent_pthreads -levent'
EXEEXT=''
FGREP='/bin/grep -F'
GCOV='/usr/bin/x86_64-linux-gnu-gcov'
GENHTML=''
GENISOIMAGE=''
GIT='/usr/bin/git'
GLIBC_BACK_COMPAT_FALSE=''
GLIBC_BACK_COMPAT_TRUE='#'
GREP='/bin/grep'
HAVE_CXX11='1'
HAVE_QT5_FALSE='#'
HAVE_QT5_TRUE=''
HEXDUMP='/usr/bin/hexdump'
IMAGEMAGICK_CONVERT=''
INSTALLNAMETOOL=''
INSTALL_DATA='${INSTALL} -m 644'
INSTALL_PROGRAM='${INSTALL}'
INSTALL_SCRIPT='${INSTALL}'
INSTALL_STRIP_PROGRAM='$(install_sh) -c -s'
JAVA=''
JAVA_COMPARISON_TOOL=''
LCOV=''
LD='/usr/bin/ld -m elf_x86_64'
LDFLAGS='-L/home/ubuntu/apr/depends/x86_64-linux-gnu/share/../lib   -Wl,-z,relro -Wl,-z,now'
LEVELDB_CPPFLAGS=''
LEVELDB_TARGET_FLAGS=''
LIBLEVELDB=''
LIBMEMENV=''
LIBOBJS=''
LIBS='-lcrypto -lanl '
LIBTOOL='$(SHELL) $(top_builddir)/libtool'
LIBTOOL_APP_LDFLAGS=''
LIPO=''
LN_S='ln -s'
LRELEASE='/home/ubuntu/apr/depends/x86_64-linux-gnu/share/../native/bin/lrelease'
LTLIBOBJS=''
LT_SYS_LIBRARY_PATH=''
LUPDATE=''
MAINT=''
MAINTAINER_MODE_FALSE='#'
MAINTAINER_MODE_TRUE=''
MAKEINFO='${SHELL} /home/ubuntu/apr/build-aux/missing makeinfo'
MAKENSIS=''
MANIFEST_TOOL=':'
MINIUPNPC_CPPFLAGS=''
MINIUPNPC_LIBS='-lminiupnpc'
MKDIR_P='/bin/mkdir -p'
MOC='/home/ubuntu/apr/depends/x86_64-linux-gnu/share/../native/bin/moc'
MOC_DEFS='-DHAVE_CONFIG_H -I$(srcdir)'
NM='nm'
NMEDIT=''
OBJCOPY='/usr/bin/x86_64-linux-gnu-objcopy'
OBJCXX='g++ -m64 -std=c++11'
OBJCXXDEPMODE='depmode=gcc3'
OBJCXXFLAGS='-pipe -O2   -Wstack-protector -fstack-protector-all -fPIC'
OBJDUMP='x86_64-linux-gnu-objdump'
OBJEXT='o'
OTOOL64=''
OTOOL=''
PACKAGE='aprcoin'
PACKAGE_BUGREPORT='www.apr-coin.com'
PACKAGE_NAME='APR Coin Core'
PACKAGE_STRING='APR Coin Core 1.1.0'
PACKAGE_TARNAME='aprcoin'
PACKAGE_URL=''
PACKAGE_VERSION='1.1.0'
PATH_SEPARATOR=':'
PKG_CONFIG='/usr/bin/pkg-config --static'
PKG_CONFIG_LIBDIR=''
PKG_CONFIG_PATH='/home/ubuntu/apr/depends/x86_64-linux-gnu/share/../share/pkgconfig:/home/ubuntu/apr/depends/x86_64-linux-gnu/share/../lib/pkgconfig'
PORT=''
PROTOBUF_CFLAGS='-pthread -I/home/ubuntu/apr/depends/x86_64-linux-gnu/include'
PROTOBUF_LIBS='-L/home/ubuntu/apr/depends/x86_64-linux-gnu/lib -lprotobuf -pthread -lpthread -lz'
PROTOC='/home/ubuntu/apr/depends/x86_64-linux-gnu/share/../native/bin/protoc'
PTHREAD_CC='gcc -m64'
PTHREAD_CFLAGS='-pthread'
PTHREAD_LIBS=''
PYTHON='/usr/bin/python3'
PYTHONPATH='/home/ubuntu/apr/depends/x86_64-linux-gnu/share/../native/lib/python/dist-packages:'
QR_CFLAGS='-I/home/ubuntu/apr/depends/x86_64-linux-gnu/include'
QR_LIBS='-L/home/ubuntu/apr/depends/x86_64-linux-gnu/lib -lqrencode -lpthread'
QTPLATFORM_CFLAGS='-I/home/ubuntu/apr/depends/x86_64-linux-gnu/include/QtPlatformSupport -I/home/ubuntu/apr/depends/x86_64-linux-gnu/include/QtGui -I/home/ubuntu/apr/depends/x86_64-linux-gnu/include/QtCore'
QTPLATFORM_LIBS='-L/home/ubuntu/apr/depends/x86_64-linux-gnu/lib -lQt5PlatformSupport -lQt5Gui -lqtpng -lqtharfbuzzng -lQt5DBus -lQt5Core -lz -lqtpcre -lm -ldl -lrt -lpthread -lfontconfig -lfreetype -lQt5Gui -lQt5Core -lz -lqtpcre -lm -ldl -lrt -lpthread -lqtpng -lqtharfbuzzng -lz -lQt5Core -lpthread -lz -lqtpcre -lm -ldl -lrt'
QTPRINT_CFLAGS=''
QTPRINT_LIBS=''
QTXCBQPA_CFLAGS='-I/home/ubuntu/apr/depends/x86_64-linux-gnu/include/QtXcbQpa -I/home/ubuntu/apr/depends/x86_64-linux-gnu/include/QtPlatformSupport -I/home/ubuntu/apr/depends/x86_64-linux-gnu/include/QtGui -I/home/ubuntu/apr/depends/x86_64-linux-gnu/include/QtCore'
QTXCBQPA_LIBS='-L/home/ubuntu/apr/depends/x86_64-linux-gnu/lib -L//home/ubuntu/apr/depends/x86_64-linux-gnu/lib -L/home/ubuntu/apr/depends/x86_64-linux-gnu/lib -lQt5XcbQpa -lX11 -lX11-xcb -lxcb -lxcb-static -lQt5PlatformSupport -lQt5DBus -lfontconfig -lfreetype -lQt5Gui -lqtpng -lqtharfbuzzng -lQt5Core -lz -lqtpcre -lm -ldl -lrt -lpthread -lfontconfig -lfreetype -lQt5PlatformSupport -lQt5Gui -lqtpng -lqtharfbuzzng -lQt5DBus -lQt5Core -lz -lqtpcre -lm -ldl -lrt -lpthread -lfontconfig -lfreetype -lQt5Gui -lQt5Core -lz -lqtpcre -lm -ldl -lrt -lpthread -lqtpng -lqtharfbuzzng -lz -lQt5Core -lpthread -lz -lqtpcre -lm -ldl -lrt'
QT_CFLAGS='-I/home/ubuntu/apr/depends/x86_64-linux-gnu/include/QtNetwork -I/home/ubuntu/apr/depends/x86_64-linux-gnu/include/QtWidgets -I/home/ubuntu/apr/depends/x86_64-linux-gnu/include/QtGui -I/home/ubuntu/apr/depends/x86_64-linux-gnu/include/QtCore'
QT_DBUS_CFLAGS='-I/home/ubuntu/apr/depends/x86_64-linux-gnu/include/QtDBus -I/home/ubuntu/apr/depends/x86_64-linux-gnu/include/QtCore'
QT_DBUS_INCLUDES='-I/home/ubuntu/apr/depends/x86_64-linux-gnu/include/QtDBus -I/home/ubuntu/apr/depends/x86_64-linux-gnu/include/QtCore'
QT_DBUS_LIBS='-L/home/ubuntu/apr/depends/x86_64-linux-gnu/lib -lQt5DBus -lQt5Core -lz -lqtpcre -lm -ldl -lrt -lpthread -lQt5Core -lpthread -lz -lqtpcre -lm -ldl -lrt'
QT_INCLUDES='-I/home/ubuntu/apr/depends/x86_64-linux-gnu/include/QtNetwork -I/home/ubuntu/apr/depends/x86_64-linux-gnu/include/QtWidgets -I/home/ubuntu/apr/depends/x86_64-linux-gnu/include/QtGui -I/home/ubuntu/apr/depends/x86_64-linux-gnu/include/QtCore'
QT_LDFLAGS=''
QT_LIBS='-lqxcb -lxcb-static -L/home/ubuntu/apr/depends/x86_64-linux-gnu/lib -L//home/ubuntu/apr/depends/x86_64-linux-gnu/lib -L/home/ubuntu/apr/depends/x86_64-linux-gnu/lib -lQt5XcbQpa -lX11 -lX11-xcb -lxcb -lxcb-static -lQt5PlatformSupport -lQt5DBus -lfontconfig -lfreetype -lQt5Gui -lqtpng -lqtharfbuzzng -lQt5Core -lz -lqtpcre -lm -ldl -lrt -lpthread -lfontconfig -lfreetype -lQt5PlatformSupport -lQt5Gui -lqtpng -lqtharfbuzzng -lQt5DBus -lQt5Core -lz -lqtpcre -lm -ldl -lrt -lpthread -lfontconfig -lfreetype -lQt5Gui -lQt5Core -lz -lqtpcre -lm -ldl -lrt -lpthread -lqtpng -lqtharfbuzzng -lz -lQt5Core -lpthread -lz -lqtpcre -lm -ldl -lrt -L/home/ubuntu/apr/depends/x86_64-linux-gnu/lib -lX11-xcb -lX11 -lpthread -lxcb -lXau -L/home/ubuntu/apr/depends/x86_64-linux-gnu/lib -lQt5PlatformSupport -lQt5Gui -lqtpng -lqtharfbuzzng -lQt5DBus -lQt5Core -lz -lqtpcre -lm -ldl -lrt -lpthread -lfontconfig -lfreetype -lQt5Gui -lQt5Core -lz -lqtpcre -lm -ldl -lrt -lpthread -lqtpng -lqtharfbuzzng -lz -lQt5Core -lpthread -lz -lqtpcre -lm -ldl -lrt -L/home/ubuntu/apr/depends/x86_64-linux-gnu/lib -lQt5Network -lQt5Core -lz -lqtpcre -lm -ldl -lrt -lpthread -lz -lssl -lcrypto -lQt5Widgets -lQt5Gui -lqtpng -lqtharfbuzzng -lQt5Core -lz -lqtpcre -lm -ldl -lrt -lpthread -lQt5Gui -lQt5Core -lz -lqtpcre -lm -ldl -lrt -lpthread -lqtpng -lqtharfbuzzng -lz -lQt5Core -lpthread -lz -lqtpcre -lm -ldl -lrt -L/home/ubuntu/apr/depends/x86_64-linux-gnu/share/../plugins/platforms'
QT_PIE_FLAGS=''
QT_SELECT='qt5'
QT_TEST_CFLAGS='-I/home/ubuntu/apr/depends/x86_64-linux-gnu/include/QtTest -I/home/ubuntu/apr/depends/x86_64-linux-gnu/include/QtCore'
QT_TEST_INCLUDES='-I/home/ubuntu/apr/depends/x86_64-linux-gnu/include/QtTest -I/home/ubuntu/apr/depends/x86_64-linux-gnu/include/QtCore'
QT_TEST_LIBS='-L/home/ubuntu/apr/depends/x86_64-linux-gnu/lib -lQt5Test -lQt5Core -lz -lqtpcre -lm -ldl -lrt -lpthread -lQt5Core -lpthread -lz -lqtpcre -lm -ldl -lrt'
QT_TRANSLATION_DIR='/home/ubuntu/apr/depends/x86_64-linux-gnu/share/../translations'
RANLIB='/usr/bin/x86_64-linux-gnu-ranlib'
RCC='/home/ubuntu/apr/depends/x86_64-linux-gnu/share/../native/bin/rcc'
READELF='/usr/bin/x86_64-linux-gnu-readelf'
RELDFLAGS='-Wl,--exclude-libs,ALL'
RSVG_CONVERT=''
SED='/bin/sed'
SET_MAKE=''
SHELL='/bin/bash'
SSL_CFLAGS='-I/home/ubuntu/apr/depends/x86_64-linux-gnu/include'
SSL_LIBS='-L/home/ubuntu/apr/depends/x86_64-linux-gnu/lib -lssl -lcrypto -ldl'
STRIP='/usr/bin/x86_64-linux-gnu-strip'
TARGET_DARWIN_FALSE=''
TARGET_DARWIN_TRUE='#'
TARGET_WINDOWS_FALSE=''
TARGET_WINDOWS_TRUE='#'
TESTDEFS=''
TIFFCP=''
UIC='/home/ubuntu/apr/depends/x86_64-linux-gnu/share/../native/bin/uic'
UNIVALUE_CFLAGS='-I$(srcdir)/univalue/include'
UNIVALUE_LIBS='univalue/libunivalue.la'
USE_COMPARISON_TOOL_FALSE=''
USE_COMPARISON_TOOL_REORG_TESTS_FALSE='#'
USE_COMPARISON_TOOL_REORG_TESTS_TRUE=''
USE_COMPARISON_TOOL_TRUE='#'
USE_LCOV_FALSE=''
USE_LCOV_TRUE='#'
USE_LIBSECP256K1_FALSE=''
USE_LIBSECP256K1_TRUE='#'
USE_QRCODE=''
USE_QRCODE_FALSE='#'
USE_QRCODE_TRUE=''
USE_UPNP=''
VERSION='1.1.0'
WINDOWS_BITS=''
WINDRES=''
X11XCB_CFLAGS='-I/home/ubuntu/apr/depends/x86_64-linux-gnu/include -I/home/ubuntu/apr/depends/x86_64-linux-gnu/include/xcb-shared -I/home/ubuntu/apr/depends/x86_64-linux-gnu/include'
X11XCB_LIBS='-L/home/ubuntu/apr/depends/x86_64-linux-gnu/lib -lX11-xcb -lX11 -lpthread -lxcb -lXau'
XGETTEXT=''
ZMQ_CFLAGS=''
ZMQ_LIBS=''
ac_ct_AR=''
ac_ct_CC=''
ac_ct_CXX=''
ac_ct_DUMPBIN=''
ac_ct_OBJCXX=''
am__EXEEXT_FALSE=''
am__EXEEXT_TRUE='#'
am__fastdepCC_FALSE='#'
am__fastdepCC_TRUE=''
am__fastdepCXX_FALSE='#'
am__fastdepCXX_TRUE=''
am__fastdepOBJCXX_FALSE='#'
am__fastdepOBJCXX_TRUE=''
am__include='include'
am__isrc=''
am__leading_dot='.'
am__nodep='_no'
am__quote=''
am__tar='$${TAR-tar} chof - "$$tardir"'
am__untar='$${TAR-tar} xf -'
ax_pthread_config=''
bindir='${exec_prefix}/bin'
build='x86_64-pc-linux-gnu'
build_alias=''
build_cpu='x86_64'
build_os='linux-gnu'
build_vendor='pc'
datadir='${datarootdir}'
datarootdir='${prefix}/share'
docdir='${datarootdir}/doc/${PACKAGE_TARNAME}'
dvidir='${docdir}'
exec_prefix='${prefix}'
host='x86_64-pc-linux-gnu'
host_alias='x86_64-linux-gnu'
host_cpu='x86_64'
host_os='linux-gnu'
host_vendor='pc'
htmldir='${docdir}'
includedir='${prefix}/include'
infodir='${datarootdir}/info'
install_sh='${SHELL} /home/ubuntu/apr/build-aux/install-sh'
libdir='${exec_prefix}/lib'
libexecdir='${exec_prefix}/libexec'
localedir='${datarootdir}/locale'
localstatedir='${prefix}/var'
mandir='${datarootdir}/man'
mkdir_p='$(MKDIR_P)'
oldincludedir='/usr/include'
pdfdir='${docdir}'
prefix='/usr/local'
program_transform_name='s,x,x,'
psdir='${docdir}'
runstatedir='${localstatedir}/run'
sbindir='${exec_prefix}/sbin'
sharedstatedir='${prefix}/com'
subdirs=' src/univalue src/secp256k1'
sysconfdir='${prefix}/etc'
target_alias=''

## ----------- ##
## confdefs.h. ##
## ----------- ##

/* confdefs.h */
#define PACKAGE_NAME "APR Coin Core"
#define PACKAGE_TARNAME "aprcoin"
#define PACKAGE_VERSION "1.1.0"
#define PACKAGE_STRING "APR Coin Core 1.1.0"
#define PACKAGE_BUGREPORT "www.apr-coin.com"
#define PACKAGE_URL ""
#define HAVE_CXX11 1
#define STDC_HEADERS 1
#define HAVE_SYS_TYPES_H 1
#define HAVE_SYS_STAT_H 1
#define HAVE_STDLIB_H 1
#define HAVE_STRING_H 1
#define HAVE_MEMORY_H 1
#define HAVE_STRINGS_H 1
#define HAVE_INTTYPES_H 1
#define HAVE_STDINT_H 1
#define HAVE_UNISTD_H 1
#define HAVE_DLFCN_H 1
#define LT_OBJDIR ".libs/"
#define HAVE_PTHREAD_PRIO_INHERIT 1
#define HAVE_PTHREAD 1
#define HAVE_DECL_STRERROR_R 1
#define HAVE_STRERROR_R 1
#define STRERROR_R_CHAR_P 1
#define HAVE_FUNC_ATTRIBUTE_VISIBILITY 1
#define HAVE_ENDIAN_H 1
#define HAVE_STDIO_H 1
#define HAVE_STDLIB_H 1
#define HAVE_UNISTD_H 1
#define HAVE_STRINGS_H 1
#define HAVE_SYS_TYPES_H 1
#define HAVE_SYS_STAT_H 1
#define HAVE_SYS_SELECT_H 1
#define HAVE_SYS_PRCTL_H 1
#define HAVE_GETADDRINFO_A 1
#define HAVE_INET_PTON 1
#define HAVE_DECL_STRNLEN 1
#define HAVE_DECL_LE32TOH 1
#define HAVE_DECL_LE64TOH 1
#define HAVE_DECL_HTOLE32 1
#define HAVE_DECL_HTOLE64 1
#define HAVE_DECL_BE32TOH 1
#define HAVE_DECL_BE64TOH 1
#define HAVE_DECL_HTOBE32 1
#define HAVE_DECL_HTOBE64 1
#define HAVE_MSG_NOSIGNAL 1
#define HAVE_VISIBILITY_ATTRIBUTE 1
#define HAVE_MINIUPNPC_MINIWGET_H 1
#define HAVE_MINIUPNPC_MINIUPNPC_H 1
#define HAVE_MINIUPNPC_UPNPCOMMANDS_H 1
#define HAVE_MINIUPNPC_UPNPERRORS_H 1
#define QT_STATICPLUGIN 1
#define QT_QPA_PLATFORM_XCB 1
#define HAVE_BOOST /**/
#define HAVE_BOOST_SYSTEM /**/
#define HAVE_BOOST_FILESYSTEM /**/
#define HAVE_BOOST_PROGRAM_OPTIONS /**/
#define HAVE_BOOST_THREAD /**/
#define HAVE_BOOST_CHRONO /**/
#define HAVE_WORKING_BOOST_SLEEP_FOR 1
#define ENABLE_ZMQ 0
#define HAVE_LIBCRYPTO 1
#define ENABLE_WALLET 1
#define USE_UPNP 0
#define USE_DBUS 1
#define USE_QRCODE 1
#define CLIENT_VERSION_MAJOR 1
#define CLIENT_VERSION_MINOR 1
#define CLIENT_VERSION_REVISION 0
#define CLIENT_VERSION_BUILD 6
#define CLIENT_VERSION_IS_RELEASE true
#define COPYRIGHT_YEAR 2018

configure: exit 0
